[2.950s] DEBUG:colcon:Command line arguments: ['/usr/bin/colcon', 'build']
[2.978s] DEBUG:colcon:Parsed command line arguments: Namespace(ament_cmake_args=None, base_paths=['.'], build_base='build', catkin_cmake_args=None, catkin_skip_building_tests=False, cmake_args=None, cmake_clean_cache=False, cmake_clean_first=False, cmake_force_configure=False, cmake_target=None, cmake_target_skip_unavailable=False, continue_on_error=False, event_handlers=None, executor='parallel', ignore_user_meta=False, install_base='install', log_base=None, log_level=None, main=<bound method BuildVerb.main of <colcon_core.verb.build.BuildVerb object at 0x7f3c65565d00>>, merge_install=False, metas=['./colcon.meta'], packages_above=None, packages_above_and_dependencies=None, packages_above_depth=None, packages_end=None, packages_ignore=None, packages_ignore_regex=None, packages_select=None, packages_select_build_failed=False, packages_select_by_dep=None, packages_select_regex=None, packages_select_test_failures=False, packages_skip=None, packages_skip_build_finished=False, packages_skip_by_dep=None, packages_skip_regex=None, packages_skip_test_passed=False, packages_skip_up_to=None, packages_start=None, packages_up_to=None, packages_up_to_regex=None, parallel_workers=8, paths=None, symlink_install=False, test_result_base=None, verb_extension=<colcon_core.verb.build.BuildVerb object at 0x7f3c65565d00>, verb_name='build', verb_parser=<colcon_defaults.argument_parser.defaults.DefaultArgumentsDecorator object at 0x7f3c654ef2b0>)
[3.238s] Level 1:colcon.colcon_core.package_discovery:discover_packages(colcon_meta) check parameters
[3.239s] Level 1:colcon.colcon_core.package_discovery:discover_packages(recursive) check parameters
[3.240s] Level 1:colcon.colcon_core.package_discovery:discover_packages(ignore) check parameters
[3.241s] Level 1:colcon.colcon_core.package_discovery:discover_packages(path) check parameters
[3.242s] Level 1:colcon.colcon_core.package_discovery:discover_packages(colcon_meta) discover
[3.244s] Level 1:colcon.colcon_core.package_discovery:discover_packages(recursive) discover
[3.245s] INFO:colcon.colcon_core.package_discovery:Crawling recursively for packages in '/mnt/c/Users/luisf/github/RoboticsSoftwareEngineerUdacity/GoChaseIt'
[3.248s] Level 1:colcon.colcon_core.package_identification:_identify(.) by extensions ['ignore', 'ignore_ament_install']
[3.249s] Level 1:colcon.colcon_core.package_identification:_identify(.) by extension 'ignore'
[3.252s] Level 1:colcon.colcon_core.package_identification:_identify(.) by extension 'ignore_ament_install'
[3.255s] Level 1:colcon.colcon_core.package_identification:_identify(.) by extensions ['colcon_pkg']
[3.256s] Level 1:colcon.colcon_core.package_identification:_identify(.) by extension 'colcon_pkg'
[3.258s] Level 1:colcon.colcon_core.package_identification:_identify(.) by extensions ['colcon_meta']
[3.258s] Level 1:colcon.colcon_core.package_identification:_identify(.) by extension 'colcon_meta'
[3.259s] Level 1:colcon.colcon_core.package_identification:_identify(.) by extensions ['ros']
[3.259s] Level 1:colcon.colcon_core.package_identification:_identify(.) by extension 'ros'
[3.326s] Level 1:colcon.colcon_core.package_identification:_identify(.) by extensions ['cmake', 'python']
[3.326s] Level 1:colcon.colcon_core.package_identification:_identify(.) by extension 'cmake'
[3.327s] Level 1:colcon.colcon_core.package_identification:_identify(.) by extension 'python'
[3.328s] Level 1:colcon.colcon_core.package_identification:_identify(.) by extensions ['python_setup_py']
[3.329s] Level 1:colcon.colcon_core.package_identification:_identify(.) by extension 'python_setup_py'
[3.339s] Level 1:colcon.colcon_core.package_identification:_identify(build) by extensions ['ignore', 'ignore_ament_install']
[3.339s] Level 1:colcon.colcon_core.package_identification:_identify(build) by extension 'ignore'
[3.342s] Level 1:colcon.colcon_core.package_identification:_identify(build) ignored
[3.346s] Level 1:colcon.colcon_core.package_identification:_identify(install) by extensions ['ignore', 'ignore_ament_install']
[3.347s] Level 1:colcon.colcon_core.package_identification:_identify(install) by extension 'ignore'
[3.349s] Level 1:colcon.colcon_core.package_identification:_identify(install) ignored
[3.356s] Level 1:colcon.colcon_core.package_identification:_identify(log) by extensions ['ignore', 'ignore_ament_install']
[3.356s] Level 1:colcon.colcon_core.package_identification:_identify(log) by extension 'ignore'
[3.357s] Level 1:colcon.colcon_core.package_identification:_identify(log) ignored
[3.361s] Level 1:colcon.colcon_core.package_identification:_identify(src) by extensions ['ignore', 'ignore_ament_install']
[3.361s] Level 1:colcon.colcon_core.package_identification:_identify(src) by extension 'ignore'
[3.362s] Level 1:colcon.colcon_core.package_identification:_identify(src) by extension 'ignore_ament_install'
[3.365s] Level 1:colcon.colcon_core.package_identification:_identify(src) by extensions ['colcon_pkg']
[3.366s] Level 1:colcon.colcon_core.package_identification:_identify(src) by extension 'colcon_pkg'
[3.367s] Level 1:colcon.colcon_core.package_identification:_identify(src) by extensions ['colcon_meta']
[3.367s] Level 1:colcon.colcon_core.package_identification:_identify(src) by extension 'colcon_meta'
[3.368s] Level 1:colcon.colcon_core.package_identification:_identify(src) by extensions ['ros']
[3.369s] Level 1:colcon.colcon_core.package_identification:_identify(src) by extension 'ros'
[3.373s] Level 1:colcon.colcon_core.package_identification:_identify(src) by extensions ['cmake', 'python']
[3.374s] Level 1:colcon.colcon_core.package_identification:_identify(src) by extension 'cmake'
[3.375s] Level 1:colcon.colcon_core.package_identification:_identify(src) by extension 'python'
[3.376s] Level 1:colcon.colcon_core.package_identification:_identify(src) by extensions ['python_setup_py']
[3.376s] Level 1:colcon.colcon_core.package_identification:_identify(src) by extension 'python_setup_py'
[3.383s] Level 1:colcon.colcon_core.package_identification:_identify(src/my_robot) by extensions ['ignore', 'ignore_ament_install']
[3.384s] Level 1:colcon.colcon_core.package_identification:_identify(src/my_robot) by extension 'ignore'
[3.386s] Level 1:colcon.colcon_core.package_identification:_identify(src/my_robot) by extension 'ignore_ament_install'
[3.389s] Level 1:colcon.colcon_core.package_identification:_identify(src/my_robot) by extensions ['colcon_pkg']
[3.389s] Level 1:colcon.colcon_core.package_identification:_identify(src/my_robot) by extension 'colcon_pkg'
[3.391s] Level 1:colcon.colcon_core.package_identification:_identify(src/my_robot) by extensions ['colcon_meta']
[3.392s] Level 1:colcon.colcon_core.package_identification:_identify(src/my_robot) by extension 'colcon_meta'
[3.394s] Level 1:colcon.colcon_core.package_identification:_identify(src/my_robot) by extensions ['ros']
[3.395s] Level 1:colcon.colcon_core.package_identification:_identify(src/my_robot) by extension 'ros'
[3.420s] DEBUG:colcon.colcon_core.package_identification:Package 'src/my_robot' with type 'ros.ament_cmake' and name 'my_robot'
[3.429s] Level 1:colcon.colcon_core.package_identification:_identify(src/robot_spawner_pkg) by extensions ['ignore', 'ignore_ament_install']
[3.430s] Level 1:colcon.colcon_core.package_identification:_identify(src/robot_spawner_pkg) by extension 'ignore'
[3.433s] Level 1:colcon.colcon_core.package_identification:_identify(src/robot_spawner_pkg) by extension 'ignore_ament_install'
[3.437s] Level 1:colcon.colcon_core.package_identification:_identify(src/robot_spawner_pkg) by extensions ['colcon_pkg']
[3.437s] Level 1:colcon.colcon_core.package_identification:_identify(src/robot_spawner_pkg) by extension 'colcon_pkg'
[3.439s] Level 1:colcon.colcon_core.package_identification:_identify(src/robot_spawner_pkg) by extensions ['colcon_meta']
[3.440s] Level 1:colcon.colcon_core.package_identification:_identify(src/robot_spawner_pkg) by extension 'colcon_meta'
[3.443s] Level 1:colcon.colcon_core.package_identification:_identify(src/robot_spawner_pkg) by extensions ['ros']
[3.444s] Level 1:colcon.colcon_core.package_identification:_identify(src/robot_spawner_pkg) by extension 'ros'
[3.481s] DEBUG:colcon.colcon_core.package_identification:Package 'src/robot_spawner_pkg' with type 'ros.ament_python' and name 'robot_spawner_pkg'
[3.482s] Level 1:colcon.colcon_core.package_discovery:discover_packages(recursive) using defaults
[3.482s] Level 1:colcon.colcon_core.package_discovery:discover_packages(ignore) discover
[3.482s] Level 1:colcon.colcon_core.package_discovery:discover_packages(ignore) using defaults
[3.483s] Level 1:colcon.colcon_core.package_discovery:discover_packages(path) discover
[3.484s] Level 1:colcon.colcon_core.package_discovery:discover_packages(path) using defaults
[3.649s] Level 5:colcon.colcon_core.verb:set package 'my_robot' build argument 'cmake_args' from command line to 'None'
[3.650s] Level 5:colcon.colcon_core.verb:set package 'my_robot' build argument 'cmake_target' from command line to 'None'
[3.650s] Level 5:colcon.colcon_core.verb:set package 'my_robot' build argument 'cmake_target_skip_unavailable' from command line to 'False'
[3.652s] Level 5:colcon.colcon_core.verb:set package 'my_robot' build argument 'cmake_clean_cache' from command line to 'False'
[3.652s] Level 5:colcon.colcon_core.verb:set package 'my_robot' build argument 'cmake_clean_first' from command line to 'False'
[3.653s] Level 5:colcon.colcon_core.verb:set package 'my_robot' build argument 'cmake_force_configure' from command line to 'False'
[3.653s] Level 5:colcon.colcon_core.verb:set package 'my_robot' build argument 'ament_cmake_args' from command line to 'None'
[3.654s] Level 5:colcon.colcon_core.verb:set package 'my_robot' build argument 'catkin_cmake_args' from command line to 'None'
[3.655s] Level 5:colcon.colcon_core.verb:set package 'my_robot' build argument 'catkin_skip_building_tests' from command line to 'False'
[3.656s] DEBUG:colcon.colcon_core.verb:Building package 'my_robot' with the following arguments: {'ament_cmake_args': None, 'build_base': '/mnt/c/Users/luisf/github/RoboticsSoftwareEngineerUdacity/GoChaseIt/build/my_robot', 'catkin_cmake_args': None, 'catkin_skip_building_tests': False, 'cmake_args': None, 'cmake_clean_cache': False, 'cmake_clean_first': False, 'cmake_force_configure': False, 'cmake_target': None, 'cmake_target_skip_unavailable': False, 'install_base': '/mnt/c/Users/luisf/github/RoboticsSoftwareEngineerUdacity/GoChaseIt/install/my_robot', 'merge_install': False, 'path': '/mnt/c/Users/luisf/github/RoboticsSoftwareEngineerUdacity/GoChaseIt/src/my_robot', 'symlink_install': False, 'test_result_base': None}
[3.665s] Level 5:colcon.colcon_core.verb:set package 'robot_spawner_pkg' build argument 'cmake_args' from command line to 'None'
[3.666s] Level 5:colcon.colcon_core.verb:set package 'robot_spawner_pkg' build argument 'cmake_target' from command line to 'None'
[3.667s] Level 5:colcon.colcon_core.verb:set package 'robot_spawner_pkg' build argument 'cmake_target_skip_unavailable' from command line to 'False'
[3.667s] Level 5:colcon.colcon_core.verb:set package 'robot_spawner_pkg' build argument 'cmake_clean_cache' from command line to 'False'
[3.668s] Level 5:colcon.colcon_core.verb:set package 'robot_spawner_pkg' build argument 'cmake_clean_first' from command line to 'False'
[3.668s] Level 5:colcon.colcon_core.verb:set package 'robot_spawner_pkg' build argument 'cmake_force_configure' from command line to 'False'
[3.669s] Level 5:colcon.colcon_core.verb:set package 'robot_spawner_pkg' build argument 'ament_cmake_args' from command line to 'None'
[3.669s] Level 5:colcon.colcon_core.verb:set package 'robot_spawner_pkg' build argument 'catkin_cmake_args' from command line to 'None'
[3.670s] Level 5:colcon.colcon_core.verb:set package 'robot_spawner_pkg' build argument 'catkin_skip_building_tests' from command line to 'False'
[3.670s] DEBUG:colcon.colcon_core.verb:Building package 'robot_spawner_pkg' with the following arguments: {'ament_cmake_args': None, 'build_base': '/mnt/c/Users/luisf/github/RoboticsSoftwareEngineerUdacity/GoChaseIt/build/robot_spawner_pkg', 'catkin_cmake_args': None, 'catkin_skip_building_tests': False, 'cmake_args': None, 'cmake_clean_cache': False, 'cmake_clean_first': False, 'cmake_force_configure': False, 'cmake_target': None, 'cmake_target_skip_unavailable': False, 'install_base': '/mnt/c/Users/luisf/github/RoboticsSoftwareEngineerUdacity/GoChaseIt/install/robot_spawner_pkg', 'merge_install': False, 'path': '/mnt/c/Users/luisf/github/RoboticsSoftwareEngineerUdacity/GoChaseIt/src/robot_spawner_pkg', 'symlink_install': False, 'test_result_base': None}
[3.672s] INFO:colcon.colcon_core.executor:Executing jobs using 'parallel' executor
[3.679s] DEBUG:colcon.colcon_parallel_executor.executor.parallel:run_until_complete
[3.679s] INFO:colcon.colcon_ros.task.ament_cmake.build:Building ROS package in '/mnt/c/Users/luisf/github/RoboticsSoftwareEngineerUdacity/GoChaseIt/src/my_robot' with build type 'ament_cmake'
[3.680s] INFO:colcon.colcon_cmake.task.cmake.build:Building CMake package in '/mnt/c/Users/luisf/github/RoboticsSoftwareEngineerUdacity/GoChaseIt/src/my_robot'
[3.716s] INFO:colcon.colcon_core.plugin_system:Skipping extension 'colcon_core.shell.bat': Not used on non-Windows systems
[3.716s] INFO:colcon.colcon_core.shell:Skip shell extension 'powershell' for command environment: Not usable outside of PowerShell
[3.717s] DEBUG:colcon.colcon_core.shell:Skip shell extension 'dsv' for command environment
[3.731s] WARNING:colcon.colcon_ros.prefix_path.ament:The path '/mnt/c/Users/luisf/github/RoboticsSoftwareEngineerUdacity/GoChaseIt/install/robot_spawner' in the environment variable AMENT_PREFIX_PATH doesn't exist
[3.733s] WARNING:colcon.colcon_ros.prefix_path.ament:The path '/mnt/c/Users/luisf/github/RoboticsSoftwareEngineerUdacity/GoChaseIt/install/my_robot' in the environment variable AMENT_PREFIX_PATH doesn't exist
[3.797s] WARNING:colcon.colcon_ros.prefix_path.catkin:The path '/mnt/c/Users/luisf/github/RoboticsSoftwareEngineerUdacity/GoChaseIt/install/my_robot' in the environment variable CMAKE_PREFIX_PATH doesn't exist
[3.908s] DEBUG:colcon.colcon_core.shell:Ignoring prefix path '/opt/ros/foxy'
[3.928s] INFO:colcon.colcon_ros.task.ament_python.build:Building ROS package in '/mnt/c/Users/luisf/github/RoboticsSoftwareEngineerUdacity/GoChaseIt/src/robot_spawner_pkg' with build type 'ament_python'
[3.930s] Level 1:colcon.colcon_core.shell:create_environment_hook('robot_spawner_pkg', 'ament_prefix_path')
[3.933s] INFO:colcon.colcon_core.shell:Creating environment hook '/mnt/c/Users/luisf/github/RoboticsSoftwareEngineerUdacity/GoChaseIt/install/robot_spawner_pkg/share/robot_spawner_pkg/hook/ament_prefix_path.ps1'
[3.973s] INFO:colcon.colcon_core.shell:Creating environment descriptor '/mnt/c/Users/luisf/github/RoboticsSoftwareEngineerUdacity/GoChaseIt/install/robot_spawner_pkg/share/robot_spawner_pkg/hook/ament_prefix_path.dsv'
[4.000s] INFO:colcon.colcon_core.shell:Creating environment hook '/mnt/c/Users/luisf/github/RoboticsSoftwareEngineerUdacity/GoChaseIt/install/robot_spawner_pkg/share/robot_spawner_pkg/hook/ament_prefix_path.sh'
[4.027s] INFO:colcon.colcon_core.shell:Skip shell extension 'powershell' for command environment: Not usable outside of PowerShell
[4.028s] DEBUG:colcon.colcon_core.shell:Skip shell extension 'dsv' for command environment
[4.261s] DEBUG:colcon.colcon_core.shell:Ignoring prefix path '/opt/ros/foxy'
[4.362s] DEBUG:colcon.colcon_core.event_handler.log_command:Invoking command in '/mnt/c/Users/luisf/github/RoboticsSoftwareEngineerUdacity/GoChaseIt/build/my_robot': CMAKE_PREFIX_PATH=${CMAKE_PREFIX_PATH}:/mnt/c/Users/luisf/github/RoboticsSoftwareEngineerUdacity/GoChaseIt/install/robot_spawner:/mnt/c/Users/luisf/github/Udemy-Ros2/install/my_py_pkg:/home/luis/ros2_foxy/install/ros2bag:/home/luis/ros2_foxy/install/tracetools_launch:/home/luis/ros2_foxy/install/topic_monitor:/home/luis/ros2_foxy/install/examples_tf2_py:/home/luis/ros2_foxy/install/sros2:/home/luis/ros2_foxy/install/rqt_topic:/home/luis/ros2_foxy/install/rqt_top:/home/luis/ros2_foxy/install/rqt_srv:/home/luis/ros2_foxy/install/rqt_shell:/home/luis/ros2_foxy/install/rqt_service_caller:/home/luis/ros2_foxy/install/rqt_reconfigure:/home/luis/ros2_foxy/install/rqt_py_console:/home/luis/ros2_foxy/install/rqt_publisher:/home/luis/ros2_foxy/install/rqt_plot:/home/luis/ros2_foxy/install/rqt_action:/home/luis/ros2_foxy/install/rqt_msg:/home/luis/ros2_foxy/install/rqt:/home/luis/ros2_foxy/install/rqt_graph:/home/luis/ros2_foxy/install/rqt_gui_py:/home/luis/ros2_foxy/install/rqt_gui:/home/luis/ros2_foxy/install/ros2trace:/home/luis/ros2_foxy/install/ros2topic:/home/luis/ros2_foxy/install/ros2test:/home/luis/ros2_foxy/install/ros2component:/home/luis/ros2_foxy/install/ros2param:/home/luis/ros2_foxy/install/ros2lifecycle:/home/luis/ros2_foxy/install/ros2service:/home/luis/ros2_foxy/install/ros2run:/home/luis/ros2_foxy/install/ros2launch:/home/luis/ros2_foxy/install/ros2pkg:/home/luis/ros2_foxy/install/ros2node:/home/luis/ros2_foxy/install/ros2multicast:/home/luis/ros2_foxy/install/ros2interface:/home/luis/ros2_foxy/install/ros2doctor:/home/luis/ros2_foxy/install/ros2action:/home/luis/ros2_foxy/install/ros2cli:/home/luis/ros2_foxy/install/quality_of_service_demo_py:/home/luis/ros2_foxy/install/launch_testing_ros:/home/luis/ros2_foxy/install/launch_ros:/home/luis/ros2_foxy/install/examples_rclpy_minimal_subscriber:/home/luis/ros2_foxy/install/examples_rclpy_minimal_service:/home/luis/ros2_foxy/install/examples_rclpy_minimal_publisher:/home/luis/ros2_foxy/install/examples_rclpy_minimal_client:/home/luis/ros2_foxy/install/examples_rclpy_minimal_action_server:/home/luis/ros2_foxy/install/examples_rclpy_minimal_action_client:/home/luis/ros2_foxy/install/examples_rclpy_executors:/home/luis/ros2_foxy/install/demo_nodes_py:/home/luis/ros2_foxy/install/action_tutorials_py:/home/luis/ros2_foxy/install/ament_uncrustify:/home/luis/ros2_foxy/install/tracetools_trace:/home/luis/ros2_foxy/install/tracetools_read:/home/luis/ros2_foxy/install/test_launch_ros:/home/luis/ros2_foxy/install/sensor_msgs_py:/home/luis/ros2_foxy/install/rpyutils:/home/luis/ros2_foxy/install/rosidl_runtime_py:/home/luis/ros2_foxy/install/launch_yaml:/home/luis/ros2_foxy/install/launch_xml:/home/luis/ros2_foxy/install/launch_testing:/home/luis/ros2_foxy/install/launch:/home/luis/ros2_foxy/install/osrf_pycommon:/home/luis/ros2_foxy/install/domain_coordinator:/home/luis/ros2_foxy/install/ament_xmllint:/home/luis/ros2_foxy/install/ament_pyflakes:/home/luis/ros2_foxy/install/ament_pycodestyle:/home/luis/ros2_foxy/install/ament_pep257:/home/luis/ros2_foxy/install/ament_pclint:/home/luis/ros2_foxy/install/ament_package:/home/luis/ros2_foxy/install/ament_mypy:/home/luis/ros2_foxy/install/ament_lint_cmake:/home/luis/ros2_foxy/install/ament_flake8:/home/luis/ros2_foxy/install/ament_copyright:/home/luis/ros2_foxy/install/ament_lint:/home/luis/ros2_foxy/install/ament_index_python:/home/luis/ros2_foxy/install/ament_cpplint:/home/luis/ros2_foxy/install/ament_cppcheck:/home/luis/ros2_foxy/install/ament_clang_tidy:/home/luis/ros2_foxy/install/ament_clang_format:/opt/ros/foxy /usr/bin/cmake /mnt/c/Users/luisf/github/RoboticsSoftwareEngineerUdacity/GoChaseIt/src/my_robot -DCMAKE_INSTALL_PREFIX=/mnt/c/Users/luisf/github/RoboticsSoftwareEngineerUdacity/GoChaseIt/install/my_robot
[10.966s] INFO:colcon.colcon_core.task.python.build:Building Python package in '/mnt/c/Users/luisf/github/RoboticsSoftwareEngineerUdacity/GoChaseIt/src/robot_spawner_pkg'
[10.969s] INFO:colcon.colcon_core.shell:Skip shell extension 'powershell' for command environment: Not usable outside of PowerShell
[10.969s] DEBUG:colcon.colcon_core.shell:Skip shell extension 'dsv' for command environment
[11.158s] DEBUG:colcon.colcon_core.shell:Ignoring prefix path '/opt/ros/foxy'
[11.317s] DEBUG:colcon.colcon_core.event_handler.log_command:Invoking command in '/mnt/c/Users/luisf/github/RoboticsSoftwareEngineerUdacity/GoChaseIt/src/robot_spawner_pkg': PYTHONPATH=/mnt/c/Users/luisf/github/RoboticsSoftwareEngineerUdacity/GoChaseIt/install/robot_spawner_pkg/lib/python3.8/site-packages:${PYTHONPATH} /usr/bin/python3 setup.py egg_info --egg-base ../../build/robot_spawner_pkg build --build-base /mnt/c/Users/luisf/github/RoboticsSoftwareEngineerUdacity/GoChaseIt/build/robot_spawner_pkg/build install --prefix /mnt/c/Users/luisf/github/RoboticsSoftwareEngineerUdacity/GoChaseIt/install/robot_spawner_pkg --record /mnt/c/Users/luisf/github/RoboticsSoftwareEngineerUdacity/GoChaseIt/build/robot_spawner_pkg/install.log --single-version-externally-managed
[27.166s] DEBUG:colcon.colcon_core.event_handler.log_command:Invoked command in '/mnt/c/Users/luisf/github/RoboticsSoftwareEngineerUdacity/GoChaseIt/src/robot_spawner_pkg' returned '0': PYTHONPATH=/mnt/c/Users/luisf/github/RoboticsSoftwareEngineerUdacity/GoChaseIt/install/robot_spawner_pkg/lib/python3.8/site-packages:${PYTHONPATH} /usr/bin/python3 setup.py egg_info --egg-base ../../build/robot_spawner_pkg build --build-base /mnt/c/Users/luisf/github/RoboticsSoftwareEngineerUdacity/GoChaseIt/build/robot_spawner_pkg/build install --prefix /mnt/c/Users/luisf/github/RoboticsSoftwareEngineerUdacity/GoChaseIt/install/robot_spawner_pkg --record /mnt/c/Users/luisf/github/RoboticsSoftwareEngineerUdacity/GoChaseIt/build/robot_spawner_pkg/install.log --single-version-externally-managed
[27.195s] Level 1:colcon.colcon_core.environment:checking '/mnt/c/Users/luisf/github/RoboticsSoftwareEngineerUdacity/GoChaseIt/install/robot_spawner_pkg' for CMake module files
[27.275s] Level 1:colcon.colcon_core.environment:checking '/mnt/c/Users/luisf/github/RoboticsSoftwareEngineerUdacity/GoChaseIt/install/robot_spawner_pkg' for CMake config files
[27.418s] Level 1:colcon.colcon_core.environment:checking '/mnt/c/Users/luisf/github/RoboticsSoftwareEngineerUdacity/GoChaseIt/install/robot_spawner_pkg/lib'
[27.425s] Level 1:colcon.colcon_core.environment:checking '/mnt/c/Users/luisf/github/RoboticsSoftwareEngineerUdacity/GoChaseIt/install/robot_spawner_pkg/bin'
[27.428s] Level 1:colcon.colcon_core.environment:checking '/mnt/c/Users/luisf/github/RoboticsSoftwareEngineerUdacity/GoChaseIt/install/robot_spawner_pkg/lib/pkgconfig/robot_spawner_pkg.pc'
[27.430s] Level 1:colcon.colcon_core.environment:checking '/mnt/c/Users/luisf/github/RoboticsSoftwareEngineerUdacity/GoChaseIt/install/robot_spawner_pkg/lib/python3.8/site-packages'
[27.436s] Level 1:colcon.colcon_core.shell:create_environment_hook('robot_spawner_pkg', 'pythonpath')
[27.437s] INFO:colcon.colcon_core.shell:Creating environment hook '/mnt/c/Users/luisf/github/RoboticsSoftwareEngineerUdacity/GoChaseIt/install/robot_spawner_pkg/share/robot_spawner_pkg/hook/pythonpath.ps1'
[27.464s] INFO:colcon.colcon_core.shell:Creating environment descriptor '/mnt/c/Users/luisf/github/RoboticsSoftwareEngineerUdacity/GoChaseIt/install/robot_spawner_pkg/share/robot_spawner_pkg/hook/pythonpath.dsv'
[27.488s] INFO:colcon.colcon_core.shell:Creating environment hook '/mnt/c/Users/luisf/github/RoboticsSoftwareEngineerUdacity/GoChaseIt/install/robot_spawner_pkg/share/robot_spawner_pkg/hook/pythonpath.sh'
[27.517s] Level 1:colcon.colcon_core.environment:create_environment_scripts_only(robot_spawner_pkg)
[27.518s] INFO:colcon.colcon_core.shell:Creating package script '/mnt/c/Users/luisf/github/RoboticsSoftwareEngineerUdacity/GoChaseIt/install/robot_spawner_pkg/share/robot_spawner_pkg/package.ps1'
[27.543s] INFO:colcon.colcon_core.shell:Creating package descriptor '/mnt/c/Users/luisf/github/RoboticsSoftwareEngineerUdacity/GoChaseIt/install/robot_spawner_pkg/share/robot_spawner_pkg/package.dsv'
[27.569s] INFO:colcon.colcon_core.shell:Creating package script '/mnt/c/Users/luisf/github/RoboticsSoftwareEngineerUdacity/GoChaseIt/install/robot_spawner_pkg/share/robot_spawner_pkg/package.sh'
[27.590s] INFO:colcon.colcon_core.shell:Creating package script '/mnt/c/Users/luisf/github/RoboticsSoftwareEngineerUdacity/GoChaseIt/install/robot_spawner_pkg/share/robot_spawner_pkg/package.bash'
[27.618s] INFO:colcon.colcon_core.shell:Creating package script '/mnt/c/Users/luisf/github/RoboticsSoftwareEngineerUdacity/GoChaseIt/install/robot_spawner_pkg/share/robot_spawner_pkg/package.zsh'
[27.641s] Level 1:colcon.colcon_core.environment:create_file_with_runtime_dependencies(/mnt/c/Users/luisf/github/RoboticsSoftwareEngineerUdacity/GoChaseIt/install/robot_spawner_pkg/share/colcon-core/packages/robot_spawner_pkg)
[64.058s] DEBUG:colcon.colcon_core.event_handler.log_command:Invoked command in '/mnt/c/Users/luisf/github/RoboticsSoftwareEngineerUdacity/GoChaseIt/build/my_robot' returned '0': CMAKE_PREFIX_PATH=${CMAKE_PREFIX_PATH}:/mnt/c/Users/luisf/github/RoboticsSoftwareEngineerUdacity/GoChaseIt/install/robot_spawner:/mnt/c/Users/luisf/github/Udemy-Ros2/install/my_py_pkg:/home/luis/ros2_foxy/install/ros2bag:/home/luis/ros2_foxy/install/tracetools_launch:/home/luis/ros2_foxy/install/topic_monitor:/home/luis/ros2_foxy/install/examples_tf2_py:/home/luis/ros2_foxy/install/sros2:/home/luis/ros2_foxy/install/rqt_topic:/home/luis/ros2_foxy/install/rqt_top:/home/luis/ros2_foxy/install/rqt_srv:/home/luis/ros2_foxy/install/rqt_shell:/home/luis/ros2_foxy/install/rqt_service_caller:/home/luis/ros2_foxy/install/rqt_reconfigure:/home/luis/ros2_foxy/install/rqt_py_console:/home/luis/ros2_foxy/install/rqt_publisher:/home/luis/ros2_foxy/install/rqt_plot:/home/luis/ros2_foxy/install/rqt_action:/home/luis/ros2_foxy/install/rqt_msg:/home/luis/ros2_foxy/install/rqt:/home/luis/ros2_foxy/install/rqt_graph:/home/luis/ros2_foxy/install/rqt_gui_py:/home/luis/ros2_foxy/install/rqt_gui:/home/luis/ros2_foxy/install/ros2trace:/home/luis/ros2_foxy/install/ros2topic:/home/luis/ros2_foxy/install/ros2test:/home/luis/ros2_foxy/install/ros2component:/home/luis/ros2_foxy/install/ros2param:/home/luis/ros2_foxy/install/ros2lifecycle:/home/luis/ros2_foxy/install/ros2service:/home/luis/ros2_foxy/install/ros2run:/home/luis/ros2_foxy/install/ros2launch:/home/luis/ros2_foxy/install/ros2pkg:/home/luis/ros2_foxy/install/ros2node:/home/luis/ros2_foxy/install/ros2multicast:/home/luis/ros2_foxy/install/ros2interface:/home/luis/ros2_foxy/install/ros2doctor:/home/luis/ros2_foxy/install/ros2action:/home/luis/ros2_foxy/install/ros2cli:/home/luis/ros2_foxy/install/quality_of_service_demo_py:/home/luis/ros2_foxy/install/launch_testing_ros:/home/luis/ros2_foxy/install/launch_ros:/home/luis/ros2_foxy/install/examples_rclpy_minimal_subscriber:/home/luis/ros2_foxy/install/examples_rclpy_minimal_service:/home/luis/ros2_foxy/install/examples_rclpy_minimal_publisher:/home/luis/ros2_foxy/install/examples_rclpy_minimal_client:/home/luis/ros2_foxy/install/examples_rclpy_minimal_action_server:/home/luis/ros2_foxy/install/examples_rclpy_minimal_action_client:/home/luis/ros2_foxy/install/examples_rclpy_executors:/home/luis/ros2_foxy/install/demo_nodes_py:/home/luis/ros2_foxy/install/action_tutorials_py:/home/luis/ros2_foxy/install/ament_uncrustify:/home/luis/ros2_foxy/install/tracetools_trace:/home/luis/ros2_foxy/install/tracetools_read:/home/luis/ros2_foxy/install/test_launch_ros:/home/luis/ros2_foxy/install/sensor_msgs_py:/home/luis/ros2_foxy/install/rpyutils:/home/luis/ros2_foxy/install/rosidl_runtime_py:/home/luis/ros2_foxy/install/launch_yaml:/home/luis/ros2_foxy/install/launch_xml:/home/luis/ros2_foxy/install/launch_testing:/home/luis/ros2_foxy/install/launch:/home/luis/ros2_foxy/install/osrf_pycommon:/home/luis/ros2_foxy/install/domain_coordinator:/home/luis/ros2_foxy/install/ament_xmllint:/home/luis/ros2_foxy/install/ament_pyflakes:/home/luis/ros2_foxy/install/ament_pycodestyle:/home/luis/ros2_foxy/install/ament_pep257:/home/luis/ros2_foxy/install/ament_pclint:/home/luis/ros2_foxy/install/ament_package:/home/luis/ros2_foxy/install/ament_mypy:/home/luis/ros2_foxy/install/ament_lint_cmake:/home/luis/ros2_foxy/install/ament_flake8:/home/luis/ros2_foxy/install/ament_copyright:/home/luis/ros2_foxy/install/ament_lint:/home/luis/ros2_foxy/install/ament_index_python:/home/luis/ros2_foxy/install/ament_cpplint:/home/luis/ros2_foxy/install/ament_cppcheck:/home/luis/ros2_foxy/install/ament_clang_tidy:/home/luis/ros2_foxy/install/ament_clang_format:/opt/ros/foxy /usr/bin/cmake /mnt/c/Users/luisf/github/RoboticsSoftwareEngineerUdacity/GoChaseIt/src/my_robot -DCMAKE_INSTALL_PREFIX=/mnt/c/Users/luisf/github/RoboticsSoftwareEngineerUdacity/GoChaseIt/install/my_robot
[64.138s] DEBUG:colcon.colcon_core.event_handler.log_command:Invoking command in '/mnt/c/Users/luisf/github/RoboticsSoftwareEngineerUdacity/GoChaseIt/build/my_robot': CMAKE_PREFIX_PATH=${CMAKE_PREFIX_PATH}:/mnt/c/Users/luisf/github/RoboticsSoftwareEngineerUdacity/GoChaseIt/install/robot_spawner:/mnt/c/Users/luisf/github/Udemy-Ros2/install/my_py_pkg:/home/luis/ros2_foxy/install/ros2bag:/home/luis/ros2_foxy/install/tracetools_launch:/home/luis/ros2_foxy/install/topic_monitor:/home/luis/ros2_foxy/install/examples_tf2_py:/home/luis/ros2_foxy/install/sros2:/home/luis/ros2_foxy/install/rqt_topic:/home/luis/ros2_foxy/install/rqt_top:/home/luis/ros2_foxy/install/rqt_srv:/home/luis/ros2_foxy/install/rqt_shell:/home/luis/ros2_foxy/install/rqt_service_caller:/home/luis/ros2_foxy/install/rqt_reconfigure:/home/luis/ros2_foxy/install/rqt_py_console:/home/luis/ros2_foxy/install/rqt_publisher:/home/luis/ros2_foxy/install/rqt_plot:/home/luis/ros2_foxy/install/rqt_action:/home/luis/ros2_foxy/install/rqt_msg:/home/luis/ros2_foxy/install/rqt:/home/luis/ros2_foxy/install/rqt_graph:/home/luis/ros2_foxy/install/rqt_gui_py:/home/luis/ros2_foxy/install/rqt_gui:/home/luis/ros2_foxy/install/ros2trace:/home/luis/ros2_foxy/install/ros2topic:/home/luis/ros2_foxy/install/ros2test:/home/luis/ros2_foxy/install/ros2component:/home/luis/ros2_foxy/install/ros2param:/home/luis/ros2_foxy/install/ros2lifecycle:/home/luis/ros2_foxy/install/ros2service:/home/luis/ros2_foxy/install/ros2run:/home/luis/ros2_foxy/install/ros2launch:/home/luis/ros2_foxy/install/ros2pkg:/home/luis/ros2_foxy/install/ros2node:/home/luis/ros2_foxy/install/ros2multicast:/home/luis/ros2_foxy/install/ros2interface:/home/luis/ros2_foxy/install/ros2doctor:/home/luis/ros2_foxy/install/ros2action:/home/luis/ros2_foxy/install/ros2cli:/home/luis/ros2_foxy/install/quality_of_service_demo_py:/home/luis/ros2_foxy/install/launch_testing_ros:/home/luis/ros2_foxy/install/launch_ros:/home/luis/ros2_foxy/install/examples_rclpy_minimal_subscriber:/home/luis/ros2_foxy/install/examples_rclpy_minimal_service:/home/luis/ros2_foxy/install/examples_rclpy_minimal_publisher:/home/luis/ros2_foxy/install/examples_rclpy_minimal_client:/home/luis/ros2_foxy/install/examples_rclpy_minimal_action_server:/home/luis/ros2_foxy/install/examples_rclpy_minimal_action_client:/home/luis/ros2_foxy/install/examples_rclpy_executors:/home/luis/ros2_foxy/install/demo_nodes_py:/home/luis/ros2_foxy/install/action_tutorials_py:/home/luis/ros2_foxy/install/ament_uncrustify:/home/luis/ros2_foxy/install/tracetools_trace:/home/luis/ros2_foxy/install/tracetools_read:/home/luis/ros2_foxy/install/test_launch_ros:/home/luis/ros2_foxy/install/sensor_msgs_py:/home/luis/ros2_foxy/install/rpyutils:/home/luis/ros2_foxy/install/rosidl_runtime_py:/home/luis/ros2_foxy/install/launch_yaml:/home/luis/ros2_foxy/install/launch_xml:/home/luis/ros2_foxy/install/launch_testing:/home/luis/ros2_foxy/install/launch:/home/luis/ros2_foxy/install/osrf_pycommon:/home/luis/ros2_foxy/install/domain_coordinator:/home/luis/ros2_foxy/install/ament_xmllint:/home/luis/ros2_foxy/install/ament_pyflakes:/home/luis/ros2_foxy/install/ament_pycodestyle:/home/luis/ros2_foxy/install/ament_pep257:/home/luis/ros2_foxy/install/ament_pclint:/home/luis/ros2_foxy/install/ament_package:/home/luis/ros2_foxy/install/ament_mypy:/home/luis/ros2_foxy/install/ament_lint_cmake:/home/luis/ros2_foxy/install/ament_flake8:/home/luis/ros2_foxy/install/ament_copyright:/home/luis/ros2_foxy/install/ament_lint:/home/luis/ros2_foxy/install/ament_index_python:/home/luis/ros2_foxy/install/ament_cpplint:/home/luis/ros2_foxy/install/ament_cppcheck:/home/luis/ros2_foxy/install/ament_clang_tidy:/home/luis/ros2_foxy/install/ament_clang_format:/opt/ros/foxy /usr/bin/cmake --build /mnt/c/Users/luisf/github/RoboticsSoftwareEngineerUdacity/GoChaseIt/build/my_robot -- -j8 -l8
[68.591s] DEBUG:colcon.colcon_core.event_handler.log_command:Invoked command in '/mnt/c/Users/luisf/github/RoboticsSoftwareEngineerUdacity/GoChaseIt/build/my_robot' returned '0': CMAKE_PREFIX_PATH=${CMAKE_PREFIX_PATH}:/mnt/c/Users/luisf/github/RoboticsSoftwareEngineerUdacity/GoChaseIt/install/robot_spawner:/mnt/c/Users/luisf/github/Udemy-Ros2/install/my_py_pkg:/home/luis/ros2_foxy/install/ros2bag:/home/luis/ros2_foxy/install/tracetools_launch:/home/luis/ros2_foxy/install/topic_monitor:/home/luis/ros2_foxy/install/examples_tf2_py:/home/luis/ros2_foxy/install/sros2:/home/luis/ros2_foxy/install/rqt_topic:/home/luis/ros2_foxy/install/rqt_top:/home/luis/ros2_foxy/install/rqt_srv:/home/luis/ros2_foxy/install/rqt_shell:/home/luis/ros2_foxy/install/rqt_service_caller:/home/luis/ros2_foxy/install/rqt_reconfigure:/home/luis/ros2_foxy/install/rqt_py_console:/home/luis/ros2_foxy/install/rqt_publisher:/home/luis/ros2_foxy/install/rqt_plot:/home/luis/ros2_foxy/install/rqt_action:/home/luis/ros2_foxy/install/rqt_msg:/home/luis/ros2_foxy/install/rqt:/home/luis/ros2_foxy/install/rqt_graph:/home/luis/ros2_foxy/install/rqt_gui_py:/home/luis/ros2_foxy/install/rqt_gui:/home/luis/ros2_foxy/install/ros2trace:/home/luis/ros2_foxy/install/ros2topic:/home/luis/ros2_foxy/install/ros2test:/home/luis/ros2_foxy/install/ros2component:/home/luis/ros2_foxy/install/ros2param:/home/luis/ros2_foxy/install/ros2lifecycle:/home/luis/ros2_foxy/install/ros2service:/home/luis/ros2_foxy/install/ros2run:/home/luis/ros2_foxy/install/ros2launch:/home/luis/ros2_foxy/install/ros2pkg:/home/luis/ros2_foxy/install/ros2node:/home/luis/ros2_foxy/install/ros2multicast:/home/luis/ros2_foxy/install/ros2interface:/home/luis/ros2_foxy/install/ros2doctor:/home/luis/ros2_foxy/install/ros2action:/home/luis/ros2_foxy/install/ros2cli:/home/luis/ros2_foxy/install/quality_of_service_demo_py:/home/luis/ros2_foxy/install/launch_testing_ros:/home/luis/ros2_foxy/install/launch_ros:/home/luis/ros2_foxy/install/examples_rclpy_minimal_subscriber:/home/luis/ros2_foxy/install/examples_rclpy_minimal_service:/home/luis/ros2_foxy/install/examples_rclpy_minimal_publisher:/home/luis/ros2_foxy/install/examples_rclpy_minimal_client:/home/luis/ros2_foxy/install/examples_rclpy_minimal_action_server:/home/luis/ros2_foxy/install/examples_rclpy_minimal_action_client:/home/luis/ros2_foxy/install/examples_rclpy_executors:/home/luis/ros2_foxy/install/demo_nodes_py:/home/luis/ros2_foxy/install/action_tutorials_py:/home/luis/ros2_foxy/install/ament_uncrustify:/home/luis/ros2_foxy/install/tracetools_trace:/home/luis/ros2_foxy/install/tracetools_read:/home/luis/ros2_foxy/install/test_launch_ros:/home/luis/ros2_foxy/install/sensor_msgs_py:/home/luis/ros2_foxy/install/rpyutils:/home/luis/ros2_foxy/install/rosidl_runtime_py:/home/luis/ros2_foxy/install/launch_yaml:/home/luis/ros2_foxy/install/launch_xml:/home/luis/ros2_foxy/install/launch_testing:/home/luis/ros2_foxy/install/launch:/home/luis/ros2_foxy/install/osrf_pycommon:/home/luis/ros2_foxy/install/domain_coordinator:/home/luis/ros2_foxy/install/ament_xmllint:/home/luis/ros2_foxy/install/ament_pyflakes:/home/luis/ros2_foxy/install/ament_pycodestyle:/home/luis/ros2_foxy/install/ament_pep257:/home/luis/ros2_foxy/install/ament_pclint:/home/luis/ros2_foxy/install/ament_package:/home/luis/ros2_foxy/install/ament_mypy:/home/luis/ros2_foxy/install/ament_lint_cmake:/home/luis/ros2_foxy/install/ament_flake8:/home/luis/ros2_foxy/install/ament_copyright:/home/luis/ros2_foxy/install/ament_lint:/home/luis/ros2_foxy/install/ament_index_python:/home/luis/ros2_foxy/install/ament_cpplint:/home/luis/ros2_foxy/install/ament_cppcheck:/home/luis/ros2_foxy/install/ament_clang_tidy:/home/luis/ros2_foxy/install/ament_clang_format:/opt/ros/foxy /usr/bin/cmake --build /mnt/c/Users/luisf/github/RoboticsSoftwareEngineerUdacity/GoChaseIt/build/my_robot -- -j8 -l8
[73.062s] DEBUG:colcon.colcon_core.event_handler.log_command:Invoking command in '/mnt/c/Users/luisf/github/RoboticsSoftwareEngineerUdacity/GoChaseIt/build/my_robot': CMAKE_PREFIX_PATH=${CMAKE_PREFIX_PATH}:/mnt/c/Users/luisf/github/RoboticsSoftwareEngineerUdacity/GoChaseIt/install/robot_spawner:/mnt/c/Users/luisf/github/Udemy-Ros2/install/my_py_pkg:/home/luis/ros2_foxy/install/ros2bag:/home/luis/ros2_foxy/install/tracetools_launch:/home/luis/ros2_foxy/install/topic_monitor:/home/luis/ros2_foxy/install/examples_tf2_py:/home/luis/ros2_foxy/install/sros2:/home/luis/ros2_foxy/install/rqt_topic:/home/luis/ros2_foxy/install/rqt_top:/home/luis/ros2_foxy/install/rqt_srv:/home/luis/ros2_foxy/install/rqt_shell:/home/luis/ros2_foxy/install/rqt_service_caller:/home/luis/ros2_foxy/install/rqt_reconfigure:/home/luis/ros2_foxy/install/rqt_py_console:/home/luis/ros2_foxy/install/rqt_publisher:/home/luis/ros2_foxy/install/rqt_plot:/home/luis/ros2_foxy/install/rqt_action:/home/luis/ros2_foxy/install/rqt_msg:/home/luis/ros2_foxy/install/rqt:/home/luis/ros2_foxy/install/rqt_graph:/home/luis/ros2_foxy/install/rqt_gui_py:/home/luis/ros2_foxy/install/rqt_gui:/home/luis/ros2_foxy/install/ros2trace:/home/luis/ros2_foxy/install/ros2topic:/home/luis/ros2_foxy/install/ros2test:/home/luis/ros2_foxy/install/ros2component:/home/luis/ros2_foxy/install/ros2param:/home/luis/ros2_foxy/install/ros2lifecycle:/home/luis/ros2_foxy/install/ros2service:/home/luis/ros2_foxy/install/ros2run:/home/luis/ros2_foxy/install/ros2launch:/home/luis/ros2_foxy/install/ros2pkg:/home/luis/ros2_foxy/install/ros2node:/home/luis/ros2_foxy/install/ros2multicast:/home/luis/ros2_foxy/install/ros2interface:/home/luis/ros2_foxy/install/ros2doctor:/home/luis/ros2_foxy/install/ros2action:/home/luis/ros2_foxy/install/ros2cli:/home/luis/ros2_foxy/install/quality_of_service_demo_py:/home/luis/ros2_foxy/install/launch_testing_ros:/home/luis/ros2_foxy/install/launch_ros:/home/luis/ros2_foxy/install/examples_rclpy_minimal_subscriber:/home/luis/ros2_foxy/install/examples_rclpy_minimal_service:/home/luis/ros2_foxy/install/examples_rclpy_minimal_publisher:/home/luis/ros2_foxy/install/examples_rclpy_minimal_client:/home/luis/ros2_foxy/install/examples_rclpy_minimal_action_server:/home/luis/ros2_foxy/install/examples_rclpy_minimal_action_client:/home/luis/ros2_foxy/install/examples_rclpy_executors:/home/luis/ros2_foxy/install/demo_nodes_py:/home/luis/ros2_foxy/install/action_tutorials_py:/home/luis/ros2_foxy/install/ament_uncrustify:/home/luis/ros2_foxy/install/tracetools_trace:/home/luis/ros2_foxy/install/tracetools_read:/home/luis/ros2_foxy/install/test_launch_ros:/home/luis/ros2_foxy/install/sensor_msgs_py:/home/luis/ros2_foxy/install/rpyutils:/home/luis/ros2_foxy/install/rosidl_runtime_py:/home/luis/ros2_foxy/install/launch_yaml:/home/luis/ros2_foxy/install/launch_xml:/home/luis/ros2_foxy/install/launch_testing:/home/luis/ros2_foxy/install/launch:/home/luis/ros2_foxy/install/osrf_pycommon:/home/luis/ros2_foxy/install/domain_coordinator:/home/luis/ros2_foxy/install/ament_xmllint:/home/luis/ros2_foxy/install/ament_pyflakes:/home/luis/ros2_foxy/install/ament_pycodestyle:/home/luis/ros2_foxy/install/ament_pep257:/home/luis/ros2_foxy/install/ament_pclint:/home/luis/ros2_foxy/install/ament_package:/home/luis/ros2_foxy/install/ament_mypy:/home/luis/ros2_foxy/install/ament_lint_cmake:/home/luis/ros2_foxy/install/ament_flake8:/home/luis/ros2_foxy/install/ament_copyright:/home/luis/ros2_foxy/install/ament_lint:/home/luis/ros2_foxy/install/ament_index_python:/home/luis/ros2_foxy/install/ament_cpplint:/home/luis/ros2_foxy/install/ament_cppcheck:/home/luis/ros2_foxy/install/ament_clang_tidy:/home/luis/ros2_foxy/install/ament_clang_format:/opt/ros/foxy /usr/bin/cmake --install /mnt/c/Users/luisf/github/RoboticsSoftwareEngineerUdacity/GoChaseIt/build/my_robot
[82.161s] Level 1:colcon.colcon_core.environment:create_environment_scripts_only(my_robot)
[82.173s] Level 1:colcon.colcon_core.environment:checking '/mnt/c/Users/luisf/github/RoboticsSoftwareEngineerUdacity/GoChaseIt/install/my_robot' for CMake module files
[82.176s] DEBUG:colcon.colcon_core.event_handler.log_command:Invoked command in '/mnt/c/Users/luisf/github/RoboticsSoftwareEngineerUdacity/GoChaseIt/build/my_robot' returned '0': CMAKE_PREFIX_PATH=${CMAKE_PREFIX_PATH}:/mnt/c/Users/luisf/github/RoboticsSoftwareEngineerUdacity/GoChaseIt/install/robot_spawner:/mnt/c/Users/luisf/github/Udemy-Ros2/install/my_py_pkg:/home/luis/ros2_foxy/install/ros2bag:/home/luis/ros2_foxy/install/tracetools_launch:/home/luis/ros2_foxy/install/topic_monitor:/home/luis/ros2_foxy/install/examples_tf2_py:/home/luis/ros2_foxy/install/sros2:/home/luis/ros2_foxy/install/rqt_topic:/home/luis/ros2_foxy/install/rqt_top:/home/luis/ros2_foxy/install/rqt_srv:/home/luis/ros2_foxy/install/rqt_shell:/home/luis/ros2_foxy/install/rqt_service_caller:/home/luis/ros2_foxy/install/rqt_reconfigure:/home/luis/ros2_foxy/install/rqt_py_console:/home/luis/ros2_foxy/install/rqt_publisher:/home/luis/ros2_foxy/install/rqt_plot:/home/luis/ros2_foxy/install/rqt_action:/home/luis/ros2_foxy/install/rqt_msg:/home/luis/ros2_foxy/install/rqt:/home/luis/ros2_foxy/install/rqt_graph:/home/luis/ros2_foxy/install/rqt_gui_py:/home/luis/ros2_foxy/install/rqt_gui:/home/luis/ros2_foxy/install/ros2trace:/home/luis/ros2_foxy/install/ros2topic:/home/luis/ros2_foxy/install/ros2test:/home/luis/ros2_foxy/install/ros2component:/home/luis/ros2_foxy/install/ros2param:/home/luis/ros2_foxy/install/ros2lifecycle:/home/luis/ros2_foxy/install/ros2service:/home/luis/ros2_foxy/install/ros2run:/home/luis/ros2_foxy/install/ros2launch:/home/luis/ros2_foxy/install/ros2pkg:/home/luis/ros2_foxy/install/ros2node:/home/luis/ros2_foxy/install/ros2multicast:/home/luis/ros2_foxy/install/ros2interface:/home/luis/ros2_foxy/install/ros2doctor:/home/luis/ros2_foxy/install/ros2action:/home/luis/ros2_foxy/install/ros2cli:/home/luis/ros2_foxy/install/quality_of_service_demo_py:/home/luis/ros2_foxy/install/launch_testing_ros:/home/luis/ros2_foxy/install/launch_ros:/home/luis/ros2_foxy/install/examples_rclpy_minimal_subscriber:/home/luis/ros2_foxy/install/examples_rclpy_minimal_service:/home/luis/ros2_foxy/install/examples_rclpy_minimal_publisher:/home/luis/ros2_foxy/install/examples_rclpy_minimal_client:/home/luis/ros2_foxy/install/examples_rclpy_minimal_action_server:/home/luis/ros2_foxy/install/examples_rclpy_minimal_action_client:/home/luis/ros2_foxy/install/examples_rclpy_executors:/home/luis/ros2_foxy/install/demo_nodes_py:/home/luis/ros2_foxy/install/action_tutorials_py:/home/luis/ros2_foxy/install/ament_uncrustify:/home/luis/ros2_foxy/install/tracetools_trace:/home/luis/ros2_foxy/install/tracetools_read:/home/luis/ros2_foxy/install/test_launch_ros:/home/luis/ros2_foxy/install/sensor_msgs_py:/home/luis/ros2_foxy/install/rpyutils:/home/luis/ros2_foxy/install/rosidl_runtime_py:/home/luis/ros2_foxy/install/launch_yaml:/home/luis/ros2_foxy/install/launch_xml:/home/luis/ros2_foxy/install/launch_testing:/home/luis/ros2_foxy/install/launch:/home/luis/ros2_foxy/install/osrf_pycommon:/home/luis/ros2_foxy/install/domain_coordinator:/home/luis/ros2_foxy/install/ament_xmllint:/home/luis/ros2_foxy/install/ament_pyflakes:/home/luis/ros2_foxy/install/ament_pycodestyle:/home/luis/ros2_foxy/install/ament_pep257:/home/luis/ros2_foxy/install/ament_pclint:/home/luis/ros2_foxy/install/ament_package:/home/luis/ros2_foxy/install/ament_mypy:/home/luis/ros2_foxy/install/ament_lint_cmake:/home/luis/ros2_foxy/install/ament_flake8:/home/luis/ros2_foxy/install/ament_copyright:/home/luis/ros2_foxy/install/ament_lint:/home/luis/ros2_foxy/install/ament_index_python:/home/luis/ros2_foxy/install/ament_cpplint:/home/luis/ros2_foxy/install/ament_cppcheck:/home/luis/ros2_foxy/install/ament_clang_tidy:/home/luis/ros2_foxy/install/ament_clang_format:/opt/ros/foxy /usr/bin/cmake --install /mnt/c/Users/luisf/github/RoboticsSoftwareEngineerUdacity/GoChaseIt/build/my_robot
[82.689s] Level 1:colcon.colcon_core.environment:checking '/mnt/c/Users/luisf/github/RoboticsSoftwareEngineerUdacity/GoChaseIt/install/my_robot' for CMake config files
[83.022s] Level 1:colcon.colcon_core.shell:create_environment_hook('my_robot', 'cmake_prefix_path')
[83.027s] INFO:colcon.colcon_core.shell:Creating environment hook '/mnt/c/Users/luisf/github/RoboticsSoftwareEngineerUdacity/GoChaseIt/install/my_robot/share/my_robot/hook/cmake_prefix_path.ps1'
[83.108s] INFO:colcon.colcon_core.shell:Creating environment descriptor '/mnt/c/Users/luisf/github/RoboticsSoftwareEngineerUdacity/GoChaseIt/install/my_robot/share/my_robot/hook/cmake_prefix_path.dsv'
[83.206s] INFO:colcon.colcon_core.shell:Creating environment hook '/mnt/c/Users/luisf/github/RoboticsSoftwareEngineerUdacity/GoChaseIt/install/my_robot/share/my_robot/hook/cmake_prefix_path.sh'
[83.322s] Level 1:colcon.colcon_core.environment:checking '/mnt/c/Users/luisf/github/RoboticsSoftwareEngineerUdacity/GoChaseIt/install/my_robot/bin'
[83.332s] Level 1:colcon.colcon_core.environment:checking '/mnt/c/Users/luisf/github/RoboticsSoftwareEngineerUdacity/GoChaseIt/install/my_robot/lib/pkgconfig/my_robot.pc'
[83.342s] Level 1:colcon.colcon_core.environment:checking '/mnt/c/Users/luisf/github/RoboticsSoftwareEngineerUdacity/GoChaseIt/install/my_robot/lib/python3.8/site-packages'
[83.355s] INFO:colcon.colcon_core.shell:Creating package script '/mnt/c/Users/luisf/github/RoboticsSoftwareEngineerUdacity/GoChaseIt/install/my_robot/share/my_robot/package.ps1'
[83.436s] INFO:colcon.colcon_core.shell:Creating package descriptor '/mnt/c/Users/luisf/github/RoboticsSoftwareEngineerUdacity/GoChaseIt/install/my_robot/share/my_robot/package.dsv'
[83.488s] INFO:colcon.colcon_core.shell:Creating package script '/mnt/c/Users/luisf/github/RoboticsSoftwareEngineerUdacity/GoChaseIt/install/my_robot/share/my_robot/package.sh'
[83.522s] INFO:colcon.colcon_core.shell:Creating package script '/mnt/c/Users/luisf/github/RoboticsSoftwareEngineerUdacity/GoChaseIt/install/my_robot/share/my_robot/package.bash'
[83.550s] INFO:colcon.colcon_core.shell:Creating package script '/mnt/c/Users/luisf/github/RoboticsSoftwareEngineerUdacity/GoChaseIt/install/my_robot/share/my_robot/package.zsh'
[83.572s] Level 1:colcon.colcon_core.environment:create_file_with_runtime_dependencies(/mnt/c/Users/luisf/github/RoboticsSoftwareEngineerUdacity/GoChaseIt/install/my_robot/share/colcon-core/packages/my_robot)
[86.118s] Level 1:colcon.colcon_core.environment:create_environment_scripts_only(my_robot)
[86.126s] Level 1:colcon.colcon_core.environment:checking '/mnt/c/Users/luisf/github/RoboticsSoftwareEngineerUdacity/GoChaseIt/install/my_robot' for CMake module files
[86.741s] Level 1:colcon.colcon_core.environment:checking '/mnt/c/Users/luisf/github/RoboticsSoftwareEngineerUdacity/GoChaseIt/install/my_robot' for CMake config files
[87.165s] Level 1:colcon.colcon_core.shell:create_environment_hook('my_robot', 'cmake_prefix_path')
[87.171s] INFO:colcon.colcon_core.shell:Creating environment hook '/mnt/c/Users/luisf/github/RoboticsSoftwareEngineerUdacity/GoChaseIt/install/my_robot/share/my_robot/hook/cmake_prefix_path.ps1'
[87.271s] INFO:colcon.colcon_core.shell:Creating environment descriptor '/mnt/c/Users/luisf/github/RoboticsSoftwareEngineerUdacity/GoChaseIt/install/my_robot/share/my_robot/hook/cmake_prefix_path.dsv'
[87.374s] INFO:colcon.colcon_core.shell:Creating environment hook '/mnt/c/Users/luisf/github/RoboticsSoftwareEngineerUdacity/GoChaseIt/install/my_robot/share/my_robot/hook/cmake_prefix_path.sh'
[87.496s] Level 1:colcon.colcon_core.environment:checking '/mnt/c/Users/luisf/github/RoboticsSoftwareEngineerUdacity/GoChaseIt/install/my_robot/bin'
[87.505s] Level 1:colcon.colcon_core.environment:checking '/mnt/c/Users/luisf/github/RoboticsSoftwareEngineerUdacity/GoChaseIt/install/my_robot/lib/pkgconfig/my_robot.pc'
[87.514s] Level 1:colcon.colcon_core.environment:checking '/mnt/c/Users/luisf/github/RoboticsSoftwareEngineerUdacity/GoChaseIt/install/my_robot/lib/python3.8/site-packages'
[87.526s] INFO:colcon.colcon_core.shell:Creating package script '/mnt/c/Users/luisf/github/RoboticsSoftwareEngineerUdacity/GoChaseIt/install/my_robot/share/my_robot/package.ps1'
[87.610s] INFO:colcon.colcon_core.shell:Creating package descriptor '/mnt/c/Users/luisf/github/RoboticsSoftwareEngineerUdacity/GoChaseIt/install/my_robot/share/my_robot/package.dsv'
[87.692s] INFO:colcon.colcon_core.shell:Creating package script '/mnt/c/Users/luisf/github/RoboticsSoftwareEngineerUdacity/GoChaseIt/install/my_robot/share/my_robot/package.sh'
[87.776s] INFO:colcon.colcon_core.shell:Creating package script '/mnt/c/Users/luisf/github/RoboticsSoftwareEngineerUdacity/GoChaseIt/install/my_robot/share/my_robot/package.bash'
[87.860s] INFO:colcon.colcon_core.shell:Creating package script '/mnt/c/Users/luisf/github/RoboticsSoftwareEngineerUdacity/GoChaseIt/install/my_robot/share/my_robot/package.zsh'
[87.945s] Level 1:colcon.colcon_core.environment:create_file_with_runtime_dependencies(/mnt/c/Users/luisf/github/RoboticsSoftwareEngineerUdacity/GoChaseIt/install/my_robot/share/colcon-core/packages/my_robot)
[88.010s] DEBUG:colcon.colcon_parallel_executor.executor.parallel:closing loop
[88.013s] DEBUG:colcon.colcon_parallel_executor.executor.parallel:loop closed
[88.015s] DEBUG:colcon.colcon_parallel_executor.executor.parallel:run_until_complete finished with '0'
[88.017s] DEBUG:colcon.colcon_core.event_reactor:joining thread
[88.415s] INFO:colcon.colcon_core.plugin_system:Skipping extension 'colcon_notification.desktop_notification.notify_send': Could not find 'notify-send'
[88.417s] INFO:colcon.colcon_core.plugin_system:Skipping extension 'colcon_notification.desktop_notification.terminal_notifier': Not used on non-Darwin systems
[88.419s] INFO:colcon.colcon_core.plugin_system:Skipping extension 'colcon_notification.desktop_notification.win32': Not used on non-Windows systems
[88.420s] INFO:colcon.colcon_notification.desktop_notification:Sending desktop notification using 'notify2'
[172.702s] DEBUG:colcon.colcon_notification.desktop_notification.notify2:Failed to initialize notify2: org.freedesktop.DBus.Error.Spawn.ExecFailed: /usr/bin/dbus-launch terminated abnormally without any error message
