[5.070s] DEBUG:colcon:Command line arguments: ['/usr/bin/colcon', 'build']
[5.071s] DEBUG:colcon:Parsed command line arguments: Namespace(ament_cmake_args=None, base_paths=['.'], build_base='build', catkin_cmake_args=None, catkin_skip_building_tests=False, cmake_args=None, cmake_clean_cache=False, cmake_clean_first=False, cmake_force_configure=False, cmake_target=None, cmake_target_skip_unavailable=False, continue_on_error=False, event_handlers=None, executor='parallel', ignore_user_meta=False, install_base='install', log_base=None, log_level=None, main=<bound method BuildVerb.main of <colcon_core.verb.build.BuildVerb object at 0x7f137c04e100>>, merge_install=False, metas=['./colcon.meta'], packages_above=None, packages_above_and_dependencies=None, packages_above_depth=None, packages_end=None, packages_ignore=None, packages_ignore_regex=None, packages_select=None, packages_select_build_failed=False, packages_select_by_dep=None, packages_select_regex=None, packages_select_test_failures=False, packages_skip=None, packages_skip_build_finished=False, packages_skip_by_dep=None, packages_skip_regex=None, packages_skip_test_passed=False, packages_skip_up_to=None, packages_start=None, packages_up_to=None, packages_up_to_regex=None, parallel_workers=8, paths=None, symlink_install=False, test_result_base=None, verb_extension=<colcon_core.verb.build.BuildVerb object at 0x7f137c04e100>, verb_name='build', verb_parser=<colcon_defaults.argument_parser.defaults.DefaultArgumentsDecorator object at 0x7f137c04e5b0>)
[5.285s] Level 1:colcon.colcon_core.package_discovery:discover_packages(colcon_meta) check parameters
[5.287s] Level 1:colcon.colcon_core.package_discovery:discover_packages(recursive) check parameters
[5.288s] Level 1:colcon.colcon_core.package_discovery:discover_packages(ignore) check parameters
[5.289s] Level 1:colcon.colcon_core.package_discovery:discover_packages(path) check parameters
[5.291s] Level 1:colcon.colcon_core.package_discovery:discover_packages(colcon_meta) discover
[5.292s] Level 1:colcon.colcon_core.package_discovery:discover_packages(recursive) discover
[5.293s] INFO:colcon.colcon_core.package_discovery:Crawling recursively for packages in '/mnt/c/Users/luisf/github/RoboticsSoftwareEngineerUdacity/GoChaseIt'
[5.300s] Level 1:colcon.colcon_core.package_identification:_identify(.) by extensions ['ignore', 'ignore_ament_install']
[5.301s] Level 1:colcon.colcon_core.package_identification:_identify(.) by extension 'ignore'
[5.303s] Level 1:colcon.colcon_core.package_identification:_identify(.) by extension 'ignore_ament_install'
[5.306s] Level 1:colcon.colcon_core.package_identification:_identify(.) by extensions ['colcon_pkg']
[5.307s] Level 1:colcon.colcon_core.package_identification:_identify(.) by extension 'colcon_pkg'
[5.309s] Level 1:colcon.colcon_core.package_identification:_identify(.) by extensions ['colcon_meta']
[5.310s] Level 1:colcon.colcon_core.package_identification:_identify(.) by extension 'colcon_meta'
[5.311s] Level 1:colcon.colcon_core.package_identification:_identify(.) by extensions ['ros']
[5.312s] Level 1:colcon.colcon_core.package_identification:_identify(.) by extension 'ros'
[5.397s] Level 1:colcon.colcon_core.package_identification:_identify(.) by extensions ['cmake', 'python']
[5.398s] Level 1:colcon.colcon_core.package_identification:_identify(.) by extension 'cmake'
[5.400s] Level 1:colcon.colcon_core.package_identification:_identify(.) by extension 'python'
[5.402s] Level 1:colcon.colcon_core.package_identification:_identify(.) by extensions ['python_setup_py']
[5.403s] Level 1:colcon.colcon_core.package_identification:_identify(.) by extension 'python_setup_py'
[5.421s] Level 1:colcon.colcon_core.package_identification:_identify(build) by extensions ['ignore', 'ignore_ament_install']
[5.422s] Level 1:colcon.colcon_core.package_identification:_identify(build) by extension 'ignore'
[5.428s] Level 1:colcon.colcon_core.package_identification:_identify(build) ignored
[5.440s] Level 1:colcon.colcon_core.package_identification:_identify(install) by extensions ['ignore', 'ignore_ament_install']
[5.441s] Level 1:colcon.colcon_core.package_identification:_identify(install) by extension 'ignore'
[5.448s] Level 1:colcon.colcon_core.package_identification:_identify(install) ignored
[5.468s] Level 1:colcon.colcon_core.package_identification:_identify(log) by extensions ['ignore', 'ignore_ament_install']
[5.469s] Level 1:colcon.colcon_core.package_identification:_identify(log) by extension 'ignore'
[5.473s] Level 1:colcon.colcon_core.package_identification:_identify(log) ignored
[5.486s] Level 1:colcon.colcon_core.package_identification:_identify(src) by extensions ['ignore', 'ignore_ament_install']
[5.487s] Level 1:colcon.colcon_core.package_identification:_identify(src) by extension 'ignore'
[5.491s] Level 1:colcon.colcon_core.package_identification:_identify(src) by extension 'ignore_ament_install'
[5.499s] Level 1:colcon.colcon_core.package_identification:_identify(src) by extensions ['colcon_pkg']
[5.500s] Level 1:colcon.colcon_core.package_identification:_identify(src) by extension 'colcon_pkg'
[5.504s] Level 1:colcon.colcon_core.package_identification:_identify(src) by extensions ['colcon_meta']
[5.505s] Level 1:colcon.colcon_core.package_identification:_identify(src) by extension 'colcon_meta'
[5.509s] Level 1:colcon.colcon_core.package_identification:_identify(src) by extensions ['ros']
[5.510s] Level 1:colcon.colcon_core.package_identification:_identify(src) by extension 'ros'
[5.526s] Level 1:colcon.colcon_core.package_identification:_identify(src) by extensions ['cmake', 'python']
[5.527s] Level 1:colcon.colcon_core.package_identification:_identify(src) by extension 'cmake'
[5.531s] Level 1:colcon.colcon_core.package_identification:_identify(src) by extension 'python'
[5.535s] Level 1:colcon.colcon_core.package_identification:_identify(src) by extensions ['python_setup_py']
[5.536s] Level 1:colcon.colcon_core.package_identification:_identify(src) by extension 'python_setup_py'
[5.559s] Level 1:colcon.colcon_core.package_identification:_identify(src/my_robot) by extensions ['ignore', 'ignore_ament_install']
[5.560s] Level 1:colcon.colcon_core.package_identification:_identify(src/my_robot) by extension 'ignore'
[5.566s] Level 1:colcon.colcon_core.package_identification:_identify(src/my_robot) by extension 'ignore_ament_install'
[5.577s] Level 1:colcon.colcon_core.package_identification:_identify(src/my_robot) by extensions ['colcon_pkg']
[5.578s] Level 1:colcon.colcon_core.package_identification:_identify(src/my_robot) by extension 'colcon_pkg'
[5.584s] Level 1:colcon.colcon_core.package_identification:_identify(src/my_robot) by extensions ['colcon_meta']
[5.585s] Level 1:colcon.colcon_core.package_identification:_identify(src/my_robot) by extension 'colcon_meta'
[5.594s] Level 1:colcon.colcon_core.package_identification:_identify(src/my_robot) by extensions ['ros']
[5.595s] Level 1:colcon.colcon_core.package_identification:_identify(src/my_robot) by extension 'ros'
[5.662s] DEBUG:colcon.colcon_core.package_identification:Package 'src/my_robot' with type 'ros.ament_cmake' and name 'my_robot'
[5.663s] Level 1:colcon.colcon_core.package_discovery:discover_packages(recursive) using defaults
[5.664s] Level 1:colcon.colcon_core.package_discovery:discover_packages(ignore) discover
[5.665s] Level 1:colcon.colcon_core.package_discovery:discover_packages(ignore) using defaults
[5.666s] Level 1:colcon.colcon_core.package_discovery:discover_packages(path) discover
[5.667s] Level 1:colcon.colcon_core.package_discovery:discover_packages(path) using defaults
[6.150s] Level 5:colcon.colcon_core.verb:set package 'my_robot' build argument 'cmake_args' from command line to 'None'
[6.151s] Level 5:colcon.colcon_core.verb:set package 'my_robot' build argument 'cmake_target' from command line to 'None'
[6.151s] Level 5:colcon.colcon_core.verb:set package 'my_robot' build argument 'cmake_target_skip_unavailable' from command line to 'False'
[6.152s] Level 5:colcon.colcon_core.verb:set package 'my_robot' build argument 'cmake_clean_cache' from command line to 'False'
[6.153s] Level 5:colcon.colcon_core.verb:set package 'my_robot' build argument 'cmake_clean_first' from command line to 'False'
[6.154s] Level 5:colcon.colcon_core.verb:set package 'my_robot' build argument 'cmake_force_configure' from command line to 'False'
[6.155s] Level 5:colcon.colcon_core.verb:set package 'my_robot' build argument 'ament_cmake_args' from command line to 'None'
[6.156s] Level 5:colcon.colcon_core.verb:set package 'my_robot' build argument 'catkin_cmake_args' from command line to 'None'
[6.156s] Level 5:colcon.colcon_core.verb:set package 'my_robot' build argument 'catkin_skip_building_tests' from command line to 'False'
[6.157s] DEBUG:colcon.colcon_core.verb:Building package 'my_robot' with the following arguments: {'ament_cmake_args': None, 'build_base': '/mnt/c/Users/luisf/github/RoboticsSoftwareEngineerUdacity/GoChaseIt/build/my_robot', 'catkin_cmake_args': None, 'catkin_skip_building_tests': False, 'cmake_args': None, 'cmake_clean_cache': False, 'cmake_clean_first': False, 'cmake_force_configure': False, 'cmake_target': None, 'cmake_target_skip_unavailable': False, 'install_base': '/mnt/c/Users/luisf/github/RoboticsSoftwareEngineerUdacity/GoChaseIt/install/my_robot', 'merge_install': False, 'path': '/mnt/c/Users/luisf/github/RoboticsSoftwareEngineerUdacity/GoChaseIt/src/my_robot', 'symlink_install': False, 'test_result_base': None}
[6.159s] INFO:colcon.colcon_core.executor:Executing jobs using 'parallel' executor
[6.166s] DEBUG:colcon.colcon_parallel_executor.executor.parallel:run_until_complete
[6.168s] INFO:colcon.colcon_ros.task.ament_cmake.build:Building ROS package in '/mnt/c/Users/luisf/github/RoboticsSoftwareEngineerUdacity/GoChaseIt/src/my_robot' with build type 'ament_cmake'
[6.169s] INFO:colcon.colcon_cmake.task.cmake.build:Building CMake package in '/mnt/c/Users/luisf/github/RoboticsSoftwareEngineerUdacity/GoChaseIt/src/my_robot'
[6.259s] INFO:colcon.colcon_core.plugin_system:Skipping extension 'colcon_core.shell.bat': Not used on non-Windows systems
[6.260s] INFO:colcon.colcon_core.shell:Skip shell extension 'powershell' for command environment: Not usable outside of PowerShell
[6.261s] DEBUG:colcon.colcon_core.shell:Skip shell extension 'dsv' for command environment
[7.032s] DEBUG:colcon.colcon_core.shell:Ignoring prefix path '/opt/ros/foxy'
[7.748s] DEBUG:colcon.colcon_core.event_handler.log_command:Invoking command in '/mnt/c/Users/luisf/github/RoboticsSoftwareEngineerUdacity/GoChaseIt/build/my_robot': CMAKE_PREFIX_PATH=${CMAKE_PREFIX_PATH}:/home/luis/turtlebot3_ws/install/turtlebot3_teleop:/home/luis/turtlebot3_ws/install/turtlebot3_example:/mnt/c/Users/luisf/github/RoboticsSoftwareEngineerUdacity/GoChaseIt/install/robot_spawner_pkg:/mnt/c/Users/luisf/github/Udemy-Ros2/install/my_py_pkg:/home/luis/ros2_foxy/install/ros2bag:/home/luis/ros2_foxy/install/tracetools_launch:/home/luis/ros2_foxy/install/topic_monitor:/home/luis/ros2_foxy/install/examples_tf2_py:/home/luis/ros2_foxy/install/sros2:/home/luis/ros2_foxy/install/rqt_topic:/home/luis/ros2_foxy/install/rqt_top:/home/luis/ros2_foxy/install/rqt_srv:/home/luis/ros2_foxy/install/rqt_shell:/home/luis/ros2_foxy/install/rqt_service_caller:/home/luis/ros2_foxy/install/rqt_reconfigure:/home/luis/ros2_foxy/install/rqt_py_console:/home/luis/ros2_foxy/install/rqt_publisher:/home/luis/ros2_foxy/install/rqt_plot:/home/luis/ros2_foxy/install/rqt_action:/home/luis/ros2_foxy/install/rqt_msg:/home/luis/ros2_foxy/install/rqt:/home/luis/ros2_foxy/install/rqt_graph:/home/luis/ros2_foxy/install/rqt_gui_py:/home/luis/ros2_foxy/install/rqt_gui:/home/luis/ros2_foxy/install/ros2trace:/home/luis/ros2_foxy/install/ros2topic:/home/luis/ros2_foxy/install/ros2test:/home/luis/ros2_foxy/install/ros2component:/home/luis/ros2_foxy/install/ros2param:/home/luis/ros2_foxy/install/ros2lifecycle:/home/luis/ros2_foxy/install/ros2service:/home/luis/ros2_foxy/install/ros2run:/home/luis/ros2_foxy/install/ros2launch:/home/luis/ros2_foxy/install/ros2pkg:/home/luis/ros2_foxy/install/ros2node:/home/luis/ros2_foxy/install/ros2multicast:/home/luis/ros2_foxy/install/ros2interface:/home/luis/ros2_foxy/install/ros2doctor:/home/luis/ros2_foxy/install/ros2action:/home/luis/ros2_foxy/install/ros2cli:/home/luis/ros2_foxy/install/quality_of_service_demo_py:/home/luis/ros2_foxy/install/launch_testing_ros:/home/luis/ros2_foxy/install/launch_ros:/home/luis/ros2_foxy/install/examples_rclpy_minimal_subscriber:/home/luis/ros2_foxy/install/examples_rclpy_minimal_service:/home/luis/ros2_foxy/install/examples_rclpy_minimal_publisher:/home/luis/ros2_foxy/install/examples_rclpy_minimal_client:/home/luis/ros2_foxy/install/examples_rclpy_minimal_action_server:/home/luis/ros2_foxy/install/examples_rclpy_minimal_action_client:/home/luis/ros2_foxy/install/examples_rclpy_executors:/home/luis/ros2_foxy/install/demo_nodes_py:/home/luis/ros2_foxy/install/action_tutorials_py:/home/luis/ros2_foxy/install/ament_uncrustify:/home/luis/ros2_foxy/install/tracetools_trace:/home/luis/ros2_foxy/install/tracetools_read:/home/luis/ros2_foxy/install/test_launch_ros:/home/luis/ros2_foxy/install/sensor_msgs_py:/home/luis/ros2_foxy/install/rpyutils:/home/luis/ros2_foxy/install/rosidl_runtime_py:/home/luis/ros2_foxy/install/launch_yaml:/home/luis/ros2_foxy/install/launch_xml:/home/luis/ros2_foxy/install/launch_testing:/home/luis/ros2_foxy/install/launch:/home/luis/ros2_foxy/install/osrf_pycommon:/home/luis/ros2_foxy/install/domain_coordinator:/home/luis/ros2_foxy/install/ament_xmllint:/home/luis/ros2_foxy/install/ament_pyflakes:/home/luis/ros2_foxy/install/ament_pycodestyle:/home/luis/ros2_foxy/install/ament_pep257:/home/luis/ros2_foxy/install/ament_pclint:/home/luis/ros2_foxy/install/ament_package:/home/luis/ros2_foxy/install/ament_mypy:/home/luis/ros2_foxy/install/ament_lint_cmake:/home/luis/ros2_foxy/install/ament_flake8:/home/luis/ros2_foxy/install/ament_copyright:/home/luis/ros2_foxy/install/ament_lint:/home/luis/ros2_foxy/install/ament_index_python:/home/luis/ros2_foxy/install/ament_cpplint:/home/luis/ros2_foxy/install/ament_cppcheck:/home/luis/ros2_foxy/install/ament_clang_tidy:/home/luis/ros2_foxy/install/ament_clang_format:/opt/ros/foxy /usr/bin/cmake --build /mnt/c/Users/luisf/github/RoboticsSoftwareEngineerUdacity/GoChaseIt/build/my_robot -- -j8 -l8
[12.438s] DEBUG:colcon.colcon_core.event_handler.log_command:Invoked command in '/mnt/c/Users/luisf/github/RoboticsSoftwareEngineerUdacity/GoChaseIt/build/my_robot' returned '0': CMAKE_PREFIX_PATH=${CMAKE_PREFIX_PATH}:/home/luis/turtlebot3_ws/install/turtlebot3_teleop:/home/luis/turtlebot3_ws/install/turtlebot3_example:/mnt/c/Users/luisf/github/RoboticsSoftwareEngineerUdacity/GoChaseIt/install/robot_spawner_pkg:/mnt/c/Users/luisf/github/Udemy-Ros2/install/my_py_pkg:/home/luis/ros2_foxy/install/ros2bag:/home/luis/ros2_foxy/install/tracetools_launch:/home/luis/ros2_foxy/install/topic_monitor:/home/luis/ros2_foxy/install/examples_tf2_py:/home/luis/ros2_foxy/install/sros2:/home/luis/ros2_foxy/install/rqt_topic:/home/luis/ros2_foxy/install/rqt_top:/home/luis/ros2_foxy/install/rqt_srv:/home/luis/ros2_foxy/install/rqt_shell:/home/luis/ros2_foxy/install/rqt_service_caller:/home/luis/ros2_foxy/install/rqt_reconfigure:/home/luis/ros2_foxy/install/rqt_py_console:/home/luis/ros2_foxy/install/rqt_publisher:/home/luis/ros2_foxy/install/rqt_plot:/home/luis/ros2_foxy/install/rqt_action:/home/luis/ros2_foxy/install/rqt_msg:/home/luis/ros2_foxy/install/rqt:/home/luis/ros2_foxy/install/rqt_graph:/home/luis/ros2_foxy/install/rqt_gui_py:/home/luis/ros2_foxy/install/rqt_gui:/home/luis/ros2_foxy/install/ros2trace:/home/luis/ros2_foxy/install/ros2topic:/home/luis/ros2_foxy/install/ros2test:/home/luis/ros2_foxy/install/ros2component:/home/luis/ros2_foxy/install/ros2param:/home/luis/ros2_foxy/install/ros2lifecycle:/home/luis/ros2_foxy/install/ros2service:/home/luis/ros2_foxy/install/ros2run:/home/luis/ros2_foxy/install/ros2launch:/home/luis/ros2_foxy/install/ros2pkg:/home/luis/ros2_foxy/install/ros2node:/home/luis/ros2_foxy/install/ros2multicast:/home/luis/ros2_foxy/install/ros2interface:/home/luis/ros2_foxy/install/ros2doctor:/home/luis/ros2_foxy/install/ros2action:/home/luis/ros2_foxy/install/ros2cli:/home/luis/ros2_foxy/install/quality_of_service_demo_py:/home/luis/ros2_foxy/install/launch_testing_ros:/home/luis/ros2_foxy/install/launch_ros:/home/luis/ros2_foxy/install/examples_rclpy_minimal_subscriber:/home/luis/ros2_foxy/install/examples_rclpy_minimal_service:/home/luis/ros2_foxy/install/examples_rclpy_minimal_publisher:/home/luis/ros2_foxy/install/examples_rclpy_minimal_client:/home/luis/ros2_foxy/install/examples_rclpy_minimal_action_server:/home/luis/ros2_foxy/install/examples_rclpy_minimal_action_client:/home/luis/ros2_foxy/install/examples_rclpy_executors:/home/luis/ros2_foxy/install/demo_nodes_py:/home/luis/ros2_foxy/install/action_tutorials_py:/home/luis/ros2_foxy/install/ament_uncrustify:/home/luis/ros2_foxy/install/tracetools_trace:/home/luis/ros2_foxy/install/tracetools_read:/home/luis/ros2_foxy/install/test_launch_ros:/home/luis/ros2_foxy/install/sensor_msgs_py:/home/luis/ros2_foxy/install/rpyutils:/home/luis/ros2_foxy/install/rosidl_runtime_py:/home/luis/ros2_foxy/install/launch_yaml:/home/luis/ros2_foxy/install/launch_xml:/home/luis/ros2_foxy/install/launch_testing:/home/luis/ros2_foxy/install/launch:/home/luis/ros2_foxy/install/osrf_pycommon:/home/luis/ros2_foxy/install/domain_coordinator:/home/luis/ros2_foxy/install/ament_xmllint:/home/luis/ros2_foxy/install/ament_pyflakes:/home/luis/ros2_foxy/install/ament_pycodestyle:/home/luis/ros2_foxy/install/ament_pep257:/home/luis/ros2_foxy/install/ament_pclint:/home/luis/ros2_foxy/install/ament_package:/home/luis/ros2_foxy/install/ament_mypy:/home/luis/ros2_foxy/install/ament_lint_cmake:/home/luis/ros2_foxy/install/ament_flake8:/home/luis/ros2_foxy/install/ament_copyright:/home/luis/ros2_foxy/install/ament_lint:/home/luis/ros2_foxy/install/ament_index_python:/home/luis/ros2_foxy/install/ament_cpplint:/home/luis/ros2_foxy/install/ament_cppcheck:/home/luis/ros2_foxy/install/ament_clang_tidy:/home/luis/ros2_foxy/install/ament_clang_format:/opt/ros/foxy /usr/bin/cmake --build /mnt/c/Users/luisf/github/RoboticsSoftwareEngineerUdacity/GoChaseIt/build/my_robot -- -j8 -l8
[17.705s] DEBUG:colcon.colcon_core.event_handler.log_command:Invoking command in '/mnt/c/Users/luisf/github/RoboticsSoftwareEngineerUdacity/GoChaseIt/build/my_robot': CMAKE_PREFIX_PATH=${CMAKE_PREFIX_PATH}:/home/luis/turtlebot3_ws/install/turtlebot3_teleop:/home/luis/turtlebot3_ws/install/turtlebot3_example:/mnt/c/Users/luisf/github/RoboticsSoftwareEngineerUdacity/GoChaseIt/install/robot_spawner_pkg:/mnt/c/Users/luisf/github/Udemy-Ros2/install/my_py_pkg:/home/luis/ros2_foxy/install/ros2bag:/home/luis/ros2_foxy/install/tracetools_launch:/home/luis/ros2_foxy/install/topic_monitor:/home/luis/ros2_foxy/install/examples_tf2_py:/home/luis/ros2_foxy/install/sros2:/home/luis/ros2_foxy/install/rqt_topic:/home/luis/ros2_foxy/install/rqt_top:/home/luis/ros2_foxy/install/rqt_srv:/home/luis/ros2_foxy/install/rqt_shell:/home/luis/ros2_foxy/install/rqt_service_caller:/home/luis/ros2_foxy/install/rqt_reconfigure:/home/luis/ros2_foxy/install/rqt_py_console:/home/luis/ros2_foxy/install/rqt_publisher:/home/luis/ros2_foxy/install/rqt_plot:/home/luis/ros2_foxy/install/rqt_action:/home/luis/ros2_foxy/install/rqt_msg:/home/luis/ros2_foxy/install/rqt:/home/luis/ros2_foxy/install/rqt_graph:/home/luis/ros2_foxy/install/rqt_gui_py:/home/luis/ros2_foxy/install/rqt_gui:/home/luis/ros2_foxy/install/ros2trace:/home/luis/ros2_foxy/install/ros2topic:/home/luis/ros2_foxy/install/ros2test:/home/luis/ros2_foxy/install/ros2component:/home/luis/ros2_foxy/install/ros2param:/home/luis/ros2_foxy/install/ros2lifecycle:/home/luis/ros2_foxy/install/ros2service:/home/luis/ros2_foxy/install/ros2run:/home/luis/ros2_foxy/install/ros2launch:/home/luis/ros2_foxy/install/ros2pkg:/home/luis/ros2_foxy/install/ros2node:/home/luis/ros2_foxy/install/ros2multicast:/home/luis/ros2_foxy/install/ros2interface:/home/luis/ros2_foxy/install/ros2doctor:/home/luis/ros2_foxy/install/ros2action:/home/luis/ros2_foxy/install/ros2cli:/home/luis/ros2_foxy/install/quality_of_service_demo_py:/home/luis/ros2_foxy/install/launch_testing_ros:/home/luis/ros2_foxy/install/launch_ros:/home/luis/ros2_foxy/install/examples_rclpy_minimal_subscriber:/home/luis/ros2_foxy/install/examples_rclpy_minimal_service:/home/luis/ros2_foxy/install/examples_rclpy_minimal_publisher:/home/luis/ros2_foxy/install/examples_rclpy_minimal_client:/home/luis/ros2_foxy/install/examples_rclpy_minimal_action_server:/home/luis/ros2_foxy/install/examples_rclpy_minimal_action_client:/home/luis/ros2_foxy/install/examples_rclpy_executors:/home/luis/ros2_foxy/install/demo_nodes_py:/home/luis/ros2_foxy/install/action_tutorials_py:/home/luis/ros2_foxy/install/ament_uncrustify:/home/luis/ros2_foxy/install/tracetools_trace:/home/luis/ros2_foxy/install/tracetools_read:/home/luis/ros2_foxy/install/test_launch_ros:/home/luis/ros2_foxy/install/sensor_msgs_py:/home/luis/ros2_foxy/install/rpyutils:/home/luis/ros2_foxy/install/rosidl_runtime_py:/home/luis/ros2_foxy/install/launch_yaml:/home/luis/ros2_foxy/install/launch_xml:/home/luis/ros2_foxy/install/launch_testing:/home/luis/ros2_foxy/install/launch:/home/luis/ros2_foxy/install/osrf_pycommon:/home/luis/ros2_foxy/install/domain_coordinator:/home/luis/ros2_foxy/install/ament_xmllint:/home/luis/ros2_foxy/install/ament_pyflakes:/home/luis/ros2_foxy/install/ament_pycodestyle:/home/luis/ros2_foxy/install/ament_pep257:/home/luis/ros2_foxy/install/ament_pclint:/home/luis/ros2_foxy/install/ament_package:/home/luis/ros2_foxy/install/ament_mypy:/home/luis/ros2_foxy/install/ament_lint_cmake:/home/luis/ros2_foxy/install/ament_flake8:/home/luis/ros2_foxy/install/ament_copyright:/home/luis/ros2_foxy/install/ament_lint:/home/luis/ros2_foxy/install/ament_index_python:/home/luis/ros2_foxy/install/ament_cpplint:/home/luis/ros2_foxy/install/ament_cppcheck:/home/luis/ros2_foxy/install/ament_clang_tidy:/home/luis/ros2_foxy/install/ament_clang_format:/opt/ros/foxy /usr/bin/cmake --install /mnt/c/Users/luisf/github/RoboticsSoftwareEngineerUdacity/GoChaseIt/build/my_robot
[21.652s] Level 1:colcon.colcon_core.environment:create_environment_scripts_only(my_robot)
[21.663s] DEBUG:colcon.colcon_core.event_handler.log_command:Invoked command in '/mnt/c/Users/luisf/github/RoboticsSoftwareEngineerUdacity/GoChaseIt/build/my_robot' returned '0': CMAKE_PREFIX_PATH=${CMAKE_PREFIX_PATH}:/home/luis/turtlebot3_ws/install/turtlebot3_teleop:/home/luis/turtlebot3_ws/install/turtlebot3_example:/mnt/c/Users/luisf/github/RoboticsSoftwareEngineerUdacity/GoChaseIt/install/robot_spawner_pkg:/mnt/c/Users/luisf/github/Udemy-Ros2/install/my_py_pkg:/home/luis/ros2_foxy/install/ros2bag:/home/luis/ros2_foxy/install/tracetools_launch:/home/luis/ros2_foxy/install/topic_monitor:/home/luis/ros2_foxy/install/examples_tf2_py:/home/luis/ros2_foxy/install/sros2:/home/luis/ros2_foxy/install/rqt_topic:/home/luis/ros2_foxy/install/rqt_top:/home/luis/ros2_foxy/install/rqt_srv:/home/luis/ros2_foxy/install/rqt_shell:/home/luis/ros2_foxy/install/rqt_service_caller:/home/luis/ros2_foxy/install/rqt_reconfigure:/home/luis/ros2_foxy/install/rqt_py_console:/home/luis/ros2_foxy/install/rqt_publisher:/home/luis/ros2_foxy/install/rqt_plot:/home/luis/ros2_foxy/install/rqt_action:/home/luis/ros2_foxy/install/rqt_msg:/home/luis/ros2_foxy/install/rqt:/home/luis/ros2_foxy/install/rqt_graph:/home/luis/ros2_foxy/install/rqt_gui_py:/home/luis/ros2_foxy/install/rqt_gui:/home/luis/ros2_foxy/install/ros2trace:/home/luis/ros2_foxy/install/ros2topic:/home/luis/ros2_foxy/install/ros2test:/home/luis/ros2_foxy/install/ros2component:/home/luis/ros2_foxy/install/ros2param:/home/luis/ros2_foxy/install/ros2lifecycle:/home/luis/ros2_foxy/install/ros2service:/home/luis/ros2_foxy/install/ros2run:/home/luis/ros2_foxy/install/ros2launch:/home/luis/ros2_foxy/install/ros2pkg:/home/luis/ros2_foxy/install/ros2node:/home/luis/ros2_foxy/install/ros2multicast:/home/luis/ros2_foxy/install/ros2interface:/home/luis/ros2_foxy/install/ros2doctor:/home/luis/ros2_foxy/install/ros2action:/home/luis/ros2_foxy/install/ros2cli:/home/luis/ros2_foxy/install/quality_of_service_demo_py:/home/luis/ros2_foxy/install/launch_testing_ros:/home/luis/ros2_foxy/install/launch_ros:/home/luis/ros2_foxy/install/examples_rclpy_minimal_subscriber:/home/luis/ros2_foxy/install/examples_rclpy_minimal_service:/home/luis/ros2_foxy/install/examples_rclpy_minimal_publisher:/home/luis/ros2_foxy/install/examples_rclpy_minimal_client:/home/luis/ros2_foxy/install/examples_rclpy_minimal_action_server:/home/luis/ros2_foxy/install/examples_rclpy_minimal_action_client:/home/luis/ros2_foxy/install/examples_rclpy_executors:/home/luis/ros2_foxy/install/demo_nodes_py:/home/luis/ros2_foxy/install/action_tutorials_py:/home/luis/ros2_foxy/install/ament_uncrustify:/home/luis/ros2_foxy/install/tracetools_trace:/home/luis/ros2_foxy/install/tracetools_read:/home/luis/ros2_foxy/install/test_launch_ros:/home/luis/ros2_foxy/install/sensor_msgs_py:/home/luis/ros2_foxy/install/rpyutils:/home/luis/ros2_foxy/install/rosidl_runtime_py:/home/luis/ros2_foxy/install/launch_yaml:/home/luis/ros2_foxy/install/launch_xml:/home/luis/ros2_foxy/install/launch_testing:/home/luis/ros2_foxy/install/launch:/home/luis/ros2_foxy/install/osrf_pycommon:/home/luis/ros2_foxy/install/domain_coordinator:/home/luis/ros2_foxy/install/ament_xmllint:/home/luis/ros2_foxy/install/ament_pyflakes:/home/luis/ros2_foxy/install/ament_pycodestyle:/home/luis/ros2_foxy/install/ament_pep257:/home/luis/ros2_foxy/install/ament_pclint:/home/luis/ros2_foxy/install/ament_package:/home/luis/ros2_foxy/install/ament_mypy:/home/luis/ros2_foxy/install/ament_lint_cmake:/home/luis/ros2_foxy/install/ament_flake8:/home/luis/ros2_foxy/install/ament_copyright:/home/luis/ros2_foxy/install/ament_lint:/home/luis/ros2_foxy/install/ament_index_python:/home/luis/ros2_foxy/install/ament_cpplint:/home/luis/ros2_foxy/install/ament_cppcheck:/home/luis/ros2_foxy/install/ament_clang_tidy:/home/luis/ros2_foxy/install/ament_clang_format:/opt/ros/foxy /usr/bin/cmake --install /mnt/c/Users/luisf/github/RoboticsSoftwareEngineerUdacity/GoChaseIt/build/my_robot
[21.802s] Level 1:colcon.colcon_core.environment:checking '/mnt/c/Users/luisf/github/RoboticsSoftwareEngineerUdacity/GoChaseIt/install/my_robot' for CMake module files
[22.345s] Level 1:colcon.colcon_core.environment:checking '/mnt/c/Users/luisf/github/RoboticsSoftwareEngineerUdacity/GoChaseIt/install/my_robot' for CMake config files
[22.685s] Level 1:colcon.colcon_core.shell:create_environment_hook('my_robot', 'cmake_prefix_path')
[22.689s] INFO:colcon.colcon_core.shell:Creating environment hook '/mnt/c/Users/luisf/github/RoboticsSoftwareEngineerUdacity/GoChaseIt/install/my_robot/share/my_robot/hook/cmake_prefix_path.ps1'
[22.750s] INFO:colcon.colcon_core.shell:Creating environment descriptor '/mnt/c/Users/luisf/github/RoboticsSoftwareEngineerUdacity/GoChaseIt/install/my_robot/share/my_robot/hook/cmake_prefix_path.dsv'
[22.798s] INFO:colcon.colcon_core.shell:Creating environment hook '/mnt/c/Users/luisf/github/RoboticsSoftwareEngineerUdacity/GoChaseIt/install/my_robot/share/my_robot/hook/cmake_prefix_path.sh'
[22.852s] Level 1:colcon.colcon_core.environment:checking '/mnt/c/Users/luisf/github/RoboticsSoftwareEngineerUdacity/GoChaseIt/install/my_robot/bin'
[22.855s] Level 1:colcon.colcon_core.environment:checking '/mnt/c/Users/luisf/github/RoboticsSoftwareEngineerUdacity/GoChaseIt/install/my_robot/lib/pkgconfig/my_robot.pc'
[22.858s] Level 1:colcon.colcon_core.environment:checking '/mnt/c/Users/luisf/github/RoboticsSoftwareEngineerUdacity/GoChaseIt/install/my_robot/lib/python3.8/site-packages'
[22.864s] INFO:colcon.colcon_core.shell:Creating package script '/mnt/c/Users/luisf/github/RoboticsSoftwareEngineerUdacity/GoChaseIt/install/my_robot/share/my_robot/package.ps1'
[22.901s] INFO:colcon.colcon_core.shell:Creating package descriptor '/mnt/c/Users/luisf/github/RoboticsSoftwareEngineerUdacity/GoChaseIt/install/my_robot/share/my_robot/package.dsv'
[22.942s] INFO:colcon.colcon_core.shell:Creating package script '/mnt/c/Users/luisf/github/RoboticsSoftwareEngineerUdacity/GoChaseIt/install/my_robot/share/my_robot/package.sh'
[22.982s] INFO:colcon.colcon_core.shell:Creating package script '/mnt/c/Users/luisf/github/RoboticsSoftwareEngineerUdacity/GoChaseIt/install/my_robot/share/my_robot/package.bash'
[23.024s] INFO:colcon.colcon_core.shell:Creating package script '/mnt/c/Users/luisf/github/RoboticsSoftwareEngineerUdacity/GoChaseIt/install/my_robot/share/my_robot/package.zsh'
[23.074s] Level 1:colcon.colcon_core.environment:create_file_with_runtime_dependencies(/mnt/c/Users/luisf/github/RoboticsSoftwareEngineerUdacity/GoChaseIt/install/my_robot/share/colcon-core/packages/my_robot)
[27.268s] Level 1:colcon.colcon_core.environment:create_environment_scripts_only(my_robot)
[27.276s] Level 1:colcon.colcon_core.environment:checking '/mnt/c/Users/luisf/github/RoboticsSoftwareEngineerUdacity/GoChaseIt/install/my_robot' for CMake module files
[27.864s] Level 1:colcon.colcon_core.environment:checking '/mnt/c/Users/luisf/github/RoboticsSoftwareEngineerUdacity/GoChaseIt/install/my_robot' for CMake config files
[28.245s] Level 1:colcon.colcon_core.shell:create_environment_hook('my_robot', 'cmake_prefix_path')
[28.249s] INFO:colcon.colcon_core.shell:Creating environment hook '/mnt/c/Users/luisf/github/RoboticsSoftwareEngineerUdacity/GoChaseIt/install/my_robot/share/my_robot/hook/cmake_prefix_path.ps1'
[28.326s] INFO:colcon.colcon_core.shell:Creating environment descriptor '/mnt/c/Users/luisf/github/RoboticsSoftwareEngineerUdacity/GoChaseIt/install/my_robot/share/my_robot/hook/cmake_prefix_path.dsv'
[28.404s] INFO:colcon.colcon_core.shell:Creating environment hook '/mnt/c/Users/luisf/github/RoboticsSoftwareEngineerUdacity/GoChaseIt/install/my_robot/share/my_robot/hook/cmake_prefix_path.sh'
[28.499s] Level 1:colcon.colcon_core.environment:checking '/mnt/c/Users/luisf/github/RoboticsSoftwareEngineerUdacity/GoChaseIt/install/my_robot/bin'
[28.507s] Level 1:colcon.colcon_core.environment:checking '/mnt/c/Users/luisf/github/RoboticsSoftwareEngineerUdacity/GoChaseIt/install/my_robot/lib/pkgconfig/my_robot.pc'
[28.514s] Level 1:colcon.colcon_core.environment:checking '/mnt/c/Users/luisf/github/RoboticsSoftwareEngineerUdacity/GoChaseIt/install/my_robot/lib/python3.8/site-packages'
[28.524s] INFO:colcon.colcon_core.shell:Creating package script '/mnt/c/Users/luisf/github/RoboticsSoftwareEngineerUdacity/GoChaseIt/install/my_robot/share/my_robot/package.ps1'
[28.591s] INFO:colcon.colcon_core.shell:Creating package descriptor '/mnt/c/Users/luisf/github/RoboticsSoftwareEngineerUdacity/GoChaseIt/install/my_robot/share/my_robot/package.dsv'
[28.654s] INFO:colcon.colcon_core.shell:Creating package script '/mnt/c/Users/luisf/github/RoboticsSoftwareEngineerUdacity/GoChaseIt/install/my_robot/share/my_robot/package.sh'
[28.719s] INFO:colcon.colcon_core.shell:Creating package script '/mnt/c/Users/luisf/github/RoboticsSoftwareEngineerUdacity/GoChaseIt/install/my_robot/share/my_robot/package.bash'
[28.785s] INFO:colcon.colcon_core.shell:Creating package script '/mnt/c/Users/luisf/github/RoboticsSoftwareEngineerUdacity/GoChaseIt/install/my_robot/share/my_robot/package.zsh'
[28.850s] Level 1:colcon.colcon_core.environment:create_file_with_runtime_dependencies(/mnt/c/Users/luisf/github/RoboticsSoftwareEngineerUdacity/GoChaseIt/install/my_robot/share/colcon-core/packages/my_robot)
[28.900s] DEBUG:colcon.colcon_parallel_executor.executor.parallel:closing loop
[28.903s] DEBUG:colcon.colcon_parallel_executor.executor.parallel:loop closed
[28.904s] DEBUG:colcon.colcon_parallel_executor.executor.parallel:run_until_complete finished with '0'
[28.906s] DEBUG:colcon.colcon_core.event_reactor:joining thread
[29.359s] INFO:colcon.colcon_core.plugin_system:Skipping extension 'colcon_notification.desktop_notification.notify_send': Could not find 'notify-send'
[29.361s] INFO:colcon.colcon_core.plugin_system:Skipping extension 'colcon_notification.desktop_notification.terminal_notifier': Not used on non-Darwin systems
[29.363s] INFO:colcon.colcon_core.plugin_system:Skipping extension 'colcon_notification.desktop_notification.win32': Not used on non-Windows systems
[29.364s] INFO:colcon.colcon_notification.desktop_notification:Sending desktop notification using 'notify2'
[30.241s] DEBUG:colcon.colcon_notification.desktop_notification.notify2:Failed to initialize notify2: org.freedesktop.DBus.Error.ServiceUnknown: The name org.freedesktop.Notifications was not provided by any .service files
[30.244s] DEBUG:colcon.colcon_core.event_reactor:joined thread
[30.249s] INFO:colcon.colcon_core.shell:Creating prefix script '/mnt/c/Users/luisf/github/RoboticsSoftwareEngineerUdacity/GoChaseIt/install/local_setup.ps1'
[30.276s] INFO:colcon.colcon_core.shell:Creating prefix util module '/mnt/c/Users/luisf/github/RoboticsSoftwareEngineerUdacity/GoChaseIt/install/_local_setup_util_ps1.py'
[30.303s] INFO:colcon.colcon_core.shell:Creating prefix chain script '/mnt/c/Users/luisf/github/RoboticsSoftwareEngineerUdacity/GoChaseIt/install/setup.ps1'
[30.665s] INFO:colcon.colcon_core.shell:Creating prefix script '/mnt/c/Users/luisf/github/RoboticsSoftwareEngineerUdacity/GoChaseIt/install/local_setup.sh'
[30.688s] INFO:colcon.colcon_core.shell:Creating prefix util module '/mnt/c/Users/luisf/github/RoboticsSoftwareEngineerUdacity/GoChaseIt/install/_local_setup_util_sh.py'
[30.712s] INFO:colcon.colcon_core.shell:Creating prefix chain script '/mnt/c/Users/luisf/github/RoboticsSoftwareEngineerUdacity/GoChaseIt/install/setup.sh'
[31.075s] INFO:colcon.colcon_core.shell:Creating prefix script '/mnt/c/Users/luisf/github/RoboticsSoftwareEngineerUdacity/GoChaseIt/install/local_setup.bash'
[31.090s] INFO:colcon.colcon_core.shell:Creating prefix chain script '/mnt/c/Users/luisf/github/RoboticsSoftwareEngineerUdacity/GoChaseIt/install/setup.bash'
[31.255s] INFO:colcon.colcon_core.shell:Creating prefix script '/mnt/c/Users/luisf/github/RoboticsSoftwareEngineerUdacity/GoChaseIt/install/local_setup.zsh'
[31.265s] INFO:colcon.colcon_core.shell:Creating prefix chain script '/mnt/c/Users/luisf/github/RoboticsSoftwareEngineerUdacity/GoChaseIt/install/setup.zsh'
