[4.917s] Invoking command in '/mnt/c/Users/luisf/github/RoboticsSoftwareEngineerUdacity/GoChaseIt/src/robot_spawner_pkg': PYTHONPATH=/mnt/c/Users/luisf/github/RoboticsSoftwareEngineerUdacity/GoChaseIt/install/robot_spawner_pkg/lib/python3.8/site-packages:${PYTHONPATH} /usr/bin/python3 setup.py egg_info --egg-base ../../build/robot_spawner_pkg build --build-base /mnt/c/Users/luisf/github/RoboticsSoftwareEngineerUdacity/GoChaseIt/build/robot_spawner_pkg/build install --prefix /mnt/c/Users/luisf/github/RoboticsSoftwareEngineerUdacity/GoChaseIt/install/robot_spawner_pkg --record /mnt/c/Users/luisf/github/RoboticsSoftwareEngineerUdacity/GoChaseIt/build/robot_spawner_pkg/install.log --single-version-externally-managed
[9.531s] running egg_info
[9.541s] writing ../../build/robot_spawner_pkg/robot_spawner_pkg.egg-info/PKG-INFO
[9.550s] writing dependency_links to ../../build/robot_spawner_pkg/robot_spawner_pkg.egg-info/dependency_links.txt
[9.558s] writing entry points to ../../build/robot_spawner_pkg/robot_spawner_pkg.egg-info/entry_points.txt
[9.563s] writing requirements to ../../build/robot_spawner_pkg/robot_spawner_pkg.egg-info/requires.txt
[9.567s] writing top-level names to ../../build/robot_spawner_pkg/robot_spawner_pkg.egg-info/top_level.txt
[9.734s] reading manifest file '../../build/robot_spawner_pkg/robot_spawner_pkg.egg-info/SOURCES.txt'
[9.812s] writing manifest file '../../build/robot_spawner_pkg/robot_spawner_pkg.egg-info/SOURCES.txt'
[9.815s] running build
[9.816s] running build_py
[9.851s] running install
[9.863s] running install_lib
[9.989s] running install_data
[10.018s] running install_egg_info
[10.049s] removing '/mnt/c/Users/luisf/github/RoboticsSoftwareEngineerUdacity/GoChaseIt/install/robot_spawner_pkg/lib/python3.8/site-packages/robot_spawner_pkg-0.0.0-py3.8.egg-info' (and everything under it)
[10.114s] Copying ../../build/robot_spawner_pkg/robot_spawner_pkg.egg-info to /mnt/c/Users/luisf/github/RoboticsSoftwareEngineerUdacity/GoChaseIt/install/robot_spawner_pkg/lib/python3.8/site-packages/robot_spawner_pkg-0.0.0-py3.8.egg-info
[10.398s] running install_scripts
[10.537s] Installing spawn_robot script to /mnt/c/Users/luisf/github/RoboticsSoftwareEngineerUdacity/GoChaseIt/install/robot_spawner_pkg/lib/robot_spawner_pkg
[10.553s] writing list of installed files to '/mnt/c/Users/luisf/github/RoboticsSoftwareEngineerUdacity/GoChaseIt/build/robot_spawner_pkg/install.log'
[10.583s] Invoked command in '/mnt/c/Users/luisf/github/RoboticsSoftwareEngineerUdacity/GoChaseIt/src/robot_spawner_pkg' returned '0': PYTHONPATH=/mnt/c/Users/luisf/github/RoboticsSoftwareEngineerUdacity/GoChaseIt/install/robot_spawner_pkg/lib/python3.8/site-packages:${PYTHONPATH} /usr/bin/python3 setup.py egg_info --egg-base ../../build/robot_spawner_pkg build --build-base /mnt/c/Users/luisf/github/RoboticsSoftwareEngineerUdacity/GoChaseIt/build/robot_spawner_pkg/build install --prefix /mnt/c/Users/luisf/github/RoboticsSoftwareEngineerUdacity/GoChaseIt/install/robot_spawner_pkg --record /mnt/c/Users/luisf/github/RoboticsSoftwareEngineerUdacity/GoChaseIt/build/robot_spawner_pkg/install.log --single-version-externally-managed
