running egg_info
writing ../../build/robot_spawner_pkg/robot_spawner_pkg.egg-info/PKG-INFO
writing dependency_links to ../../build/robot_spawner_pkg/robot_spawner_pkg.egg-info/dependency_links.txt
writing entry points to ../../build/robot_spawner_pkg/robot_spawner_pkg.egg-info/entry_points.txt
writing requirements to ../../build/robot_spawner_pkg/robot_spawner_pkg.egg-info/requires.txt
writing top-level names to ../../build/robot_spawner_pkg/robot_spawner_pkg.egg-info/top_level.txt
reading manifest file '../../build/robot_spawner_pkg/robot_spawner_pkg.egg-info/SOURCES.txt'
writing manifest file '../../build/robot_spawner_pkg/robot_spawner_pkg.egg-info/SOURCES.txt'
running build
running build_py
copying robot_spawner_pkg/spawn_robot.py -> /mnt/c/Users/luisf/github/RoboticsSoftwareEngineerUdacity/GoChaseIt/build/robot_spawner_pkg/build/lib/robot_spawner_pkg
running install
running install_lib
copying /mnt/c/Users/luisf/github/RoboticsSoftwareEngineerUdacity/GoChaseIt/build/robot_spawner_pkg/build/lib/robot_spawner_pkg/spawn_robot.py -> /mnt/c/Users/luisf/github/RoboticsSoftwareEngineerUdacity/GoChaseIt/install/robot_spawner_pkg/lib/python3.8/site-packages/robot_spawner_pkg
byte-compiling /mnt/c/Users/luisf/github/RoboticsSoftwareEngineerUdacity/GoChaseIt/install/robot_spawner_pkg/lib/python3.8/site-packages/robot_spawner_pkg/spawn_robot.py to spawn_robot.cpython-38.pyc
running install_data
running install_egg_info
removing '/mnt/c/Users/luisf/github/RoboticsSoftwareEngineerUdacity/GoChaseIt/install/robot_spawner_pkg/lib/python3.8/site-packages/robot_spawner_pkg-0.0.0-py3.8.egg-info' (and everything under it)
Copying ../../build/robot_spawner_pkg/robot_spawner_pkg.egg-info to /mnt/c/Users/luisf/github/RoboticsSoftwareEngineerUdacity/GoChaseIt/install/robot_spawner_pkg/lib/python3.8/site-packages/robot_spawner_pkg-0.0.0-py3.8.egg-info
running install_scripts
Installing spawn_robot script to /mnt/c/Users/luisf/github/RoboticsSoftwareEngineerUdacity/GoChaseIt/install/robot_spawner_pkg/lib/robot_spawner_pkg
writing list of installed files to '/mnt/c/Users/luisf/github/RoboticsSoftwareEngineerUdacity/GoChaseIt/build/robot_spawner_pkg/install.log'
