[5.333s] Invoking command in '/mnt/c/Users/luisf/github/RoboticsSoftwareEngineerUdacity/GoChaseIt/src/robot_spawner_pkg': PYTHONPATH=/mnt/c/Users/luisf/github/RoboticsSoftwareEngineerUdacity/GoChaseIt/install/robot_spawner_pkg/lib/python3.8/site-packages:${PYTHONPATH} /usr/bin/python3 setup.py egg_info --egg-base ../../build/robot_spawner_pkg build --build-base /mnt/c/Users/luisf/github/RoboticsSoftwareEngineerUdacity/GoChaseIt/build/robot_spawner_pkg/build install --prefix /mnt/c/Users/luisf/github/RoboticsSoftwareEngineerUdacity/GoChaseIt/install/robot_spawner_pkg --record /mnt/c/Users/luisf/github/RoboticsSoftwareEngineerUdacity/GoChaseIt/build/robot_spawner_pkg/install.log --single-version-externally-managed
[9.836s] running egg_info
[9.847s] writing ../../build/robot_spawner_pkg/robot_spawner_pkg.egg-info/PKG-INFO
[9.857s] writing dependency_links to ../../build/robot_spawner_pkg/robot_spawner_pkg.egg-info/dependency_links.txt
[9.865s] writing entry points to ../../build/robot_spawner_pkg/robot_spawner_pkg.egg-info/entry_points.txt
[9.875s] writing requirements to ../../build/robot_spawner_pkg/robot_spawner_pkg.egg-info/requires.txt
[9.882s] writing top-level names to ../../build/robot_spawner_pkg/robot_spawner_pkg.egg-info/top_level.txt
[10.142s] reading manifest file '../../build/robot_spawner_pkg/robot_spawner_pkg.egg-info/SOURCES.txt'
[10.238s] writing manifest file '../../build/robot_spawner_pkg/robot_spawner_pkg.egg-info/SOURCES.txt'
[10.242s] running build
[10.243s] running build_py
[10.276s] running install
[10.288s] running install_lib
[10.420s] running install_data
[10.450s] running install_egg_info
[10.472s] removing '/mnt/c/Users/luisf/github/RoboticsSoftwareEngineerUdacity/GoChaseIt/install/robot_spawner_pkg/lib/python3.8/site-packages/robot_spawner_pkg-0.0.0-py3.8.egg-info' (and everything under it)
[10.538s] Copying ../../build/robot_spawner_pkg/robot_spawner_pkg.egg-info to /mnt/c/Users/luisf/github/RoboticsSoftwareEngineerUdacity/GoChaseIt/install/robot_spawner_pkg/lib/python3.8/site-packages/robot_spawner_pkg-0.0.0-py3.8.egg-info
[10.829s] running install_scripts
[10.981s] Installing spawn_robot script to /mnt/c/Users/luisf/github/RoboticsSoftwareEngineerUdacity/GoChaseIt/install/robot_spawner_pkg/lib/robot_spawner_pkg
[10.996s] writing list of installed files to '/mnt/c/Users/luisf/github/RoboticsSoftwareEngineerUdacity/GoChaseIt/build/robot_spawner_pkg/install.log'
[11.032s] Invoked command in '/mnt/c/Users/luisf/github/RoboticsSoftwareEngineerUdacity/GoChaseIt/src/robot_spawner_pkg' returned '0': PYTHONPATH=/mnt/c/Users/luisf/github/RoboticsSoftwareEngineerUdacity/GoChaseIt/install/robot_spawner_pkg/lib/python3.8/site-packages:${PYTHONPATH} /usr/bin/python3 setup.py egg_info --egg-base ../../build/robot_spawner_pkg build --build-base /mnt/c/Users/luisf/github/RoboticsSoftwareEngineerUdacity/GoChaseIt/build/robot_spawner_pkg/build install --prefix /mnt/c/Users/luisf/github/RoboticsSoftwareEngineerUdacity/GoChaseIt/install/robot_spawner_pkg --record /mnt/c/Users/luisf/github/RoboticsSoftwareEngineerUdacity/GoChaseIt/build/robot_spawner_pkg/install.log --single-version-externally-managed
