[5.837s] DEBUG:colcon:Command line arguments: ['/usr/bin/colcon', 'build']
[5.838s] DEBUG:colcon:Parsed command line arguments: Namespace(ament_cmake_args=None, base_paths=['.'], build_base='build', catkin_cmake_args=None, catkin_skip_building_tests=False, cmake_args=None, cmake_clean_cache=False, cmake_clean_first=False, cmake_force_configure=False, cmake_target=None, cmake_target_skip_unavailable=False, continue_on_error=False, event_handlers=None, executor='parallel', ignore_user_meta=False, install_base='install', log_base=None, log_level=None, main=<bound method BuildVerb.main of <colcon_core.verb.build.BuildVerb object at 0x7f4831a35160>>, merge_install=False, metas=['./colcon.meta'], packages_above=None, packages_above_and_dependencies=None, packages_above_depth=None, packages_end=None, packages_ignore=None, packages_ignore_regex=None, packages_select=None, packages_select_build_failed=False, packages_select_by_dep=None, packages_select_regex=None, packages_select_test_failures=False, packages_skip=None, packages_skip_build_finished=False, packages_skip_by_dep=None, packages_skip_regex=None, packages_skip_test_passed=False, packages_skip_up_to=None, packages_start=None, packages_up_to=None, packages_up_to_regex=None, parallel_workers=8, paths=None, symlink_install=False, test_result_base=None, verb_extension=<colcon_core.verb.build.BuildVerb object at 0x7f4831a35160>, verb_name='build', verb_parser=<colcon_defaults.argument_parser.defaults.DefaultArgumentsDecorator object at 0x7f4831a35610>)
[5.988s] Level 1:colcon.colcon_core.package_discovery:discover_packages(colcon_meta) check parameters
[5.990s] Level 1:colcon.colcon_core.package_discovery:discover_packages(recursive) check parameters
[5.991s] Level 1:colcon.colcon_core.package_discovery:discover_packages(ignore) check parameters
[5.992s] Level 1:colcon.colcon_core.package_discovery:discover_packages(path) check parameters
[5.992s] Level 1:colcon.colcon_core.package_discovery:discover_packages(colcon_meta) discover
[5.993s] Level 1:colcon.colcon_core.package_discovery:discover_packages(recursive) discover
[5.994s] INFO:colcon.colcon_core.package_discovery:Crawling recursively for packages in '/mnt/c/Users/luisf/github/RoboticsSoftwareEngineerUdacity/GoChaseIt'
[5.999s] Level 1:colcon.colcon_core.package_identification:_identify(.) by extensions ['ignore', 'ignore_ament_install']
[6.000s] Level 1:colcon.colcon_core.package_identification:_identify(.) by extension 'ignore'
[6.001s] Level 1:colcon.colcon_core.package_identification:_identify(.) by extension 'ignore_ament_install'
[6.003s] Level 1:colcon.colcon_core.package_identification:_identify(.) by extensions ['colcon_pkg']
[6.004s] Level 1:colcon.colcon_core.package_identification:_identify(.) by extension 'colcon_pkg'
[6.005s] Level 1:colcon.colcon_core.package_identification:_identify(.) by extensions ['colcon_meta']
[6.006s] Level 1:colcon.colcon_core.package_identification:_identify(.) by extension 'colcon_meta'
[6.007s] Level 1:colcon.colcon_core.package_identification:_identify(.) by extensions ['ros']
[6.008s] Level 1:colcon.colcon_core.package_identification:_identify(.) by extension 'ros'
[6.074s] Level 1:colcon.colcon_core.package_identification:_identify(.) by extensions ['cmake', 'python']
[6.075s] Level 1:colcon.colcon_core.package_identification:_identify(.) by extension 'cmake'
[6.076s] Level 1:colcon.colcon_core.package_identification:_identify(.) by extension 'python'
[6.078s] Level 1:colcon.colcon_core.package_identification:_identify(.) by extensions ['python_setup_py']
[6.078s] Level 1:colcon.colcon_core.package_identification:_identify(.) by extension 'python_setup_py'
[6.093s] Level 1:colcon.colcon_core.package_identification:_identify(build) by extensions ['ignore', 'ignore_ament_install']
[6.094s] Level 1:colcon.colcon_core.package_identification:_identify(build) by extension 'ignore'
[6.098s] Level 1:colcon.colcon_core.package_identification:_identify(build) ignored
[6.106s] Level 1:colcon.colcon_core.package_identification:_identify(install) by extensions ['ignore', 'ignore_ament_install']
[6.107s] Level 1:colcon.colcon_core.package_identification:_identify(install) by extension 'ignore'
[6.111s] Level 1:colcon.colcon_core.package_identification:_identify(install) ignored
[6.125s] Level 1:colcon.colcon_core.package_identification:_identify(log) by extensions ['ignore', 'ignore_ament_install']
[6.126s] Level 1:colcon.colcon_core.package_identification:_identify(log) by extension 'ignore'
[6.129s] Level 1:colcon.colcon_core.package_identification:_identify(log) ignored
[6.137s] Level 1:colcon.colcon_core.package_identification:_identify(src) by extensions ['ignore', 'ignore_ament_install']
[6.138s] Level 1:colcon.colcon_core.package_identification:_identify(src) by extension 'ignore'
[6.141s] Level 1:colcon.colcon_core.package_identification:_identify(src) by extension 'ignore_ament_install'
[6.146s] Level 1:colcon.colcon_core.package_identification:_identify(src) by extensions ['colcon_pkg']
[6.147s] Level 1:colcon.colcon_core.package_identification:_identify(src) by extension 'colcon_pkg'
[6.150s] Level 1:colcon.colcon_core.package_identification:_identify(src) by extensions ['colcon_meta']
[6.150s] Level 1:colcon.colcon_core.package_identification:_identify(src) by extension 'colcon_meta'
[6.153s] Level 1:colcon.colcon_core.package_identification:_identify(src) by extensions ['ros']
[6.154s] Level 1:colcon.colcon_core.package_identification:_identify(src) by extension 'ros'
[6.165s] Level 1:colcon.colcon_core.package_identification:_identify(src) by extensions ['cmake', 'python']
[6.166s] Level 1:colcon.colcon_core.package_identification:_identify(src) by extension 'cmake'
[6.169s] Level 1:colcon.colcon_core.package_identification:_identify(src) by extension 'python'
[6.172s] Level 1:colcon.colcon_core.package_identification:_identify(src) by extensions ['python_setup_py']
[6.173s] Level 1:colcon.colcon_core.package_identification:_identify(src) by extension 'python_setup_py'
[6.189s] Level 1:colcon.colcon_core.package_identification:_identify(src/my_robot) by extensions ['ignore', 'ignore_ament_install']
[6.190s] Level 1:colcon.colcon_core.package_identification:_identify(src/my_robot) by extension 'ignore'
[6.194s] Level 1:colcon.colcon_core.package_identification:_identify(src/my_robot) by extension 'ignore_ament_install'
[6.202s] Level 1:colcon.colcon_core.package_identification:_identify(src/my_robot) by extensions ['colcon_pkg']
[6.202s] Level 1:colcon.colcon_core.package_identification:_identify(src/my_robot) by extension 'colcon_pkg'
[6.207s] Level 1:colcon.colcon_core.package_identification:_identify(src/my_robot) by extensions ['colcon_meta']
[6.207s] Level 1:colcon.colcon_core.package_identification:_identify(src/my_robot) by extension 'colcon_meta'
[6.214s] Level 1:colcon.colcon_core.package_identification:_identify(src/my_robot) by extensions ['ros']
[6.215s] Level 1:colcon.colcon_core.package_identification:_identify(src/my_robot) by extension 'ros'
[6.262s] DEBUG:colcon.colcon_core.package_identification:Package 'src/my_robot' with type 'ros.ament_cmake' and name 'my_robot'
[6.276s] Level 1:colcon.colcon_core.package_identification:_identify(src/robot_spawner_pkg) by extensions ['ignore', 'ignore_ament_install']
[6.276s] Level 1:colcon.colcon_core.package_identification:_identify(src/robot_spawner_pkg) by extension 'ignore'
[6.281s] Level 1:colcon.colcon_core.package_identification:_identify(src/robot_spawner_pkg) by extension 'ignore_ament_install'
[6.289s] Level 1:colcon.colcon_core.package_identification:_identify(src/robot_spawner_pkg) by extensions ['colcon_pkg']
[6.289s] Level 1:colcon.colcon_core.package_identification:_identify(src/robot_spawner_pkg) by extension 'colcon_pkg'
[6.294s] Level 1:colcon.colcon_core.package_identification:_identify(src/robot_spawner_pkg) by extensions ['colcon_meta']
[6.294s] Level 1:colcon.colcon_core.package_identification:_identify(src/robot_spawner_pkg) by extension 'colcon_meta'
[6.301s] Level 1:colcon.colcon_core.package_identification:_identify(src/robot_spawner_pkg) by extensions ['ros']
[6.302s] Level 1:colcon.colcon_core.package_identification:_identify(src/robot_spawner_pkg) by extension 'ros'
[6.363s] DEBUG:colcon.colcon_core.package_identification:Package 'src/robot_spawner_pkg' with type 'ros.ament_python' and name 'robot_spawner_pkg'
[6.364s] Level 1:colcon.colcon_core.package_discovery:discover_packages(recursive) using defaults
[6.364s] Level 1:colcon.colcon_core.package_discovery:discover_packages(ignore) discover
[6.365s] Level 1:colcon.colcon_core.package_discovery:discover_packages(ignore) using defaults
[6.366s] Level 1:colcon.colcon_core.package_discovery:discover_packages(path) discover
[6.366s] Level 1:colcon.colcon_core.package_discovery:discover_packages(path) using defaults
[6.883s] Level 5:colcon.colcon_core.verb:set package 'my_robot' build argument 'cmake_args' from command line to 'None'
[6.884s] Level 5:colcon.colcon_core.verb:set package 'my_robot' build argument 'cmake_target' from command line to 'None'
[6.885s] Level 5:colcon.colcon_core.verb:set package 'my_robot' build argument 'cmake_target_skip_unavailable' from command line to 'False'
[6.886s] Level 5:colcon.colcon_core.verb:set package 'my_robot' build argument 'cmake_clean_cache' from command line to 'False'
[6.887s] Level 5:colcon.colcon_core.verb:set package 'my_robot' build argument 'cmake_clean_first' from command line to 'False'
[6.888s] Level 5:colcon.colcon_core.verb:set package 'my_robot' build argument 'cmake_force_configure' from command line to 'False'
[6.888s] Level 5:colcon.colcon_core.verb:set package 'my_robot' build argument 'ament_cmake_args' from command line to 'None'
[6.890s] Level 5:colcon.colcon_core.verb:set package 'my_robot' build argument 'catkin_cmake_args' from command line to 'None'
[6.890s] Level 5:colcon.colcon_core.verb:set package 'my_robot' build argument 'catkin_skip_building_tests' from command line to 'False'
[6.892s] DEBUG:colcon.colcon_core.verb:Building package 'my_robot' with the following arguments: {'ament_cmake_args': None, 'build_base': '/mnt/c/Users/luisf/github/RoboticsSoftwareEngineerUdacity/GoChaseIt/build/my_robot', 'catkin_cmake_args': None, 'catkin_skip_building_tests': False, 'cmake_args': None, 'cmake_clean_cache': False, 'cmake_clean_first': False, 'cmake_force_configure': False, 'cmake_target': None, 'cmake_target_skip_unavailable': False, 'install_base': '/mnt/c/Users/luisf/github/RoboticsSoftwareEngineerUdacity/GoChaseIt/install/my_robot', 'merge_install': False, 'path': '/mnt/c/Users/luisf/github/RoboticsSoftwareEngineerUdacity/GoChaseIt/src/my_robot', 'symlink_install': False, 'test_result_base': None}
[6.908s] Level 5:colcon.colcon_core.verb:set package 'robot_spawner_pkg' build argument 'cmake_args' from command line to 'None'
[6.909s] Level 5:colcon.colcon_core.verb:set package 'robot_spawner_pkg' build argument 'cmake_target' from command line to 'None'
[6.910s] Level 5:colcon.colcon_core.verb:set package 'robot_spawner_pkg' build argument 'cmake_target_skip_unavailable' from command line to 'False'
[6.911s] Level 5:colcon.colcon_core.verb:set package 'robot_spawner_pkg' build argument 'cmake_clean_cache' from command line to 'False'
[6.912s] Level 5:colcon.colcon_core.verb:set package 'robot_spawner_pkg' build argument 'cmake_clean_first' from command line to 'False'
[6.913s] Level 5:colcon.colcon_core.verb:set package 'robot_spawner_pkg' build argument 'cmake_force_configure' from command line to 'False'
[6.914s] Level 5:colcon.colcon_core.verb:set package 'robot_spawner_pkg' build argument 'ament_cmake_args' from command line to 'None'
[6.915s] Level 5:colcon.colcon_core.verb:set package 'robot_spawner_pkg' build argument 'catkin_cmake_args' from command line to 'None'
[6.916s] Level 5:colcon.colcon_core.verb:set package 'robot_spawner_pkg' build argument 'catkin_skip_building_tests' from command line to 'False'
[6.917s] DEBUG:colcon.colcon_core.verb:Building package 'robot_spawner_pkg' with the following arguments: {'ament_cmake_args': None, 'build_base': '/mnt/c/Users/luisf/github/RoboticsSoftwareEngineerUdacity/GoChaseIt/build/robot_spawner_pkg', 'catkin_cmake_args': None, 'catkin_skip_building_tests': False, 'cmake_args': None, 'cmake_clean_cache': False, 'cmake_clean_first': False, 'cmake_force_configure': False, 'cmake_target': None, 'cmake_target_skip_unavailable': False, 'install_base': '/mnt/c/Users/luisf/github/RoboticsSoftwareEngineerUdacity/GoChaseIt/install/robot_spawner_pkg', 'merge_install': False, 'path': '/mnt/c/Users/luisf/github/RoboticsSoftwareEngineerUdacity/GoChaseIt/src/robot_spawner_pkg', 'symlink_install': False, 'test_result_base': None}
[6.920s] INFO:colcon.colcon_core.executor:Executing jobs using 'parallel' executor
[6.934s] DEBUG:colcon.colcon_parallel_executor.executor.parallel:run_until_complete
[6.936s] INFO:colcon.colcon_ros.task.ament_cmake.build:Building ROS package in '/mnt/c/Users/luisf/github/RoboticsSoftwareEngineerUdacity/GoChaseIt/src/my_robot' with build type 'ament_cmake'
[6.938s] INFO:colcon.colcon_cmake.task.cmake.build:Building CMake package in '/mnt/c/Users/luisf/github/RoboticsSoftwareEngineerUdacity/GoChaseIt/src/my_robot'
[7.044s] INFO:colcon.colcon_core.plugin_system:Skipping extension 'colcon_core.shell.bat': Not used on non-Windows systems
[7.047s] INFO:colcon.colcon_core.shell:Skip shell extension 'powershell' for command environment: Not usable outside of PowerShell
[7.048s] DEBUG:colcon.colcon_core.shell:Skip shell extension 'dsv' for command environment
[7.737s] DEBUG:colcon.colcon_core.shell:Ignoring prefix path '/opt/ros/foxy'
[7.778s] INFO:colcon.colcon_ros.task.ament_python.build:Building ROS package in '/mnt/c/Users/luisf/github/RoboticsSoftwareEngineerUdacity/GoChaseIt/src/robot_spawner_pkg' with build type 'ament_python'
[7.780s] Level 1:colcon.colcon_core.shell:create_environment_hook('robot_spawner_pkg', 'ament_prefix_path')
[7.787s] INFO:colcon.colcon_core.shell:Creating environment hook '/mnt/c/Users/luisf/github/RoboticsSoftwareEngineerUdacity/GoChaseIt/install/robot_spawner_pkg/share/robot_spawner_pkg/hook/ament_prefix_path.ps1'
[7.848s] INFO:colcon.colcon_core.shell:Creating environment descriptor '/mnt/c/Users/luisf/github/RoboticsSoftwareEngineerUdacity/GoChaseIt/install/robot_spawner_pkg/share/robot_spawner_pkg/hook/ament_prefix_path.dsv'
[7.895s] INFO:colcon.colcon_core.shell:Creating environment hook '/mnt/c/Users/luisf/github/RoboticsSoftwareEngineerUdacity/GoChaseIt/install/robot_spawner_pkg/share/robot_spawner_pkg/hook/ament_prefix_path.sh'
[7.951s] INFO:colcon.colcon_core.shell:Skip shell extension 'powershell' for command environment: Not usable outside of PowerShell
[7.952s] DEBUG:colcon.colcon_core.shell:Skip shell extension 'dsv' for command environment
[8.606s] DEBUG:colcon.colcon_core.shell:Ignoring prefix path '/opt/ros/foxy'
[8.711s] DEBUG:colcon.colcon_core.event_handler.log_command:Invoking command in '/mnt/c/Users/luisf/github/RoboticsSoftwareEngineerUdacity/GoChaseIt/build/my_robot': CMAKE_PREFIX_PATH=${CMAKE_PREFIX_PATH}:/home/luis/turtlebot3_ws/install/turtlebot3_teleop:/home/luis/turtlebot3_ws/install/turtlebot3_example:/mnt/c/Users/luisf/github/RoboticsSoftwareEngineerUdacity/GoChaseIt/install/robot_spawner_pkg:/mnt/c/Users/luisf/github/Udemy-Ros2/install/my_py_pkg:/home/luis/ros2_foxy/install/ros2bag:/home/luis/ros2_foxy/install/tracetools_launch:/home/luis/ros2_foxy/install/topic_monitor:/home/luis/ros2_foxy/install/examples_tf2_py:/home/luis/ros2_foxy/install/sros2:/home/luis/ros2_foxy/install/rqt_topic:/home/luis/ros2_foxy/install/rqt_top:/home/luis/ros2_foxy/install/rqt_srv:/home/luis/ros2_foxy/install/rqt_shell:/home/luis/ros2_foxy/install/rqt_service_caller:/home/luis/ros2_foxy/install/rqt_reconfigure:/home/luis/ros2_foxy/install/rqt_py_console:/home/luis/ros2_foxy/install/rqt_publisher:/home/luis/ros2_foxy/install/rqt_plot:/home/luis/ros2_foxy/install/rqt_action:/home/luis/ros2_foxy/install/rqt_msg:/home/luis/ros2_foxy/install/rqt:/home/luis/ros2_foxy/install/rqt_graph:/home/luis/ros2_foxy/install/rqt_gui_py:/home/luis/ros2_foxy/install/rqt_gui:/home/luis/ros2_foxy/install/ros2trace:/home/luis/ros2_foxy/install/ros2topic:/home/luis/ros2_foxy/install/ros2test:/home/luis/ros2_foxy/install/ros2component:/home/luis/ros2_foxy/install/ros2param:/home/luis/ros2_foxy/install/ros2lifecycle:/home/luis/ros2_foxy/install/ros2service:/home/luis/ros2_foxy/install/ros2run:/home/luis/ros2_foxy/install/ros2launch:/home/luis/ros2_foxy/install/ros2pkg:/home/luis/ros2_foxy/install/ros2node:/home/luis/ros2_foxy/install/ros2multicast:/home/luis/ros2_foxy/install/ros2interface:/home/luis/ros2_foxy/install/ros2doctor:/home/luis/ros2_foxy/install/ros2action:/home/luis/ros2_foxy/install/ros2cli:/home/luis/ros2_foxy/install/quality_of_service_demo_py:/home/luis/ros2_foxy/install/launch_testing_ros:/home/luis/ros2_foxy/install/launch_ros:/home/luis/ros2_foxy/install/examples_rclpy_minimal_subscriber:/home/luis/ros2_foxy/install/examples_rclpy_minimal_service:/home/luis/ros2_foxy/install/examples_rclpy_minimal_publisher:/home/luis/ros2_foxy/install/examples_rclpy_minimal_client:/home/luis/ros2_foxy/install/examples_rclpy_minimal_action_server:/home/luis/ros2_foxy/install/examples_rclpy_minimal_action_client:/home/luis/ros2_foxy/install/examples_rclpy_executors:/home/luis/ros2_foxy/install/demo_nodes_py:/home/luis/ros2_foxy/install/action_tutorials_py:/home/luis/ros2_foxy/install/ament_uncrustify:/home/luis/ros2_foxy/install/tracetools_trace:/home/luis/ros2_foxy/install/tracetools_read:/home/luis/ros2_foxy/install/test_launch_ros:/home/luis/ros2_foxy/install/sensor_msgs_py:/home/luis/ros2_foxy/install/rpyutils:/home/luis/ros2_foxy/install/rosidl_runtime_py:/home/luis/ros2_foxy/install/launch_yaml:/home/luis/ros2_foxy/install/launch_xml:/home/luis/ros2_foxy/install/launch_testing:/home/luis/ros2_foxy/install/launch:/home/luis/ros2_foxy/install/osrf_pycommon:/home/luis/ros2_foxy/install/domain_coordinator:/home/luis/ros2_foxy/install/ament_xmllint:/home/luis/ros2_foxy/install/ament_pyflakes:/home/luis/ros2_foxy/install/ament_pycodestyle:/home/luis/ros2_foxy/install/ament_pep257:/home/luis/ros2_foxy/install/ament_pclint:/home/luis/ros2_foxy/install/ament_package:/home/luis/ros2_foxy/install/ament_mypy:/home/luis/ros2_foxy/install/ament_lint_cmake:/home/luis/ros2_foxy/install/ament_flake8:/home/luis/ros2_foxy/install/ament_copyright:/home/luis/ros2_foxy/install/ament_lint:/home/luis/ros2_foxy/install/ament_index_python:/home/luis/ros2_foxy/install/ament_cpplint:/home/luis/ros2_foxy/install/ament_cppcheck:/home/luis/ros2_foxy/install/ament_clang_tidy:/home/luis/ros2_foxy/install/ament_clang_format:/opt/ros/foxy /usr/bin/cmake --build /mnt/c/Users/luisf/github/RoboticsSoftwareEngineerUdacity/GoChaseIt/build/my_robot -- -j8 -l8
[23.037s] INFO:colcon.colcon_core.task.python.build:Building Python package in '/mnt/c/Users/luisf/github/RoboticsSoftwareEngineerUdacity/GoChaseIt/src/robot_spawner_pkg'
[23.040s] INFO:colcon.colcon_core.shell:Skip shell extension 'powershell' for command environment: Not usable outside of PowerShell
[23.040s] DEBUG:colcon.colcon_core.shell:Skip shell extension 'dsv' for command environment
[23.281s] DEBUG:colcon.colcon_core.shell:Ignoring prefix path '/opt/ros/foxy'
[23.301s] DEBUG:colcon.colcon_core.event_handler.log_command:Invoked command in '/mnt/c/Users/luisf/github/RoboticsSoftwareEngineerUdacity/GoChaseIt/build/my_robot' returned '0': CMAKE_PREFIX_PATH=${CMAKE_PREFIX_PATH}:/home/luis/turtlebot3_ws/install/turtlebot3_teleop:/home/luis/turtlebot3_ws/install/turtlebot3_example:/mnt/c/Users/luisf/github/RoboticsSoftwareEngineerUdacity/GoChaseIt/install/robot_spawner_pkg:/mnt/c/Users/luisf/github/Udemy-Ros2/install/my_py_pkg:/home/luis/ros2_foxy/install/ros2bag:/home/luis/ros2_foxy/install/tracetools_launch:/home/luis/ros2_foxy/install/topic_monitor:/home/luis/ros2_foxy/install/examples_tf2_py:/home/luis/ros2_foxy/install/sros2:/home/luis/ros2_foxy/install/rqt_topic:/home/luis/ros2_foxy/install/rqt_top:/home/luis/ros2_foxy/install/rqt_srv:/home/luis/ros2_foxy/install/rqt_shell:/home/luis/ros2_foxy/install/rqt_service_caller:/home/luis/ros2_foxy/install/rqt_reconfigure:/home/luis/ros2_foxy/install/rqt_py_console:/home/luis/ros2_foxy/install/rqt_publisher:/home/luis/ros2_foxy/install/rqt_plot:/home/luis/ros2_foxy/install/rqt_action:/home/luis/ros2_foxy/install/rqt_msg:/home/luis/ros2_foxy/install/rqt:/home/luis/ros2_foxy/install/rqt_graph:/home/luis/ros2_foxy/install/rqt_gui_py:/home/luis/ros2_foxy/install/rqt_gui:/home/luis/ros2_foxy/install/ros2trace:/home/luis/ros2_foxy/install/ros2topic:/home/luis/ros2_foxy/install/ros2test:/home/luis/ros2_foxy/install/ros2component:/home/luis/ros2_foxy/install/ros2param:/home/luis/ros2_foxy/install/ros2lifecycle:/home/luis/ros2_foxy/install/ros2service:/home/luis/ros2_foxy/install/ros2run:/home/luis/ros2_foxy/install/ros2launch:/home/luis/ros2_foxy/install/ros2pkg:/home/luis/ros2_foxy/install/ros2node:/home/luis/ros2_foxy/install/ros2multicast:/home/luis/ros2_foxy/install/ros2interface:/home/luis/ros2_foxy/install/ros2doctor:/home/luis/ros2_foxy/install/ros2action:/home/luis/ros2_foxy/install/ros2cli:/home/luis/ros2_foxy/install/quality_of_service_demo_py:/home/luis/ros2_foxy/install/launch_testing_ros:/home/luis/ros2_foxy/install/launch_ros:/home/luis/ros2_foxy/install/examples_rclpy_minimal_subscriber:/home/luis/ros2_foxy/install/examples_rclpy_minimal_service:/home/luis/ros2_foxy/install/examples_rclpy_minimal_publisher:/home/luis/ros2_foxy/install/examples_rclpy_minimal_client:/home/luis/ros2_foxy/install/examples_rclpy_minimal_action_server:/home/luis/ros2_foxy/install/examples_rclpy_minimal_action_client:/home/luis/ros2_foxy/install/examples_rclpy_executors:/home/luis/ros2_foxy/install/demo_nodes_py:/home/luis/ros2_foxy/install/action_tutorials_py:/home/luis/ros2_foxy/install/ament_uncrustify:/home/luis/ros2_foxy/install/tracetools_trace:/home/luis/ros2_foxy/install/tracetools_read:/home/luis/ros2_foxy/install/test_launch_ros:/home/luis/ros2_foxy/install/sensor_msgs_py:/home/luis/ros2_foxy/install/rpyutils:/home/luis/ros2_foxy/install/rosidl_runtime_py:/home/luis/ros2_foxy/install/launch_yaml:/home/luis/ros2_foxy/install/launch_xml:/home/luis/ros2_foxy/install/launch_testing:/home/luis/ros2_foxy/install/launch:/home/luis/ros2_foxy/install/osrf_pycommon:/home/luis/ros2_foxy/install/domain_coordinator:/home/luis/ros2_foxy/install/ament_xmllint:/home/luis/ros2_foxy/install/ament_pyflakes:/home/luis/ros2_foxy/install/ament_pycodestyle:/home/luis/ros2_foxy/install/ament_pep257:/home/luis/ros2_foxy/install/ament_pclint:/home/luis/ros2_foxy/install/ament_package:/home/luis/ros2_foxy/install/ament_mypy:/home/luis/ros2_foxy/install/ament_lint_cmake:/home/luis/ros2_foxy/install/ament_flake8:/home/luis/ros2_foxy/install/ament_copyright:/home/luis/ros2_foxy/install/ament_lint:/home/luis/ros2_foxy/install/ament_index_python:/home/luis/ros2_foxy/install/ament_cpplint:/home/luis/ros2_foxy/install/ament_cppcheck:/home/luis/ros2_foxy/install/ament_clang_tidy:/home/luis/ros2_foxy/install/ament_clang_format:/opt/ros/foxy /usr/bin/cmake --build /mnt/c/Users/luisf/github/RoboticsSoftwareEngineerUdacity/GoChaseIt/build/my_robot -- -j8 -l8
[23.445s] DEBUG:colcon.colcon_core.event_handler.log_command:Invoking command in '/mnt/c/Users/luisf/github/RoboticsSoftwareEngineerUdacity/GoChaseIt/build/robot_spawner_pkg': PYTHONPATH=/mnt/c/Users/luisf/github/RoboticsSoftwareEngineerUdacity/GoChaseIt/install/robot_spawner_pkg/lib/python3.8/site-packages:${PYTHONPATH} /usr/bin/python3 setup.py develop --prefix /mnt/c/Users/luisf/github/RoboticsSoftwareEngineerUdacity/GoChaseIt/install/robot_spawner_pkg --uninstall --editable --build-directory /mnt/c/Users/luisf/github/RoboticsSoftwareEngineerUdacity/GoChaseIt/build/robot_spawner_pkg/build
[25.163s] DEBUG:colcon.colcon_core.event_handler.log_command:Invoking command in '/mnt/c/Users/luisf/github/RoboticsSoftwareEngineerUdacity/GoChaseIt/build/my_robot': CMAKE_PREFIX_PATH=${CMAKE_PREFIX_PATH}:/home/luis/turtlebot3_ws/install/turtlebot3_teleop:/home/luis/turtlebot3_ws/install/turtlebot3_example:/mnt/c/Users/luisf/github/RoboticsSoftwareEngineerUdacity/GoChaseIt/install/robot_spawner_pkg:/mnt/c/Users/luisf/github/Udemy-Ros2/install/my_py_pkg:/home/luis/ros2_foxy/install/ros2bag:/home/luis/ros2_foxy/install/tracetools_launch:/home/luis/ros2_foxy/install/topic_monitor:/home/luis/ros2_foxy/install/examples_tf2_py:/home/luis/ros2_foxy/install/sros2:/home/luis/ros2_foxy/install/rqt_topic:/home/luis/ros2_foxy/install/rqt_top:/home/luis/ros2_foxy/install/rqt_srv:/home/luis/ros2_foxy/install/rqt_shell:/home/luis/ros2_foxy/install/rqt_service_caller:/home/luis/ros2_foxy/install/rqt_reconfigure:/home/luis/ros2_foxy/install/rqt_py_console:/home/luis/ros2_foxy/install/rqt_publisher:/home/luis/ros2_foxy/install/rqt_plot:/home/luis/ros2_foxy/install/rqt_action:/home/luis/ros2_foxy/install/rqt_msg:/home/luis/ros2_foxy/install/rqt:/home/luis/ros2_foxy/install/rqt_graph:/home/luis/ros2_foxy/install/rqt_gui_py:/home/luis/ros2_foxy/install/rqt_gui:/home/luis/ros2_foxy/install/ros2trace:/home/luis/ros2_foxy/install/ros2topic:/home/luis/ros2_foxy/install/ros2test:/home/luis/ros2_foxy/install/ros2component:/home/luis/ros2_foxy/install/ros2param:/home/luis/ros2_foxy/install/ros2lifecycle:/home/luis/ros2_foxy/install/ros2service:/home/luis/ros2_foxy/install/ros2run:/home/luis/ros2_foxy/install/ros2launch:/home/luis/ros2_foxy/install/ros2pkg:/home/luis/ros2_foxy/install/ros2node:/home/luis/ros2_foxy/install/ros2multicast:/home/luis/ros2_foxy/install/ros2interface:/home/luis/ros2_foxy/install/ros2doctor:/home/luis/ros2_foxy/install/ros2action:/home/luis/ros2_foxy/install/ros2cli:/home/luis/ros2_foxy/install/quality_of_service_demo_py:/home/luis/ros2_foxy/install/launch_testing_ros:/home/luis/ros2_foxy/install/launch_ros:/home/luis/ros2_foxy/install/examples_rclpy_minimal_subscriber:/home/luis/ros2_foxy/install/examples_rclpy_minimal_service:/home/luis/ros2_foxy/install/examples_rclpy_minimal_publisher:/home/luis/ros2_foxy/install/examples_rclpy_minimal_client:/home/luis/ros2_foxy/install/examples_rclpy_minimal_action_server:/home/luis/ros2_foxy/install/examples_rclpy_minimal_action_client:/home/luis/ros2_foxy/install/examples_rclpy_executors:/home/luis/ros2_foxy/install/demo_nodes_py:/home/luis/ros2_foxy/install/action_tutorials_py:/home/luis/ros2_foxy/install/ament_uncrustify:/home/luis/ros2_foxy/install/tracetools_trace:/home/luis/ros2_foxy/install/tracetools_read:/home/luis/ros2_foxy/install/test_launch_ros:/home/luis/ros2_foxy/install/sensor_msgs_py:/home/luis/ros2_foxy/install/rpyutils:/home/luis/ros2_foxy/install/rosidl_runtime_py:/home/luis/ros2_foxy/install/launch_yaml:/home/luis/ros2_foxy/install/launch_xml:/home/luis/ros2_foxy/install/launch_testing:/home/luis/ros2_foxy/install/launch:/home/luis/ros2_foxy/install/osrf_pycommon:/home/luis/ros2_foxy/install/domain_coordinator:/home/luis/ros2_foxy/install/ament_xmllint:/home/luis/ros2_foxy/install/ament_pyflakes:/home/luis/ros2_foxy/install/ament_pycodestyle:/home/luis/ros2_foxy/install/ament_pep257:/home/luis/ros2_foxy/install/ament_pclint:/home/luis/ros2_foxy/install/ament_package:/home/luis/ros2_foxy/install/ament_mypy:/home/luis/ros2_foxy/install/ament_lint_cmake:/home/luis/ros2_foxy/install/ament_flake8:/home/luis/ros2_foxy/install/ament_copyright:/home/luis/ros2_foxy/install/ament_lint:/home/luis/ros2_foxy/install/ament_index_python:/home/luis/ros2_foxy/install/ament_cpplint:/home/luis/ros2_foxy/install/ament_cppcheck:/home/luis/ros2_foxy/install/ament_clang_tidy:/home/luis/ros2_foxy/install/ament_clang_format:/opt/ros/foxy /usr/bin/cmake --install /mnt/c/Users/luisf/github/RoboticsSoftwareEngineerUdacity/GoChaseIt/build/my_robot
[28.362s] Level 1:colcon.colcon_core.environment:create_environment_scripts_only(my_robot)
[28.372s] DEBUG:colcon.colcon_core.event_handler.log_command:Invoked command in '/mnt/c/Users/luisf/github/RoboticsSoftwareEngineerUdacity/GoChaseIt/build/my_robot' returned '0': CMAKE_PREFIX_PATH=${CMAKE_PREFIX_PATH}:/home/luis/turtlebot3_ws/install/turtlebot3_teleop:/home/luis/turtlebot3_ws/install/turtlebot3_example:/mnt/c/Users/luisf/github/RoboticsSoftwareEngineerUdacity/GoChaseIt/install/robot_spawner_pkg:/mnt/c/Users/luisf/github/Udemy-Ros2/install/my_py_pkg:/home/luis/ros2_foxy/install/ros2bag:/home/luis/ros2_foxy/install/tracetools_launch:/home/luis/ros2_foxy/install/topic_monitor:/home/luis/ros2_foxy/install/examples_tf2_py:/home/luis/ros2_foxy/install/sros2:/home/luis/ros2_foxy/install/rqt_topic:/home/luis/ros2_foxy/install/rqt_top:/home/luis/ros2_foxy/install/rqt_srv:/home/luis/ros2_foxy/install/rqt_shell:/home/luis/ros2_foxy/install/rqt_service_caller:/home/luis/ros2_foxy/install/rqt_reconfigure:/home/luis/ros2_foxy/install/rqt_py_console:/home/luis/ros2_foxy/install/rqt_publisher:/home/luis/ros2_foxy/install/rqt_plot:/home/luis/ros2_foxy/install/rqt_action:/home/luis/ros2_foxy/install/rqt_msg:/home/luis/ros2_foxy/install/rqt:/home/luis/ros2_foxy/install/rqt_graph:/home/luis/ros2_foxy/install/rqt_gui_py:/home/luis/ros2_foxy/install/rqt_gui:/home/luis/ros2_foxy/install/ros2trace:/home/luis/ros2_foxy/install/ros2topic:/home/luis/ros2_foxy/install/ros2test:/home/luis/ros2_foxy/install/ros2component:/home/luis/ros2_foxy/install/ros2param:/home/luis/ros2_foxy/install/ros2lifecycle:/home/luis/ros2_foxy/install/ros2service:/home/luis/ros2_foxy/install/ros2run:/home/luis/ros2_foxy/install/ros2launch:/home/luis/ros2_foxy/install/ros2pkg:/home/luis/ros2_foxy/install/ros2node:/home/luis/ros2_foxy/install/ros2multicast:/home/luis/ros2_foxy/install/ros2interface:/home/luis/ros2_foxy/install/ros2doctor:/home/luis/ros2_foxy/install/ros2action:/home/luis/ros2_foxy/install/ros2cli:/home/luis/ros2_foxy/install/quality_of_service_demo_py:/home/luis/ros2_foxy/install/launch_testing_ros:/home/luis/ros2_foxy/install/launch_ros:/home/luis/ros2_foxy/install/examples_rclpy_minimal_subscriber:/home/luis/ros2_foxy/install/examples_rclpy_minimal_service:/home/luis/ros2_foxy/install/examples_rclpy_minimal_publisher:/home/luis/ros2_foxy/install/examples_rclpy_minimal_client:/home/luis/ros2_foxy/install/examples_rclpy_minimal_action_server:/home/luis/ros2_foxy/install/examples_rclpy_minimal_action_client:/home/luis/ros2_foxy/install/examples_rclpy_executors:/home/luis/ros2_foxy/install/demo_nodes_py:/home/luis/ros2_foxy/install/action_tutorials_py:/home/luis/ros2_foxy/install/ament_uncrustify:/home/luis/ros2_foxy/install/tracetools_trace:/home/luis/ros2_foxy/install/tracetools_read:/home/luis/ros2_foxy/install/test_launch_ros:/home/luis/ros2_foxy/install/sensor_msgs_py:/home/luis/ros2_foxy/install/rpyutils:/home/luis/ros2_foxy/install/rosidl_runtime_py:/home/luis/ros2_foxy/install/launch_yaml:/home/luis/ros2_foxy/install/launch_xml:/home/luis/ros2_foxy/install/launch_testing:/home/luis/ros2_foxy/install/launch:/home/luis/ros2_foxy/install/osrf_pycommon:/home/luis/ros2_foxy/install/domain_coordinator:/home/luis/ros2_foxy/install/ament_xmllint:/home/luis/ros2_foxy/install/ament_pyflakes:/home/luis/ros2_foxy/install/ament_pycodestyle:/home/luis/ros2_foxy/install/ament_pep257:/home/luis/ros2_foxy/install/ament_pclint:/home/luis/ros2_foxy/install/ament_package:/home/luis/ros2_foxy/install/ament_mypy:/home/luis/ros2_foxy/install/ament_lint_cmake:/home/luis/ros2_foxy/install/ament_flake8:/home/luis/ros2_foxy/install/ament_copyright:/home/luis/ros2_foxy/install/ament_lint:/home/luis/ros2_foxy/install/ament_index_python:/home/luis/ros2_foxy/install/ament_cpplint:/home/luis/ros2_foxy/install/ament_cppcheck:/home/luis/ros2_foxy/install/ament_clang_tidy:/home/luis/ros2_foxy/install/ament_clang_format:/opt/ros/foxy /usr/bin/cmake --install /mnt/c/Users/luisf/github/RoboticsSoftwareEngineerUdacity/GoChaseIt/build/my_robot
[28.447s] Level 1:colcon.colcon_core.environment:checking '/mnt/c/Users/luisf/github/RoboticsSoftwareEngineerUdacity/GoChaseIt/install/my_robot' for CMake module files
[29.013s] Level 1:colcon.colcon_core.environment:checking '/mnt/c/Users/luisf/github/RoboticsSoftwareEngineerUdacity/GoChaseIt/install/my_robot' for CMake config files
[29.515s] Level 1:colcon.colcon_core.shell:create_environment_hook('my_robot', 'cmake_prefix_path')
[29.519s] INFO:colcon.colcon_core.shell:Creating environment hook '/mnt/c/Users/luisf/github/RoboticsSoftwareEngineerUdacity/GoChaseIt/install/my_robot/share/my_robot/hook/cmake_prefix_path.ps1'
[29.595s] INFO:colcon.colcon_core.shell:Creating environment descriptor '/mnt/c/Users/luisf/github/RoboticsSoftwareEngineerUdacity/GoChaseIt/install/my_robot/share/my_robot/hook/cmake_prefix_path.dsv'
[29.682s] INFO:colcon.colcon_core.shell:Creating environment hook '/mnt/c/Users/luisf/github/RoboticsSoftwareEngineerUdacity/GoChaseIt/install/my_robot/share/my_robot/hook/cmake_prefix_path.sh'
[29.770s] Level 1:colcon.colcon_core.environment:checking '/mnt/c/Users/luisf/github/RoboticsSoftwareEngineerUdacity/GoChaseIt/install/my_robot/bin'
[29.778s] Level 1:colcon.colcon_core.environment:checking '/mnt/c/Users/luisf/github/RoboticsSoftwareEngineerUdacity/GoChaseIt/install/my_robot/lib/pkgconfig/my_robot.pc'
[29.786s] Level 1:colcon.colcon_core.environment:checking '/mnt/c/Users/luisf/github/RoboticsSoftwareEngineerUdacity/GoChaseIt/install/my_robot/lib/python3.8/site-packages'
[29.795s] INFO:colcon.colcon_core.shell:Creating package script '/mnt/c/Users/luisf/github/RoboticsSoftwareEngineerUdacity/GoChaseIt/install/my_robot/share/my_robot/package.ps1'
[29.860s] INFO:colcon.colcon_core.shell:Creating package descriptor '/mnt/c/Users/luisf/github/RoboticsSoftwareEngineerUdacity/GoChaseIt/install/my_robot/share/my_robot/package.dsv'
[29.931s] INFO:colcon.colcon_core.shell:Creating package script '/mnt/c/Users/luisf/github/RoboticsSoftwareEngineerUdacity/GoChaseIt/install/my_robot/share/my_robot/package.sh'
[29.987s] INFO:colcon.colcon_core.shell:Creating package script '/mnt/c/Users/luisf/github/RoboticsSoftwareEngineerUdacity/GoChaseIt/install/my_robot/share/my_robot/package.bash'
[30.041s] INFO:colcon.colcon_core.shell:Creating package script '/mnt/c/Users/luisf/github/RoboticsSoftwareEngineerUdacity/GoChaseIt/install/my_robot/share/my_robot/package.zsh'
[30.095s] Level 1:colcon.colcon_core.environment:create_file_with_runtime_dependencies(/mnt/c/Users/luisf/github/RoboticsSoftwareEngineerUdacity/GoChaseIt/install/my_robot/share/colcon-core/packages/my_robot)
[31.478s] Level 1:colcon.colcon_core.environment:create_environment_scripts_only(my_robot)
[31.483s] Level 1:colcon.colcon_core.environment:checking '/mnt/c/Users/luisf/github/RoboticsSoftwareEngineerUdacity/GoChaseIt/install/my_robot' for CMake module files
[31.977s] Level 1:colcon.colcon_core.environment:checking '/mnt/c/Users/luisf/github/RoboticsSoftwareEngineerUdacity/GoChaseIt/install/my_robot' for CMake config files
[32.461s] Level 1:colcon.colcon_core.shell:create_environment_hook('my_robot', 'cmake_prefix_path')
[32.470s] INFO:colcon.colcon_core.shell:Creating environment hook '/mnt/c/Users/luisf/github/RoboticsSoftwareEngineerUdacity/GoChaseIt/install/my_robot/share/my_robot/hook/cmake_prefix_path.ps1'
[32.504s] INFO:colcon.colcon_core.shell:Creating environment descriptor '/mnt/c/Users/luisf/github/RoboticsSoftwareEngineerUdacity/GoChaseIt/install/my_robot/share/my_robot/hook/cmake_prefix_path.dsv'
[32.541s] INFO:colcon.colcon_core.shell:Creating environment hook '/mnt/c/Users/luisf/github/RoboticsSoftwareEngineerUdacity/GoChaseIt/install/my_robot/share/my_robot/hook/cmake_prefix_path.sh'
[32.620s] Level 1:colcon.colcon_core.environment:checking '/mnt/c/Users/luisf/github/RoboticsSoftwareEngineerUdacity/GoChaseIt/install/my_robot/bin'
[32.625s] Level 1:colcon.colcon_core.environment:checking '/mnt/c/Users/luisf/github/RoboticsSoftwareEngineerUdacity/GoChaseIt/install/my_robot/lib/pkgconfig/my_robot.pc'
[32.631s] Level 1:colcon.colcon_core.environment:checking '/mnt/c/Users/luisf/github/RoboticsSoftwareEngineerUdacity/GoChaseIt/install/my_robot/lib/python3.8/site-packages'
[32.640s] INFO:colcon.colcon_core.shell:Creating package script '/mnt/c/Users/luisf/github/RoboticsSoftwareEngineerUdacity/GoChaseIt/install/my_robot/share/my_robot/package.ps1'
[32.668s] INFO:colcon.colcon_core.shell:Creating package descriptor '/mnt/c/Users/luisf/github/RoboticsSoftwareEngineerUdacity/GoChaseIt/install/my_robot/share/my_robot/package.dsv'
[32.691s] INFO:colcon.colcon_core.shell:Creating package script '/mnt/c/Users/luisf/github/RoboticsSoftwareEngineerUdacity/GoChaseIt/install/my_robot/share/my_robot/package.sh'
[32.715s] INFO:colcon.colcon_core.shell:Creating package script '/mnt/c/Users/luisf/github/RoboticsSoftwareEngineerUdacity/GoChaseIt/install/my_robot/share/my_robot/package.bash'
[32.739s] INFO:colcon.colcon_core.shell:Creating package script '/mnt/c/Users/luisf/github/RoboticsSoftwareEngineerUdacity/GoChaseIt/install/my_robot/share/my_robot/package.zsh'
[32.761s] Level 1:colcon.colcon_core.environment:create_file_with_runtime_dependencies(/mnt/c/Users/luisf/github/RoboticsSoftwareEngineerUdacity/GoChaseIt/install/my_robot/share/colcon-core/packages/my_robot)
[41.767s] DEBUG:colcon.colcon_core.event_handler.log_command:Invoked command in '/mnt/c/Users/luisf/github/RoboticsSoftwareEngineerUdacity/GoChaseIt/build/robot_spawner_pkg' returned '0': PYTHONPATH=/mnt/c/Users/luisf/github/RoboticsSoftwareEngineerUdacity/GoChaseIt/install/robot_spawner_pkg/lib/python3.8/site-packages:${PYTHONPATH} /usr/bin/python3 setup.py develop --prefix /mnt/c/Users/luisf/github/RoboticsSoftwareEngineerUdacity/GoChaseIt/install/robot_spawner_pkg --uninstall --editable --build-directory /mnt/c/Users/luisf/github/RoboticsSoftwareEngineerUdacity/GoChaseIt/build/robot_spawner_pkg/build
[41.773s] DEBUG:colcon.colcon_core.event_handler.log_command:Invoking command in '/mnt/c/Users/luisf/github/RoboticsSoftwareEngineerUdacity/GoChaseIt/src/robot_spawner_pkg': PYTHONPATH=/mnt/c/Users/luisf/github/RoboticsSoftwareEngineerUdacity/GoChaseIt/install/robot_spawner_pkg/lib/python3.8/site-packages:${PYTHONPATH} /usr/bin/python3 setup.py egg_info --egg-base ../../build/robot_spawner_pkg build --build-base /mnt/c/Users/luisf/github/RoboticsSoftwareEngineerUdacity/GoChaseIt/build/robot_spawner_pkg/build install --prefix /mnt/c/Users/luisf/github/RoboticsSoftwareEngineerUdacity/GoChaseIt/install/robot_spawner_pkg --record /mnt/c/Users/luisf/github/RoboticsSoftwareEngineerUdacity/GoChaseIt/build/robot_spawner_pkg/install.log --single-version-externally-managed
[68.926s] Level 1:colcon.colcon_core.environment:checking '/mnt/c/Users/luisf/github/RoboticsSoftwareEngineerUdacity/GoChaseIt/install/robot_spawner_pkg' for CMake module files
[68.935s] DEBUG:colcon.colcon_core.event_handler.log_command:Invoked command in '/mnt/c/Users/luisf/github/RoboticsSoftwareEngineerUdacity/GoChaseIt/src/robot_spawner_pkg' returned '0': PYTHONPATH=/mnt/c/Users/luisf/github/RoboticsSoftwareEngineerUdacity/GoChaseIt/install/robot_spawner_pkg/lib/python3.8/site-packages:${PYTHONPATH} /usr/bin/python3 setup.py egg_info --egg-base ../../build/robot_spawner_pkg build --build-base /mnt/c/Users/luisf/github/RoboticsSoftwareEngineerUdacity/GoChaseIt/build/robot_spawner_pkg/build install --prefix /mnt/c/Users/luisf/github/RoboticsSoftwareEngineerUdacity/GoChaseIt/install/robot_spawner_pkg --record /mnt/c/Users/luisf/github/RoboticsSoftwareEngineerUdacity/GoChaseIt/build/robot_spawner_pkg/install.log --single-version-externally-managed
[69.129s] Level 1:colcon.colcon_core.environment:checking '/mnt/c/Users/luisf/github/RoboticsSoftwareEngineerUdacity/GoChaseIt/install/robot_spawner_pkg' for CMake config files
[69.527s] Level 1:colcon.colcon_core.environment:checking '/mnt/c/Users/luisf/github/RoboticsSoftwareEngineerUdacity/GoChaseIt/install/robot_spawner_pkg/lib'
[69.552s] Level 1:colcon.colcon_core.environment:checking '/mnt/c/Users/luisf/github/RoboticsSoftwareEngineerUdacity/GoChaseIt/install/robot_spawner_pkg/bin'
[69.559s] Level 1:colcon.colcon_core.environment:checking '/mnt/c/Users/luisf/github/RoboticsSoftwareEngineerUdacity/GoChaseIt/install/robot_spawner_pkg/lib/pkgconfig/robot_spawner_pkg.pc'
[69.568s] Level 1:colcon.colcon_core.environment:checking '/mnt/c/Users/luisf/github/RoboticsSoftwareEngineerUdacity/GoChaseIt/install/robot_spawner_pkg/lib/python3.8/site-packages'
[69.583s] Level 1:colcon.colcon_core.shell:create_environment_hook('robot_spawner_pkg', 'pythonpath')
[69.587s] INFO:colcon.colcon_core.shell:Creating environment hook '/mnt/c/Users/luisf/github/RoboticsSoftwareEngineerUdacity/GoChaseIt/install/robot_spawner_pkg/share/robot_spawner_pkg/hook/pythonpath.ps1'
[69.664s] INFO:colcon.colcon_core.shell:Creating environment descriptor '/mnt/c/Users/luisf/github/RoboticsSoftwareEngineerUdacity/GoChaseIt/install/robot_spawner_pkg/share/robot_spawner_pkg/hook/pythonpath.dsv'
[69.740s] INFO:colcon.colcon_core.shell:Creating environment hook '/mnt/c/Users/luisf/github/RoboticsSoftwareEngineerUdacity/GoChaseIt/install/robot_spawner_pkg/share/robot_spawner_pkg/hook/pythonpath.sh'
[69.816s] Level 1:colcon.colcon_core.environment:create_environment_scripts_only(robot_spawner_pkg)
[69.822s] INFO:colcon.colcon_core.shell:Creating package script '/mnt/c/Users/luisf/github/RoboticsSoftwareEngineerUdacity/GoChaseIt/install/robot_spawner_pkg/share/robot_spawner_pkg/package.ps1'
[69.886s] INFO:colcon.colcon_core.shell:Creating package descriptor '/mnt/c/Users/luisf/github/RoboticsSoftwareEngineerUdacity/GoChaseIt/install/robot_spawner_pkg/share/robot_spawner_pkg/package.dsv'
[69.951s] INFO:colcon.colcon_core.shell:Creating package script '/mnt/c/Users/luisf/github/RoboticsSoftwareEngineerUdacity/GoChaseIt/install/robot_spawner_pkg/share/robot_spawner_pkg/package.sh'
[70.019s] INFO:colcon.colcon_core.shell:Creating package script '/mnt/c/Users/luisf/github/RoboticsSoftwareEngineerUdacity/GoChaseIt/install/robot_spawner_pkg/share/robot_spawner_pkg/package.bash'
[70.084s] INFO:colcon.colcon_core.shell:Creating package script '/mnt/c/Users/luisf/github/RoboticsSoftwareEngineerUdacity/GoChaseIt/install/robot_spawner_pkg/share/robot_spawner_pkg/package.zsh'
[70.149s] Level 1:colcon.colcon_core.environment:create_file_with_runtime_dependencies(/mnt/c/Users/luisf/github/RoboticsSoftwareEngineerUdacity/GoChaseIt/install/robot_spawner_pkg/share/colcon-core/packages/robot_spawner_pkg)
[70.198s] DEBUG:colcon.colcon_parallel_executor.executor.parallel:closing loop
[70.200s] DEBUG:colcon.colcon_parallel_executor.executor.parallel:loop closed
[70.203s] DEBUG:colcon.colcon_parallel_executor.executor.parallel:run_until_complete finished with '0'
[70.205s] DEBUG:colcon.colcon_core.event_reactor:joining thread
[70.706s] INFO:colcon.colcon_core.plugin_system:Skipping extension 'colcon_notification.desktop_notification.notify_send': Could not find 'notify-send'
[70.708s] INFO:colcon.colcon_core.plugin_system:Skipping extension 'colcon_notification.desktop_notification.terminal_notifier': Not used on non-Darwin systems
[70.710s] INFO:colcon.colcon_core.plugin_system:Skipping extension 'colcon_notification.desktop_notification.win32': Not used on non-Windows systems
[70.711s] INFO:colcon.colcon_notification.desktop_notification:Sending desktop notification using 'notify2'
[71.188s] DEBUG:colcon.colcon_notification.desktop_notification.notify2:Failed to initialize notify2: org.freedesktop.DBus.Error.ServiceUnknown: The name org.freedesktop.Notifications was not provided by any .service files
[71.190s] DEBUG:colcon.colcon_core.event_reactor:joined thread
[71.196s] INFO:colcon.colcon_core.shell:Creating prefix script '/mnt/c/Users/luisf/github/RoboticsSoftwareEngineerUdacity/GoChaseIt/install/local_setup.ps1'
[71.225s] INFO:colcon.colcon_core.shell:Creating prefix util module '/mnt/c/Users/luisf/github/RoboticsSoftwareEngineerUdacity/GoChaseIt/install/_local_setup_util_ps1.py'
[71.252s] INFO:colcon.colcon_core.shell:Creating prefix chain script '/mnt/c/Users/luisf/github/RoboticsSoftwareEngineerUdacity/GoChaseIt/install/setup.ps1'
[71.623s] INFO:colcon.colcon_core.shell:Creating prefix script '/mnt/c/Users/luisf/github/RoboticsSoftwareEngineerUdacity/GoChaseIt/install/local_setup.sh'
[71.648s] INFO:colcon.colcon_core.shell:Creating prefix util module '/mnt/c/Users/luisf/github/RoboticsSoftwareEngineerUdacity/GoChaseIt/install/_local_setup_util_sh.py'
[71.673s] INFO:colcon.colcon_core.shell:Creating prefix chain script '/mnt/c/Users/luisf/github/RoboticsSoftwareEngineerUdacity/GoChaseIt/install/setup.sh'
[72.048s] INFO:colcon.colcon_core.shell:Creating prefix script '/mnt/c/Users/luisf/github/RoboticsSoftwareEngineerUdacity/GoChaseIt/install/local_setup.bash'
[72.073s] INFO:colcon.colcon_core.shell:Creating prefix chain script '/mnt/c/Users/luisf/github/RoboticsSoftwareEngineerUdacity/GoChaseIt/install/setup.bash'
[72.420s] INFO:colcon.colcon_core.shell:Creating prefix script '/mnt/c/Users/luisf/github/RoboticsSoftwareEngineerUdacity/GoChaseIt/install/local_setup.zsh'
[72.443s] INFO:colcon.colcon_core.shell:Creating prefix chain script '/mnt/c/Users/luisf/github/RoboticsSoftwareEngineerUdacity/GoChaseIt/install/setup.zsh'
