[1.885s] DEBUG:colcon:Command line arguments: ['/usr/bin/colcon', 'build']
[1.885s] DEBUG:colcon:Parsed command line arguments: Namespace(ament_cmake_args=None, base_paths=['.'], build_base='build', catkin_cmake_args=None, catkin_skip_building_tests=False, cmake_args=None, cmake_clean_cache=False, cmake_clean_first=False, cmake_force_configure=False, cmake_target=None, cmake_target_skip_unavailable=False, continue_on_error=False, event_handlers=None, executor='parallel', ignore_user_meta=False, install_base='install', log_base=None, log_level=None, main=<bound method BuildVerb.main of <colcon_core.verb.build.BuildVerb object at 0x7f4305ed0ac0>>, merge_install=False, metas=['./colcon.meta'], packages_above=None, packages_above_and_dependencies=None, packages_above_depth=None, packages_end=None, packages_ignore=None, packages_ignore_regex=None, packages_select=None, packages_select_build_failed=False, packages_select_by_dep=None, packages_select_regex=None, packages_select_test_failures=False, packages_skip=None, packages_skip_build_finished=False, packages_skip_by_dep=None, packages_skip_regex=None, packages_skip_test_passed=False, packages_skip_up_to=None, packages_start=None, packages_up_to=None, packages_up_to_regex=None, parallel_workers=8, paths=None, symlink_install=False, test_result_base=None, verb_extension=<colcon_core.verb.build.BuildVerb object at 0x7f4305ed0ac0>, verb_name='build', verb_parser=<colcon_defaults.argument_parser.defaults.DefaultArgumentsDecorator object at 0x7f4305ed0fa0>)
[1.940s] Level 1:colcon.colcon_core.package_discovery:discover_packages(colcon_meta) check parameters
[1.941s] Level 1:colcon.colcon_core.package_discovery:discover_packages(recursive) check parameters
[1.941s] Level 1:colcon.colcon_core.package_discovery:discover_packages(ignore) check parameters
[1.942s] Level 1:colcon.colcon_core.package_discovery:discover_packages(path) check parameters
[1.942s] Level 1:colcon.colcon_core.package_discovery:discover_packages(colcon_meta) discover
[1.942s] Level 1:colcon.colcon_core.package_discovery:discover_packages(recursive) discover
[1.943s] INFO:colcon.colcon_core.package_discovery:Crawling recursively for packages in '/mnt/c/Users/luisf/github/RoboticsSoftwareEngineerUdacity/GoChaseIt'
[1.945s] Level 1:colcon.colcon_core.package_identification:_identify(.) by extensions ['ignore', 'ignore_ament_install']
[1.946s] Level 1:colcon.colcon_core.package_identification:_identify(.) by extension 'ignore'
[1.946s] Level 1:colcon.colcon_core.package_identification:_identify(.) by extension 'ignore_ament_install'
[1.947s] Level 1:colcon.colcon_core.package_identification:_identify(.) by extensions ['colcon_pkg']
[1.948s] Level 1:colcon.colcon_core.package_identification:_identify(.) by extension 'colcon_pkg'
[1.948s] Level 1:colcon.colcon_core.package_identification:_identify(.) by extensions ['colcon_meta']
[1.949s] Level 1:colcon.colcon_core.package_identification:_identify(.) by extension 'colcon_meta'
[1.949s] Level 1:colcon.colcon_core.package_identification:_identify(.) by extensions ['ros']
[1.949s] Level 1:colcon.colcon_core.package_identification:_identify(.) by extension 'ros'
[1.977s] Level 1:colcon.colcon_core.package_identification:_identify(.) by extensions ['cmake', 'python']
[1.978s] Level 1:colcon.colcon_core.package_identification:_identify(.) by extension 'cmake'
[1.979s] Level 1:colcon.colcon_core.package_identification:_identify(.) by extension 'python'
[1.979s] Level 1:colcon.colcon_core.package_identification:_identify(.) by extensions ['python_setup_py']
[1.980s] Level 1:colcon.colcon_core.package_identification:_identify(.) by extension 'python_setup_py'
[1.989s] Level 1:colcon.colcon_core.package_identification:_identify(build) by extensions ['ignore', 'ignore_ament_install']
[1.990s] Level 1:colcon.colcon_core.package_identification:_identify(build) by extension 'ignore'
[1.992s] Level 1:colcon.colcon_core.package_identification:_identify(build) ignored
[1.995s] Level 1:colcon.colcon_core.package_identification:_identify(install) by extensions ['ignore', 'ignore_ament_install']
[1.995s] Level 1:colcon.colcon_core.package_identification:_identify(install) by extension 'ignore'
[1.996s] Level 1:colcon.colcon_core.package_identification:_identify(install) ignored
[2.000s] Level 1:colcon.colcon_core.package_identification:_identify(log) by extensions ['ignore', 'ignore_ament_install']
[2.000s] Level 1:colcon.colcon_core.package_identification:_identify(log) by extension 'ignore'
[2.000s] Level 1:colcon.colcon_core.package_identification:_identify(log) ignored
[2.002s] Level 1:colcon.colcon_core.package_identification:_identify(src) by extensions ['ignore', 'ignore_ament_install']
[2.003s] Level 1:colcon.colcon_core.package_identification:_identify(src) by extension 'ignore'
[2.003s] Level 1:colcon.colcon_core.package_identification:_identify(src) by extension 'ignore_ament_install'
[2.005s] Level 1:colcon.colcon_core.package_identification:_identify(src) by extensions ['colcon_pkg']
[2.005s] Level 1:colcon.colcon_core.package_identification:_identify(src) by extension 'colcon_pkg'
[2.006s] Level 1:colcon.colcon_core.package_identification:_identify(src) by extensions ['colcon_meta']
[2.006s] Level 1:colcon.colcon_core.package_identification:_identify(src) by extension 'colcon_meta'
[2.007s] Level 1:colcon.colcon_core.package_identification:_identify(src) by extensions ['ros']
[2.007s] Level 1:colcon.colcon_core.package_identification:_identify(src) by extension 'ros'
[2.010s] Level 1:colcon.colcon_core.package_identification:_identify(src) by extensions ['cmake', 'python']
[2.010s] Level 1:colcon.colcon_core.package_identification:_identify(src) by extension 'cmake'
[2.011s] Level 1:colcon.colcon_core.package_identification:_identify(src) by extension 'python'
[2.011s] Level 1:colcon.colcon_core.package_identification:_identify(src) by extensions ['python_setup_py']
[2.011s] Level 1:colcon.colcon_core.package_identification:_identify(src) by extension 'python_setup_py'
[2.015s] Level 1:colcon.colcon_core.package_identification:_identify(src/my_robot) by extensions ['ignore', 'ignore_ament_install']
[2.016s] Level 1:colcon.colcon_core.package_identification:_identify(src/my_robot) by extension 'ignore'
[2.017s] Level 1:colcon.colcon_core.package_identification:_identify(src/my_robot) by extension 'ignore_ament_install'
[2.018s] Level 1:colcon.colcon_core.package_identification:_identify(src/my_robot) by extensions ['colcon_pkg']
[2.019s] Level 1:colcon.colcon_core.package_identification:_identify(src/my_robot) by extension 'colcon_pkg'
[2.020s] Level 1:colcon.colcon_core.package_identification:_identify(src/my_robot) by extensions ['colcon_meta']
[2.020s] Level 1:colcon.colcon_core.package_identification:_identify(src/my_robot) by extension 'colcon_meta'
[2.021s] Level 1:colcon.colcon_core.package_identification:_identify(src/my_robot) by extensions ['ros']
[2.021s] Level 1:colcon.colcon_core.package_identification:_identify(src/my_robot) by extension 'ros'
[2.034s] DEBUG:colcon.colcon_core.package_identification:Package 'src/my_robot' with type 'ros.ament_cmake' and name 'my_robot'
[2.038s] Level 1:colcon.colcon_core.package_identification:_identify(src/robot_spawner_pkg) by extensions ['ignore', 'ignore_ament_install']
[2.038s] Level 1:colcon.colcon_core.package_identification:_identify(src/robot_spawner_pkg) by extension 'ignore'
[2.039s] Level 1:colcon.colcon_core.package_identification:_identify(src/robot_spawner_pkg) by extension 'ignore_ament_install'
[2.041s] Level 1:colcon.colcon_core.package_identification:_identify(src/robot_spawner_pkg) by extensions ['colcon_pkg']
[2.041s] Level 1:colcon.colcon_core.package_identification:_identify(src/robot_spawner_pkg) by extension 'colcon_pkg'
[2.042s] Level 1:colcon.colcon_core.package_identification:_identify(src/robot_spawner_pkg) by extensions ['colcon_meta']
[2.043s] Level 1:colcon.colcon_core.package_identification:_identify(src/robot_spawner_pkg) by extension 'colcon_meta'
[2.044s] Level 1:colcon.colcon_core.package_identification:_identify(src/robot_spawner_pkg) by extensions ['ros']
[2.045s] Level 1:colcon.colcon_core.package_identification:_identify(src/robot_spawner_pkg) by extension 'ros'
[2.060s] DEBUG:colcon.colcon_core.package_identification:Package 'src/robot_spawner_pkg' with type 'ros.ament_python' and name 'robot_spawner_pkg'
[2.060s] Level 1:colcon.colcon_core.package_discovery:discover_packages(recursive) using defaults
[2.060s] Level 1:colcon.colcon_core.package_discovery:discover_packages(ignore) discover
[2.060s] Level 1:colcon.colcon_core.package_discovery:discover_packages(ignore) using defaults
[2.061s] Level 1:colcon.colcon_core.package_discovery:discover_packages(path) discover
[2.061s] Level 1:colcon.colcon_core.package_discovery:discover_packages(path) using defaults
[2.214s] Level 5:colcon.colcon_core.verb:set package 'my_robot' build argument 'cmake_args' from command line to 'None'
[2.214s] Level 5:colcon.colcon_core.verb:set package 'my_robot' build argument 'cmake_target' from command line to 'None'
[2.214s] Level 5:colcon.colcon_core.verb:set package 'my_robot' build argument 'cmake_target_skip_unavailable' from command line to 'False'
[2.215s] Level 5:colcon.colcon_core.verb:set package 'my_robot' build argument 'cmake_clean_cache' from command line to 'False'
[2.215s] Level 5:colcon.colcon_core.verb:set package 'my_robot' build argument 'cmake_clean_first' from command line to 'False'
[2.216s] Level 5:colcon.colcon_core.verb:set package 'my_robot' build argument 'cmake_force_configure' from command line to 'False'
[2.216s] Level 5:colcon.colcon_core.verb:set package 'my_robot' build argument 'ament_cmake_args' from command line to 'None'
[2.217s] Level 5:colcon.colcon_core.verb:set package 'my_robot' build argument 'catkin_cmake_args' from command line to 'None'
[2.217s] Level 5:colcon.colcon_core.verb:set package 'my_robot' build argument 'catkin_skip_building_tests' from command line to 'False'
[2.217s] DEBUG:colcon.colcon_core.verb:Building package 'my_robot' with the following arguments: {'ament_cmake_args': None, 'build_base': '/mnt/c/Users/luisf/github/RoboticsSoftwareEngineerUdacity/GoChaseIt/build/my_robot', 'catkin_cmake_args': None, 'catkin_skip_building_tests': False, 'cmake_args': None, 'cmake_clean_cache': False, 'cmake_clean_first': False, 'cmake_force_configure': False, 'cmake_target': None, 'cmake_target_skip_unavailable': False, 'install_base': '/mnt/c/Users/luisf/github/RoboticsSoftwareEngineerUdacity/GoChaseIt/install/my_robot', 'merge_install': False, 'path': '/mnt/c/Users/luisf/github/RoboticsSoftwareEngineerUdacity/GoChaseIt/src/my_robot', 'symlink_install': False, 'test_result_base': None}
[2.223s] Level 5:colcon.colcon_core.verb:set package 'robot_spawner_pkg' build argument 'cmake_args' from command line to 'None'
[2.223s] Level 5:colcon.colcon_core.verb:set package 'robot_spawner_pkg' build argument 'cmake_target' from command line to 'None'
[2.224s] Level 5:colcon.colcon_core.verb:set package 'robot_spawner_pkg' build argument 'cmake_target_skip_unavailable' from command line to 'False'
[2.224s] Level 5:colcon.colcon_core.verb:set package 'robot_spawner_pkg' build argument 'cmake_clean_cache' from command line to 'False'
[2.225s] Level 5:colcon.colcon_core.verb:set package 'robot_spawner_pkg' build argument 'cmake_clean_first' from command line to 'False'
[2.225s] Level 5:colcon.colcon_core.verb:set package 'robot_spawner_pkg' build argument 'cmake_force_configure' from command line to 'False'
[2.225s] Level 5:colcon.colcon_core.verb:set package 'robot_spawner_pkg' build argument 'ament_cmake_args' from command line to 'None'
[2.226s] Level 5:colcon.colcon_core.verb:set package 'robot_spawner_pkg' build argument 'catkin_cmake_args' from command line to 'None'
[2.226s] Level 5:colcon.colcon_core.verb:set package 'robot_spawner_pkg' build argument 'catkin_skip_building_tests' from command line to 'False'
[2.226s] DEBUG:colcon.colcon_core.verb:Building package 'robot_spawner_pkg' with the following arguments: {'ament_cmake_args': None, 'build_base': '/mnt/c/Users/luisf/github/RoboticsSoftwareEngineerUdacity/GoChaseIt/build/robot_spawner_pkg', 'catkin_cmake_args': None, 'catkin_skip_building_tests': False, 'cmake_args': None, 'cmake_clean_cache': False, 'cmake_clean_first': False, 'cmake_force_configure': False, 'cmake_target': None, 'cmake_target_skip_unavailable': False, 'install_base': '/mnt/c/Users/luisf/github/RoboticsSoftwareEngineerUdacity/GoChaseIt/install/robot_spawner_pkg', 'merge_install': False, 'path': '/mnt/c/Users/luisf/github/RoboticsSoftwareEngineerUdacity/GoChaseIt/src/robot_spawner_pkg', 'symlink_install': False, 'test_result_base': None}
[2.227s] INFO:colcon.colcon_core.executor:Executing jobs using 'parallel' executor
[2.232s] DEBUG:colcon.colcon_parallel_executor.executor.parallel:run_until_complete
[2.233s] INFO:colcon.colcon_ros.task.ament_cmake.build:Building ROS package in '/mnt/c/Users/luisf/github/RoboticsSoftwareEngineerUdacity/GoChaseIt/src/my_robot' with build type 'ament_cmake'
[2.233s] INFO:colcon.colcon_cmake.task.cmake.build:Building CMake package in '/mnt/c/Users/luisf/github/RoboticsSoftwareEngineerUdacity/GoChaseIt/src/my_robot'
[2.264s] INFO:colcon.colcon_core.plugin_system:Skipping extension 'colcon_core.shell.bat': Not used on non-Windows systems
[2.265s] INFO:colcon.colcon_core.shell:Skip shell extension 'powershell' for command environment: Not usable outside of PowerShell
[2.266s] DEBUG:colcon.colcon_core.shell:Skip shell extension 'dsv' for command environment
[2.417s] DEBUG:colcon.colcon_core.shell:Ignoring prefix path '/opt/ros/foxy'
[2.437s] INFO:colcon.colcon_ros.task.ament_python.build:Building ROS package in '/mnt/c/Users/luisf/github/RoboticsSoftwareEngineerUdacity/GoChaseIt/src/robot_spawner_pkg' with build type 'ament_python'
[2.438s] Level 1:colcon.colcon_core.shell:create_environment_hook('robot_spawner_pkg', 'ament_prefix_path')
[2.440s] INFO:colcon.colcon_core.shell:Creating environment hook '/mnt/c/Users/luisf/github/RoboticsSoftwareEngineerUdacity/GoChaseIt/install/robot_spawner_pkg/share/robot_spawner_pkg/hook/ament_prefix_path.ps1'
[2.458s] INFO:colcon.colcon_core.shell:Creating environment descriptor '/mnt/c/Users/luisf/github/RoboticsSoftwareEngineerUdacity/GoChaseIt/install/robot_spawner_pkg/share/robot_spawner_pkg/hook/ament_prefix_path.dsv'
[2.475s] INFO:colcon.colcon_core.shell:Creating environment hook '/mnt/c/Users/luisf/github/RoboticsSoftwareEngineerUdacity/GoChaseIt/install/robot_spawner_pkg/share/robot_spawner_pkg/hook/ament_prefix_path.sh'
[2.492s] INFO:colcon.colcon_core.shell:Skip shell extension 'powershell' for command environment: Not usable outside of PowerShell
[2.492s] DEBUG:colcon.colcon_core.shell:Skip shell extension 'dsv' for command environment
[2.635s] DEBUG:colcon.colcon_core.shell:Ignoring prefix path '/opt/ros/foxy'
[2.709s] DEBUG:colcon.colcon_core.event_handler.log_command:Invoking command in '/mnt/c/Users/luisf/github/RoboticsSoftwareEngineerUdacity/GoChaseIt/build/my_robot': CMAKE_PREFIX_PATH=${CMAKE_PREFIX_PATH}:/mnt/c/Users/luisf/github/RoboticsSoftwareEngineerUdacity/GoChaseIt/install/robot_spawner_pkg:/mnt/c/Users/luisf/github/Udemy-Ros2/install/my_py_pkg:/home/luis/ros2_foxy/install/ros2bag:/home/luis/ros2_foxy/install/tracetools_launch:/home/luis/ros2_foxy/install/topic_monitor:/home/luis/ros2_foxy/install/examples_tf2_py:/home/luis/ros2_foxy/install/sros2:/home/luis/ros2_foxy/install/rqt_topic:/home/luis/ros2_foxy/install/rqt_top:/home/luis/ros2_foxy/install/rqt_srv:/home/luis/ros2_foxy/install/rqt_shell:/home/luis/ros2_foxy/install/rqt_service_caller:/home/luis/ros2_foxy/install/rqt_reconfigure:/home/luis/ros2_foxy/install/rqt_py_console:/home/luis/ros2_foxy/install/rqt_publisher:/home/luis/ros2_foxy/install/rqt_plot:/home/luis/ros2_foxy/install/rqt_action:/home/luis/ros2_foxy/install/rqt_msg:/home/luis/ros2_foxy/install/rqt:/home/luis/ros2_foxy/install/rqt_graph:/home/luis/ros2_foxy/install/rqt_gui_py:/home/luis/ros2_foxy/install/rqt_gui:/home/luis/ros2_foxy/install/ros2trace:/home/luis/ros2_foxy/install/ros2topic:/home/luis/ros2_foxy/install/ros2test:/home/luis/ros2_foxy/install/ros2component:/home/luis/ros2_foxy/install/ros2param:/home/luis/ros2_foxy/install/ros2lifecycle:/home/luis/ros2_foxy/install/ros2service:/home/luis/ros2_foxy/install/ros2run:/home/luis/ros2_foxy/install/ros2launch:/home/luis/ros2_foxy/install/ros2pkg:/home/luis/ros2_foxy/install/ros2node:/home/luis/ros2_foxy/install/ros2multicast:/home/luis/ros2_foxy/install/ros2interface:/home/luis/ros2_foxy/install/ros2doctor:/home/luis/ros2_foxy/install/ros2action:/home/luis/ros2_foxy/install/ros2cli:/home/luis/ros2_foxy/install/quality_of_service_demo_py:/home/luis/ros2_foxy/install/launch_testing_ros:/home/luis/ros2_foxy/install/launch_ros:/home/luis/ros2_foxy/install/examples_rclpy_minimal_subscriber:/home/luis/ros2_foxy/install/examples_rclpy_minimal_service:/home/luis/ros2_foxy/install/examples_rclpy_minimal_publisher:/home/luis/ros2_foxy/install/examples_rclpy_minimal_client:/home/luis/ros2_foxy/install/examples_rclpy_minimal_action_server:/home/luis/ros2_foxy/install/examples_rclpy_minimal_action_client:/home/luis/ros2_foxy/install/examples_rclpy_executors:/home/luis/ros2_foxy/install/demo_nodes_py:/home/luis/ros2_foxy/install/action_tutorials_py:/home/luis/ros2_foxy/install/ament_uncrustify:/home/luis/ros2_foxy/install/tracetools_trace:/home/luis/ros2_foxy/install/tracetools_read:/home/luis/ros2_foxy/install/test_launch_ros:/home/luis/ros2_foxy/install/sensor_msgs_py:/home/luis/ros2_foxy/install/rpyutils:/home/luis/ros2_foxy/install/rosidl_runtime_py:/home/luis/ros2_foxy/install/launch_yaml:/home/luis/ros2_foxy/install/launch_xml:/home/luis/ros2_foxy/install/launch_testing:/home/luis/ros2_foxy/install/launch:/home/luis/ros2_foxy/install/osrf_pycommon:/home/luis/ros2_foxy/install/domain_coordinator:/home/luis/ros2_foxy/install/ament_xmllint:/home/luis/ros2_foxy/install/ament_pyflakes:/home/luis/ros2_foxy/install/ament_pycodestyle:/home/luis/ros2_foxy/install/ament_pep257:/home/luis/ros2_foxy/install/ament_pclint:/home/luis/ros2_foxy/install/ament_package:/home/luis/ros2_foxy/install/ament_mypy:/home/luis/ros2_foxy/install/ament_lint_cmake:/home/luis/ros2_foxy/install/ament_flake8:/home/luis/ros2_foxy/install/ament_copyright:/home/luis/ros2_foxy/install/ament_lint:/home/luis/ros2_foxy/install/ament_index_python:/home/luis/ros2_foxy/install/ament_cpplint:/home/luis/ros2_foxy/install/ament_cppcheck:/home/luis/ros2_foxy/install/ament_clang_tidy:/home/luis/ros2_foxy/install/ament_clang_format:/opt/ros/foxy /usr/bin/cmake --build /mnt/c/Users/luisf/github/RoboticsSoftwareEngineerUdacity/GoChaseIt/build/my_robot -- -j8 -l8
[7.068s] INFO:colcon.colcon_core.task.python.build:Building Python package in '/mnt/c/Users/luisf/github/RoboticsSoftwareEngineerUdacity/GoChaseIt/src/robot_spawner_pkg'
[7.070s] INFO:colcon.colcon_core.shell:Skip shell extension 'powershell' for command environment: Not usable outside of PowerShell
[7.071s] DEBUG:colcon.colcon_core.shell:Skip shell extension 'dsv' for command environment
[7.228s] DEBUG:colcon.colcon_core.shell:Ignoring prefix path '/opt/ros/foxy'
[7.245s] DEBUG:colcon.colcon_core.event_handler.log_command:Invoked command in '/mnt/c/Users/luisf/github/RoboticsSoftwareEngineerUdacity/GoChaseIt/build/my_robot' returned '0': CMAKE_PREFIX_PATH=${CMAKE_PREFIX_PATH}:/mnt/c/Users/luisf/github/RoboticsSoftwareEngineerUdacity/GoChaseIt/install/robot_spawner_pkg:/mnt/c/Users/luisf/github/Udemy-Ros2/install/my_py_pkg:/home/luis/ros2_foxy/install/ros2bag:/home/luis/ros2_foxy/install/tracetools_launch:/home/luis/ros2_foxy/install/topic_monitor:/home/luis/ros2_foxy/install/examples_tf2_py:/home/luis/ros2_foxy/install/sros2:/home/luis/ros2_foxy/install/rqt_topic:/home/luis/ros2_foxy/install/rqt_top:/home/luis/ros2_foxy/install/rqt_srv:/home/luis/ros2_foxy/install/rqt_shell:/home/luis/ros2_foxy/install/rqt_service_caller:/home/luis/ros2_foxy/install/rqt_reconfigure:/home/luis/ros2_foxy/install/rqt_py_console:/home/luis/ros2_foxy/install/rqt_publisher:/home/luis/ros2_foxy/install/rqt_plot:/home/luis/ros2_foxy/install/rqt_action:/home/luis/ros2_foxy/install/rqt_msg:/home/luis/ros2_foxy/install/rqt:/home/luis/ros2_foxy/install/rqt_graph:/home/luis/ros2_foxy/install/rqt_gui_py:/home/luis/ros2_foxy/install/rqt_gui:/home/luis/ros2_foxy/install/ros2trace:/home/luis/ros2_foxy/install/ros2topic:/home/luis/ros2_foxy/install/ros2test:/home/luis/ros2_foxy/install/ros2component:/home/luis/ros2_foxy/install/ros2param:/home/luis/ros2_foxy/install/ros2lifecycle:/home/luis/ros2_foxy/install/ros2service:/home/luis/ros2_foxy/install/ros2run:/home/luis/ros2_foxy/install/ros2launch:/home/luis/ros2_foxy/install/ros2pkg:/home/luis/ros2_foxy/install/ros2node:/home/luis/ros2_foxy/install/ros2multicast:/home/luis/ros2_foxy/install/ros2interface:/home/luis/ros2_foxy/install/ros2doctor:/home/luis/ros2_foxy/install/ros2action:/home/luis/ros2_foxy/install/ros2cli:/home/luis/ros2_foxy/install/quality_of_service_demo_py:/home/luis/ros2_foxy/install/launch_testing_ros:/home/luis/ros2_foxy/install/launch_ros:/home/luis/ros2_foxy/install/examples_rclpy_minimal_subscriber:/home/luis/ros2_foxy/install/examples_rclpy_minimal_service:/home/luis/ros2_foxy/install/examples_rclpy_minimal_publisher:/home/luis/ros2_foxy/install/examples_rclpy_minimal_client:/home/luis/ros2_foxy/install/examples_rclpy_minimal_action_server:/home/luis/ros2_foxy/install/examples_rclpy_minimal_action_client:/home/luis/ros2_foxy/install/examples_rclpy_executors:/home/luis/ros2_foxy/install/demo_nodes_py:/home/luis/ros2_foxy/install/action_tutorials_py:/home/luis/ros2_foxy/install/ament_uncrustify:/home/luis/ros2_foxy/install/tracetools_trace:/home/luis/ros2_foxy/install/tracetools_read:/home/luis/ros2_foxy/install/test_launch_ros:/home/luis/ros2_foxy/install/sensor_msgs_py:/home/luis/ros2_foxy/install/rpyutils:/home/luis/ros2_foxy/install/rosidl_runtime_py:/home/luis/ros2_foxy/install/launch_yaml:/home/luis/ros2_foxy/install/launch_xml:/home/luis/ros2_foxy/install/launch_testing:/home/luis/ros2_foxy/install/launch:/home/luis/ros2_foxy/install/osrf_pycommon:/home/luis/ros2_foxy/install/domain_coordinator:/home/luis/ros2_foxy/install/ament_xmllint:/home/luis/ros2_foxy/install/ament_pyflakes:/home/luis/ros2_foxy/install/ament_pycodestyle:/home/luis/ros2_foxy/install/ament_pep257:/home/luis/ros2_foxy/install/ament_pclint:/home/luis/ros2_foxy/install/ament_package:/home/luis/ros2_foxy/install/ament_mypy:/home/luis/ros2_foxy/install/ament_lint_cmake:/home/luis/ros2_foxy/install/ament_flake8:/home/luis/ros2_foxy/install/ament_copyright:/home/luis/ros2_foxy/install/ament_lint:/home/luis/ros2_foxy/install/ament_index_python:/home/luis/ros2_foxy/install/ament_cpplint:/home/luis/ros2_foxy/install/ament_cppcheck:/home/luis/ros2_foxy/install/ament_clang_tidy:/home/luis/ros2_foxy/install/ament_clang_format:/opt/ros/foxy /usr/bin/cmake --build /mnt/c/Users/luisf/github/RoboticsSoftwareEngineerUdacity/GoChaseIt/build/my_robot -- -j8 -l8
[7.319s] DEBUG:colcon.colcon_core.event_handler.log_command:Invoking command in '/mnt/c/Users/luisf/github/RoboticsSoftwareEngineerUdacity/GoChaseIt/src/robot_spawner_pkg': PYTHONPATH=/mnt/c/Users/luisf/github/RoboticsSoftwareEngineerUdacity/GoChaseIt/install/robot_spawner_pkg/lib/python3.8/site-packages:${PYTHONPATH} /usr/bin/python3 setup.py egg_info --egg-base ../../build/robot_spawner_pkg build --build-base /mnt/c/Users/luisf/github/RoboticsSoftwareEngineerUdacity/GoChaseIt/build/robot_spawner_pkg/build install --prefix /mnt/c/Users/luisf/github/RoboticsSoftwareEngineerUdacity/GoChaseIt/install/robot_spawner_pkg --record /mnt/c/Users/luisf/github/RoboticsSoftwareEngineerUdacity/GoChaseIt/build/robot_spawner_pkg/install.log --single-version-externally-managed
[7.884s] DEBUG:colcon.colcon_core.event_handler.log_command:Invoking command in '/mnt/c/Users/luisf/github/RoboticsSoftwareEngineerUdacity/GoChaseIt/build/my_robot': CMAKE_PREFIX_PATH=${CMAKE_PREFIX_PATH}:/mnt/c/Users/luisf/github/RoboticsSoftwareEngineerUdacity/GoChaseIt/install/robot_spawner_pkg:/mnt/c/Users/luisf/github/Udemy-Ros2/install/my_py_pkg:/home/luis/ros2_foxy/install/ros2bag:/home/luis/ros2_foxy/install/tracetools_launch:/home/luis/ros2_foxy/install/topic_monitor:/home/luis/ros2_foxy/install/examples_tf2_py:/home/luis/ros2_foxy/install/sros2:/home/luis/ros2_foxy/install/rqt_topic:/home/luis/ros2_foxy/install/rqt_top:/home/luis/ros2_foxy/install/rqt_srv:/home/luis/ros2_foxy/install/rqt_shell:/home/luis/ros2_foxy/install/rqt_service_caller:/home/luis/ros2_foxy/install/rqt_reconfigure:/home/luis/ros2_foxy/install/rqt_py_console:/home/luis/ros2_foxy/install/rqt_publisher:/home/luis/ros2_foxy/install/rqt_plot:/home/luis/ros2_foxy/install/rqt_action:/home/luis/ros2_foxy/install/rqt_msg:/home/luis/ros2_foxy/install/rqt:/home/luis/ros2_foxy/install/rqt_graph:/home/luis/ros2_foxy/install/rqt_gui_py:/home/luis/ros2_foxy/install/rqt_gui:/home/luis/ros2_foxy/install/ros2trace:/home/luis/ros2_foxy/install/ros2topic:/home/luis/ros2_foxy/install/ros2test:/home/luis/ros2_foxy/install/ros2component:/home/luis/ros2_foxy/install/ros2param:/home/luis/ros2_foxy/install/ros2lifecycle:/home/luis/ros2_foxy/install/ros2service:/home/luis/ros2_foxy/install/ros2run:/home/luis/ros2_foxy/install/ros2launch:/home/luis/ros2_foxy/install/ros2pkg:/home/luis/ros2_foxy/install/ros2node:/home/luis/ros2_foxy/install/ros2multicast:/home/luis/ros2_foxy/install/ros2interface:/home/luis/ros2_foxy/install/ros2doctor:/home/luis/ros2_foxy/install/ros2action:/home/luis/ros2_foxy/install/ros2cli:/home/luis/ros2_foxy/install/quality_of_service_demo_py:/home/luis/ros2_foxy/install/launch_testing_ros:/home/luis/ros2_foxy/install/launch_ros:/home/luis/ros2_foxy/install/examples_rclpy_minimal_subscriber:/home/luis/ros2_foxy/install/examples_rclpy_minimal_service:/home/luis/ros2_foxy/install/examples_rclpy_minimal_publisher:/home/luis/ros2_foxy/install/examples_rclpy_minimal_client:/home/luis/ros2_foxy/install/examples_rclpy_minimal_action_server:/home/luis/ros2_foxy/install/examples_rclpy_minimal_action_client:/home/luis/ros2_foxy/install/examples_rclpy_executors:/home/luis/ros2_foxy/install/demo_nodes_py:/home/luis/ros2_foxy/install/action_tutorials_py:/home/luis/ros2_foxy/install/ament_uncrustify:/home/luis/ros2_foxy/install/tracetools_trace:/home/luis/ros2_foxy/install/tracetools_read:/home/luis/ros2_foxy/install/test_launch_ros:/home/luis/ros2_foxy/install/sensor_msgs_py:/home/luis/ros2_foxy/install/rpyutils:/home/luis/ros2_foxy/install/rosidl_runtime_py:/home/luis/ros2_foxy/install/launch_yaml:/home/luis/ros2_foxy/install/launch_xml:/home/luis/ros2_foxy/install/launch_testing:/home/luis/ros2_foxy/install/launch:/home/luis/ros2_foxy/install/osrf_pycommon:/home/luis/ros2_foxy/install/domain_coordinator:/home/luis/ros2_foxy/install/ament_xmllint:/home/luis/ros2_foxy/install/ament_pyflakes:/home/luis/ros2_foxy/install/ament_pycodestyle:/home/luis/ros2_foxy/install/ament_pep257:/home/luis/ros2_foxy/install/ament_pclint:/home/luis/ros2_foxy/install/ament_package:/home/luis/ros2_foxy/install/ament_mypy:/home/luis/ros2_foxy/install/ament_lint_cmake:/home/luis/ros2_foxy/install/ament_flake8:/home/luis/ros2_foxy/install/ament_copyright:/home/luis/ros2_foxy/install/ament_lint:/home/luis/ros2_foxy/install/ament_index_python:/home/luis/ros2_foxy/install/ament_cpplint:/home/luis/ros2_foxy/install/ament_cppcheck:/home/luis/ros2_foxy/install/ament_clang_tidy:/home/luis/ros2_foxy/install/ament_clang_format:/opt/ros/foxy /usr/bin/cmake --install /mnt/c/Users/luisf/github/RoboticsSoftwareEngineerUdacity/GoChaseIt/build/my_robot
[8.700s] Level 1:colcon.colcon_core.environment:create_environment_scripts_only(my_robot)
[8.703s] DEBUG:colcon.colcon_core.event_handler.log_command:Invoked command in '/mnt/c/Users/luisf/github/RoboticsSoftwareEngineerUdacity/GoChaseIt/build/my_robot' returned '0': CMAKE_PREFIX_PATH=${CMAKE_PREFIX_PATH}:/mnt/c/Users/luisf/github/RoboticsSoftwareEngineerUdacity/GoChaseIt/install/robot_spawner_pkg:/mnt/c/Users/luisf/github/Udemy-Ros2/install/my_py_pkg:/home/luis/ros2_foxy/install/ros2bag:/home/luis/ros2_foxy/install/tracetools_launch:/home/luis/ros2_foxy/install/topic_monitor:/home/luis/ros2_foxy/install/examples_tf2_py:/home/luis/ros2_foxy/install/sros2:/home/luis/ros2_foxy/install/rqt_topic:/home/luis/ros2_foxy/install/rqt_top:/home/luis/ros2_foxy/install/rqt_srv:/home/luis/ros2_foxy/install/rqt_shell:/home/luis/ros2_foxy/install/rqt_service_caller:/home/luis/ros2_foxy/install/rqt_reconfigure:/home/luis/ros2_foxy/install/rqt_py_console:/home/luis/ros2_foxy/install/rqt_publisher:/home/luis/ros2_foxy/install/rqt_plot:/home/luis/ros2_foxy/install/rqt_action:/home/luis/ros2_foxy/install/rqt_msg:/home/luis/ros2_foxy/install/rqt:/home/luis/ros2_foxy/install/rqt_graph:/home/luis/ros2_foxy/install/rqt_gui_py:/home/luis/ros2_foxy/install/rqt_gui:/home/luis/ros2_foxy/install/ros2trace:/home/luis/ros2_foxy/install/ros2topic:/home/luis/ros2_foxy/install/ros2test:/home/luis/ros2_foxy/install/ros2component:/home/luis/ros2_foxy/install/ros2param:/home/luis/ros2_foxy/install/ros2lifecycle:/home/luis/ros2_foxy/install/ros2service:/home/luis/ros2_foxy/install/ros2run:/home/luis/ros2_foxy/install/ros2launch:/home/luis/ros2_foxy/install/ros2pkg:/home/luis/ros2_foxy/install/ros2node:/home/luis/ros2_foxy/install/ros2multicast:/home/luis/ros2_foxy/install/ros2interface:/home/luis/ros2_foxy/install/ros2doctor:/home/luis/ros2_foxy/install/ros2action:/home/luis/ros2_foxy/install/ros2cli:/home/luis/ros2_foxy/install/quality_of_service_demo_py:/home/luis/ros2_foxy/install/launch_testing_ros:/home/luis/ros2_foxy/install/launch_ros:/home/luis/ros2_foxy/install/examples_rclpy_minimal_subscriber:/home/luis/ros2_foxy/install/examples_rclpy_minimal_service:/home/luis/ros2_foxy/install/examples_rclpy_minimal_publisher:/home/luis/ros2_foxy/install/examples_rclpy_minimal_client:/home/luis/ros2_foxy/install/examples_rclpy_minimal_action_server:/home/luis/ros2_foxy/install/examples_rclpy_minimal_action_client:/home/luis/ros2_foxy/install/examples_rclpy_executors:/home/luis/ros2_foxy/install/demo_nodes_py:/home/luis/ros2_foxy/install/action_tutorials_py:/home/luis/ros2_foxy/install/ament_uncrustify:/home/luis/ros2_foxy/install/tracetools_trace:/home/luis/ros2_foxy/install/tracetools_read:/home/luis/ros2_foxy/install/test_launch_ros:/home/luis/ros2_foxy/install/sensor_msgs_py:/home/luis/ros2_foxy/install/rpyutils:/home/luis/ros2_foxy/install/rosidl_runtime_py:/home/luis/ros2_foxy/install/launch_yaml:/home/luis/ros2_foxy/install/launch_xml:/home/luis/ros2_foxy/install/launch_testing:/home/luis/ros2_foxy/install/launch:/home/luis/ros2_foxy/install/osrf_pycommon:/home/luis/ros2_foxy/install/domain_coordinator:/home/luis/ros2_foxy/install/ament_xmllint:/home/luis/ros2_foxy/install/ament_pyflakes:/home/luis/ros2_foxy/install/ament_pycodestyle:/home/luis/ros2_foxy/install/ament_pep257:/home/luis/ros2_foxy/install/ament_pclint:/home/luis/ros2_foxy/install/ament_package:/home/luis/ros2_foxy/install/ament_mypy:/home/luis/ros2_foxy/install/ament_lint_cmake:/home/luis/ros2_foxy/install/ament_flake8:/home/luis/ros2_foxy/install/ament_copyright:/home/luis/ros2_foxy/install/ament_lint:/home/luis/ros2_foxy/install/ament_index_python:/home/luis/ros2_foxy/install/ament_cpplint:/home/luis/ros2_foxy/install/ament_cppcheck:/home/luis/ros2_foxy/install/ament_clang_tidy:/home/luis/ros2_foxy/install/ament_clang_format:/opt/ros/foxy /usr/bin/cmake --install /mnt/c/Users/luisf/github/RoboticsSoftwareEngineerUdacity/GoChaseIt/build/my_robot
[8.727s] Level 1:colcon.colcon_core.environment:checking '/mnt/c/Users/luisf/github/RoboticsSoftwareEngineerUdacity/GoChaseIt/install/my_robot' for CMake module files
[8.831s] Level 1:colcon.colcon_core.environment:checking '/mnt/c/Users/luisf/github/RoboticsSoftwareEngineerUdacity/GoChaseIt/install/my_robot' for CMake config files
[8.904s] Level 1:colcon.colcon_core.shell:create_environment_hook('my_robot', 'cmake_prefix_path')
[8.905s] INFO:colcon.colcon_core.shell:Creating environment hook '/mnt/c/Users/luisf/github/RoboticsSoftwareEngineerUdacity/GoChaseIt/install/my_robot/share/my_robot/hook/cmake_prefix_path.ps1'
[8.922s] INFO:colcon.colcon_core.shell:Creating environment descriptor '/mnt/c/Users/luisf/github/RoboticsSoftwareEngineerUdacity/GoChaseIt/install/my_robot/share/my_robot/hook/cmake_prefix_path.dsv'
[8.939s] INFO:colcon.colcon_core.shell:Creating environment hook '/mnt/c/Users/luisf/github/RoboticsSoftwareEngineerUdacity/GoChaseIt/install/my_robot/share/my_robot/hook/cmake_prefix_path.sh'
[8.963s] Level 1:colcon.colcon_core.environment:checking '/mnt/c/Users/luisf/github/RoboticsSoftwareEngineerUdacity/GoChaseIt/install/my_robot/bin'
[8.964s] Level 1:colcon.colcon_core.environment:checking '/mnt/c/Users/luisf/github/RoboticsSoftwareEngineerUdacity/GoChaseIt/install/my_robot/lib/pkgconfig/my_robot.pc'
[8.966s] Level 1:colcon.colcon_core.environment:checking '/mnt/c/Users/luisf/github/RoboticsSoftwareEngineerUdacity/GoChaseIt/install/my_robot/lib/python3.8/site-packages'
[8.969s] INFO:colcon.colcon_core.shell:Creating package script '/mnt/c/Users/luisf/github/RoboticsSoftwareEngineerUdacity/GoChaseIt/install/my_robot/share/my_robot/package.ps1'
[8.984s] INFO:colcon.colcon_core.shell:Creating package descriptor '/mnt/c/Users/luisf/github/RoboticsSoftwareEngineerUdacity/GoChaseIt/install/my_robot/share/my_robot/package.dsv'
[8.998s] INFO:colcon.colcon_core.shell:Creating package script '/mnt/c/Users/luisf/github/RoboticsSoftwareEngineerUdacity/GoChaseIt/install/my_robot/share/my_robot/package.sh'
[9.013s] INFO:colcon.colcon_core.shell:Creating package script '/mnt/c/Users/luisf/github/RoboticsSoftwareEngineerUdacity/GoChaseIt/install/my_robot/share/my_robot/package.bash'
[9.027s] INFO:colcon.colcon_core.shell:Creating package script '/mnt/c/Users/luisf/github/RoboticsSoftwareEngineerUdacity/GoChaseIt/install/my_robot/share/my_robot/package.zsh'
[9.040s] Level 1:colcon.colcon_core.environment:create_file_with_runtime_dependencies(/mnt/c/Users/luisf/github/RoboticsSoftwareEngineerUdacity/GoChaseIt/install/my_robot/share/colcon-core/packages/my_robot)
[9.501s] Level 1:colcon.colcon_core.environment:create_environment_scripts_only(my_robot)
[9.503s] Level 1:colcon.colcon_core.environment:checking '/mnt/c/Users/luisf/github/RoboticsSoftwareEngineerUdacity/GoChaseIt/install/my_robot' for CMake module files
[9.613s] Level 1:colcon.colcon_core.environment:checking '/mnt/c/Users/luisf/github/RoboticsSoftwareEngineerUdacity/GoChaseIt/install/my_robot' for CMake config files
[9.682s] Level 1:colcon.colcon_core.shell:create_environment_hook('my_robot', 'cmake_prefix_path')
[9.683s] INFO:colcon.colcon_core.shell:Creating environment hook '/mnt/c/Users/luisf/github/RoboticsSoftwareEngineerUdacity/GoChaseIt/install/my_robot/share/my_robot/hook/cmake_prefix_path.ps1'
[9.705s] INFO:colcon.colcon_core.shell:Creating environment descriptor '/mnt/c/Users/luisf/github/RoboticsSoftwareEngineerUdacity/GoChaseIt/install/my_robot/share/my_robot/hook/cmake_prefix_path.dsv'
[9.724s] INFO:colcon.colcon_core.shell:Creating environment hook '/mnt/c/Users/luisf/github/RoboticsSoftwareEngineerUdacity/GoChaseIt/install/my_robot/share/my_robot/hook/cmake_prefix_path.sh'
[9.750s] Level 1:colcon.colcon_core.environment:checking '/mnt/c/Users/luisf/github/RoboticsSoftwareEngineerUdacity/GoChaseIt/install/my_robot/bin'
[9.752s] Level 1:colcon.colcon_core.environment:checking '/mnt/c/Users/luisf/github/RoboticsSoftwareEngineerUdacity/GoChaseIt/install/my_robot/lib/pkgconfig/my_robot.pc'
[9.753s] Level 1:colcon.colcon_core.environment:checking '/mnt/c/Users/luisf/github/RoboticsSoftwareEngineerUdacity/GoChaseIt/install/my_robot/lib/python3.8/site-packages'
[9.756s] INFO:colcon.colcon_core.shell:Creating package script '/mnt/c/Users/luisf/github/RoboticsSoftwareEngineerUdacity/GoChaseIt/install/my_robot/share/my_robot/package.ps1'
[9.771s] INFO:colcon.colcon_core.shell:Creating package descriptor '/mnt/c/Users/luisf/github/RoboticsSoftwareEngineerUdacity/GoChaseIt/install/my_robot/share/my_robot/package.dsv'
[9.786s] INFO:colcon.colcon_core.shell:Creating package script '/mnt/c/Users/luisf/github/RoboticsSoftwareEngineerUdacity/GoChaseIt/install/my_robot/share/my_robot/package.sh'
[9.801s] INFO:colcon.colcon_core.shell:Creating package script '/mnt/c/Users/luisf/github/RoboticsSoftwareEngineerUdacity/GoChaseIt/install/my_robot/share/my_robot/package.bash'
[9.815s] INFO:colcon.colcon_core.shell:Creating package script '/mnt/c/Users/luisf/github/RoboticsSoftwareEngineerUdacity/GoChaseIt/install/my_robot/share/my_robot/package.zsh'
[9.829s] Level 1:colcon.colcon_core.environment:create_file_with_runtime_dependencies(/mnt/c/Users/luisf/github/RoboticsSoftwareEngineerUdacity/GoChaseIt/install/my_robot/share/colcon-core/packages/my_robot)
[13.132s] Level 1:colcon.colcon_core.environment:checking '/mnt/c/Users/luisf/github/RoboticsSoftwareEngineerUdacity/GoChaseIt/install/robot_spawner_pkg' for CMake module files
[13.134s] DEBUG:colcon.colcon_core.event_handler.log_command:Invoked command in '/mnt/c/Users/luisf/github/RoboticsSoftwareEngineerUdacity/GoChaseIt/src/robot_spawner_pkg' returned '0': PYTHONPATH=/mnt/c/Users/luisf/github/RoboticsSoftwareEngineerUdacity/GoChaseIt/install/robot_spawner_pkg/lib/python3.8/site-packages:${PYTHONPATH} /usr/bin/python3 setup.py egg_info --egg-base ../../build/robot_spawner_pkg build --build-base /mnt/c/Users/luisf/github/RoboticsSoftwareEngineerUdacity/GoChaseIt/build/robot_spawner_pkg/build install --prefix /mnt/c/Users/luisf/github/RoboticsSoftwareEngineerUdacity/GoChaseIt/install/robot_spawner_pkg --record /mnt/c/Users/luisf/github/RoboticsSoftwareEngineerUdacity/GoChaseIt/build/robot_spawner_pkg/install.log --single-version-externally-managed
[13.195s] Level 1:colcon.colcon_core.environment:checking '/mnt/c/Users/luisf/github/RoboticsSoftwareEngineerUdacity/GoChaseIt/install/robot_spawner_pkg' for CMake config files
[13.291s] Level 1:colcon.colcon_core.environment:checking '/mnt/c/Users/luisf/github/RoboticsSoftwareEngineerUdacity/GoChaseIt/install/robot_spawner_pkg/lib'
[13.295s] Level 1:colcon.colcon_core.environment:checking '/mnt/c/Users/luisf/github/RoboticsSoftwareEngineerUdacity/GoChaseIt/install/robot_spawner_pkg/bin'
[13.297s] Level 1:colcon.colcon_core.environment:checking '/mnt/c/Users/luisf/github/RoboticsSoftwareEngineerUdacity/GoChaseIt/install/robot_spawner_pkg/lib/pkgconfig/robot_spawner_pkg.pc'
[13.299s] Level 1:colcon.colcon_core.environment:checking '/mnt/c/Users/luisf/github/RoboticsSoftwareEngineerUdacity/GoChaseIt/install/robot_spawner_pkg/lib/python3.8/site-packages'
[13.302s] Level 1:colcon.colcon_core.shell:create_environment_hook('robot_spawner_pkg', 'pythonpath')
[13.303s] INFO:colcon.colcon_core.shell:Creating environment hook '/mnt/c/Users/luisf/github/RoboticsSoftwareEngineerUdacity/GoChaseIt/install/robot_spawner_pkg/share/robot_spawner_pkg/hook/pythonpath.ps1'
[13.317s] INFO:colcon.colcon_core.shell:Creating environment descriptor '/mnt/c/Users/luisf/github/RoboticsSoftwareEngineerUdacity/GoChaseIt/install/robot_spawner_pkg/share/robot_spawner_pkg/hook/pythonpath.dsv'
[13.331s] INFO:colcon.colcon_core.shell:Creating environment hook '/mnt/c/Users/luisf/github/RoboticsSoftwareEngineerUdacity/GoChaseIt/install/robot_spawner_pkg/share/robot_spawner_pkg/hook/pythonpath.sh'
[13.347s] Level 1:colcon.colcon_core.environment:create_environment_scripts_only(robot_spawner_pkg)
[13.348s] INFO:colcon.colcon_core.shell:Creating package script '/mnt/c/Users/luisf/github/RoboticsSoftwareEngineerUdacity/GoChaseIt/install/robot_spawner_pkg/share/robot_spawner_pkg/package.ps1'
[13.360s] INFO:colcon.colcon_core.shell:Creating package descriptor '/mnt/c/Users/luisf/github/RoboticsSoftwareEngineerUdacity/GoChaseIt/install/robot_spawner_pkg/share/robot_spawner_pkg/package.dsv'
[13.373s] INFO:colcon.colcon_core.shell:Creating package script '/mnt/c/Users/luisf/github/RoboticsSoftwareEngineerUdacity/GoChaseIt/install/robot_spawner_pkg/share/robot_spawner_pkg/package.sh'
[13.386s] INFO:colcon.colcon_core.shell:Creating package script '/mnt/c/Users/luisf/github/RoboticsSoftwareEngineerUdacity/GoChaseIt/install/robot_spawner_pkg/share/robot_spawner_pkg/package.bash'
[13.400s] INFO:colcon.colcon_core.shell:Creating package script '/mnt/c/Users/luisf/github/RoboticsSoftwareEngineerUdacity/GoChaseIt/install/robot_spawner_pkg/share/robot_spawner_pkg/package.zsh'
[13.412s] Level 1:colcon.colcon_core.environment:create_file_with_runtime_dependencies(/mnt/c/Users/luisf/github/RoboticsSoftwareEngineerUdacity/GoChaseIt/install/robot_spawner_pkg/share/colcon-core/packages/robot_spawner_pkg)
[13.422s] DEBUG:colcon.colcon_parallel_executor.executor.parallel:closing loop
[13.423s] DEBUG:colcon.colcon_parallel_executor.executor.parallel:loop closed
[13.423s] DEBUG:colcon.colcon_parallel_executor.executor.parallel:run_until_complete finished with '0'
[13.424s] DEBUG:colcon.colcon_core.event_reactor:joining thread
[13.543s] INFO:colcon.colcon_core.plugin_system:Skipping extension 'colcon_notification.desktop_notification.notify_send': Could not find 'notify-send'
[13.544s] INFO:colcon.colcon_core.plugin_system:Skipping extension 'colcon_notification.desktop_notification.terminal_notifier': Not used on non-Darwin systems
[13.544s] INFO:colcon.colcon_core.plugin_system:Skipping extension 'colcon_notification.desktop_notification.win32': Not used on non-Windows systems
[13.544s] INFO:colcon.colcon_notification.desktop_notification:Sending desktop notification using 'notify2'
[13.635s] DEBUG:colcon.colcon_notification.desktop_notification.notify2:Failed to initialize notify2: org.freedesktop.DBus.Error.ServiceUnknown: The name org.freedesktop.Notifications was not provided by any .service files
[13.636s] DEBUG:colcon.colcon_core.event_reactor:joined thread
[13.638s] INFO:colcon.colcon_core.shell:Creating prefix script '/mnt/c/Users/luisf/github/RoboticsSoftwareEngineerUdacity/GoChaseIt/install/local_setup.ps1'
[13.648s] INFO:colcon.colcon_core.shell:Creating prefix util module '/mnt/c/Users/luisf/github/RoboticsSoftwareEngineerUdacity/GoChaseIt/install/_local_setup_util_ps1.py'
[13.659s] INFO:colcon.colcon_core.shell:Creating prefix chain script '/mnt/c/Users/luisf/github/RoboticsSoftwareEngineerUdacity/GoChaseIt/install/setup.ps1'
[13.781s] INFO:colcon.colcon_core.shell:Creating prefix script '/mnt/c/Users/luisf/github/RoboticsSoftwareEngineerUdacity/GoChaseIt/install/local_setup.sh'
[13.788s] INFO:colcon.colcon_core.shell:Creating prefix util module '/mnt/c/Users/luisf/github/RoboticsSoftwareEngineerUdacity/GoChaseIt/install/_local_setup_util_sh.py'
[13.794s] INFO:colcon.colcon_core.shell:Creating prefix chain script '/mnt/c/Users/luisf/github/RoboticsSoftwareEngineerUdacity/GoChaseIt/install/setup.sh'
[13.896s] INFO:colcon.colcon_core.shell:Creating prefix script '/mnt/c/Users/luisf/github/RoboticsSoftwareEngineerUdacity/GoChaseIt/install/local_setup.bash'
[13.902s] INFO:colcon.colcon_core.shell:Creating prefix chain script '/mnt/c/Users/luisf/github/RoboticsSoftwareEngineerUdacity/GoChaseIt/install/setup.bash'
[13.992s] INFO:colcon.colcon_core.shell:Creating prefix script '/mnt/c/Users/luisf/github/RoboticsSoftwareEngineerUdacity/GoChaseIt/install/local_setup.zsh'
[13.999s] INFO:colcon.colcon_core.shell:Creating prefix chain script '/mnt/c/Users/luisf/github/RoboticsSoftwareEngineerUdacity/GoChaseIt/install/setup.zsh'
