[4.632s] DEBUG:colcon:Command line arguments: ['/usr/bin/colcon', 'build']
[4.633s] DEBUG:colcon:Parsed command line arguments: Namespace(ament_cmake_args=None, base_paths=['.'], build_base='build', catkin_cmake_args=None, catkin_skip_building_tests=False, cmake_args=None, cmake_clean_cache=False, cmake_clean_first=False, cmake_force_configure=False, cmake_target=None, cmake_target_skip_unavailable=False, continue_on_error=False, event_handlers=None, executor='parallel', ignore_user_meta=False, install_base='install', log_base=None, log_level=None, main=<bound method BuildVerb.main of <colcon_core.verb.build.BuildVerb object at 0x7fcb4e872160>>, merge_install=False, metas=['./colcon.meta'], packages_above=None, packages_above_and_dependencies=None, packages_above_depth=None, packages_end=None, packages_ignore=None, packages_ignore_regex=None, packages_select=None, packages_select_build_failed=False, packages_select_by_dep=None, packages_select_regex=None, packages_select_test_failures=False, packages_skip=None, packages_skip_build_finished=False, packages_skip_by_dep=None, packages_skip_regex=None, packages_skip_test_passed=False, packages_skip_up_to=None, packages_start=None, packages_up_to=None, packages_up_to_regex=None, parallel_workers=8, paths=None, symlink_install=False, test_result_base=None, verb_extension=<colcon_core.verb.build.BuildVerb object at 0x7fcb4e872160>, verb_name='build', verb_parser=<colcon_defaults.argument_parser.defaults.DefaultArgumentsDecorator object at 0x7fcb4e872610>)
[4.805s] Level 1:colcon.colcon_core.package_discovery:discover_packages(colcon_meta) check parameters
[4.806s] Level 1:colcon.colcon_core.package_discovery:discover_packages(recursive) check parameters
[4.807s] Level 1:colcon.colcon_core.package_discovery:discover_packages(ignore) check parameters
[4.808s] Level 1:colcon.colcon_core.package_discovery:discover_packages(path) check parameters
[4.809s] Level 1:colcon.colcon_core.package_discovery:discover_packages(colcon_meta) discover
[4.810s] Level 1:colcon.colcon_core.package_discovery:discover_packages(recursive) discover
[4.810s] INFO:colcon.colcon_core.package_discovery:Crawling recursively for packages in '/mnt/c/Users/luisf/github/RoboticsSoftwareEngineerUdacity/GoChaseIt'
[4.816s] Level 1:colcon.colcon_core.package_identification:_identify(.) by extensions ['ignore', 'ignore_ament_install']
[4.817s] Level 1:colcon.colcon_core.package_identification:_identify(.) by extension 'ignore'
[4.819s] Level 1:colcon.colcon_core.package_identification:_identify(.) by extension 'ignore_ament_install'
[4.821s] Level 1:colcon.colcon_core.package_identification:_identify(.) by extensions ['colcon_pkg']
[4.822s] Level 1:colcon.colcon_core.package_identification:_identify(.) by extension 'colcon_pkg'
[4.823s] Level 1:colcon.colcon_core.package_identification:_identify(.) by extensions ['colcon_meta']
[4.824s] Level 1:colcon.colcon_core.package_identification:_identify(.) by extension 'colcon_meta'
[4.825s] Level 1:colcon.colcon_core.package_identification:_identify(.) by extensions ['ros']
[4.826s] Level 1:colcon.colcon_core.package_identification:_identify(.) by extension 'ros'
[4.900s] Level 1:colcon.colcon_core.package_identification:_identify(.) by extensions ['cmake', 'python']
[4.901s] Level 1:colcon.colcon_core.package_identification:_identify(.) by extension 'cmake'
[4.902s] Level 1:colcon.colcon_core.package_identification:_identify(.) by extension 'python'
[4.904s] Level 1:colcon.colcon_core.package_identification:_identify(.) by extensions ['python_setup_py']
[4.904s] Level 1:colcon.colcon_core.package_identification:_identify(.) by extension 'python_setup_py'
[4.922s] Level 1:colcon.colcon_core.package_identification:_identify(build) by extensions ['ignore', 'ignore_ament_install']
[4.923s] Level 1:colcon.colcon_core.package_identification:_identify(build) by extension 'ignore'
[4.928s] Level 1:colcon.colcon_core.package_identification:_identify(build) ignored
[4.940s] Level 1:colcon.colcon_core.package_identification:_identify(install) by extensions ['ignore', 'ignore_ament_install']
[4.941s] Level 1:colcon.colcon_core.package_identification:_identify(install) by extension 'ignore'
[4.947s] Level 1:colcon.colcon_core.package_identification:_identify(install) ignored
[4.966s] Level 1:colcon.colcon_core.package_identification:_identify(log) by extensions ['ignore', 'ignore_ament_install']
[4.967s] Level 1:colcon.colcon_core.package_identification:_identify(log) by extension 'ignore'
[4.971s] Level 1:colcon.colcon_core.package_identification:_identify(log) ignored
[4.982s] Level 1:colcon.colcon_core.package_identification:_identify(src) by extensions ['ignore', 'ignore_ament_install']
[4.983s] Level 1:colcon.colcon_core.package_identification:_identify(src) by extension 'ignore'
[4.987s] Level 1:colcon.colcon_core.package_identification:_identify(src) by extension 'ignore_ament_install'
[4.994s] Level 1:colcon.colcon_core.package_identification:_identify(src) by extensions ['colcon_pkg']
[4.995s] Level 1:colcon.colcon_core.package_identification:_identify(src) by extension 'colcon_pkg'
[4.999s] Level 1:colcon.colcon_core.package_identification:_identify(src) by extensions ['colcon_meta']
[4.999s] Level 1:colcon.colcon_core.package_identification:_identify(src) by extension 'colcon_meta'
[5.003s] Level 1:colcon.colcon_core.package_identification:_identify(src) by extensions ['ros']
[5.004s] Level 1:colcon.colcon_core.package_identification:_identify(src) by extension 'ros'
[5.020s] Level 1:colcon.colcon_core.package_identification:_identify(src) by extensions ['cmake', 'python']
[5.021s] Level 1:colcon.colcon_core.package_identification:_identify(src) by extension 'cmake'
[5.024s] Level 1:colcon.colcon_core.package_identification:_identify(src) by extension 'python'
[5.028s] Level 1:colcon.colcon_core.package_identification:_identify(src) by extensions ['python_setup_py']
[5.029s] Level 1:colcon.colcon_core.package_identification:_identify(src) by extension 'python_setup_py'
[5.050s] Level 1:colcon.colcon_core.package_identification:_identify(src/my_robot) by extensions ['ignore', 'ignore_ament_install']
[5.051s] Level 1:colcon.colcon_core.package_identification:_identify(src/my_robot) by extension 'ignore'
[5.057s] Level 1:colcon.colcon_core.package_identification:_identify(src/my_robot) by extension 'ignore_ament_install'
[5.068s] Level 1:colcon.colcon_core.package_identification:_identify(src/my_robot) by extensions ['colcon_pkg']
[5.069s] Level 1:colcon.colcon_core.package_identification:_identify(src/my_robot) by extension 'colcon_pkg'
[5.075s] Level 1:colcon.colcon_core.package_identification:_identify(src/my_robot) by extensions ['colcon_meta']
[5.076s] Level 1:colcon.colcon_core.package_identification:_identify(src/my_robot) by extension 'colcon_meta'
[5.085s] Level 1:colcon.colcon_core.package_identification:_identify(src/my_robot) by extensions ['ros']
[5.085s] Level 1:colcon.colcon_core.package_identification:_identify(src/my_robot) by extension 'ros'
[5.150s] DEBUG:colcon.colcon_core.package_identification:Package 'src/my_robot' with type 'ros.ament_cmake' and name 'my_robot'
[5.168s] Level 1:colcon.colcon_core.package_identification:_identify(src/robot_spawner_pkg) by extensions ['ignore', 'ignore_ament_install']
[5.169s] Level 1:colcon.colcon_core.package_identification:_identify(src/robot_spawner_pkg) by extension 'ignore'
[5.175s] Level 1:colcon.colcon_core.package_identification:_identify(src/robot_spawner_pkg) by extension 'ignore_ament_install'
[5.186s] Level 1:colcon.colcon_core.package_identification:_identify(src/robot_spawner_pkg) by extensions ['colcon_pkg']
[5.187s] Level 1:colcon.colcon_core.package_identification:_identify(src/robot_spawner_pkg) by extension 'colcon_pkg'
[5.193s] Level 1:colcon.colcon_core.package_identification:_identify(src/robot_spawner_pkg) by extensions ['colcon_meta']
[5.194s] Level 1:colcon.colcon_core.package_identification:_identify(src/robot_spawner_pkg) by extension 'colcon_meta'
[5.203s] Level 1:colcon.colcon_core.package_identification:_identify(src/robot_spawner_pkg) by extensions ['ros']
[5.204s] Level 1:colcon.colcon_core.package_identification:_identify(src/robot_spawner_pkg) by extension 'ros'
[5.288s] DEBUG:colcon.colcon_core.package_identification:Package 'src/robot_spawner_pkg' with type 'ros.ament_python' and name 'robot_spawner_pkg'
[5.289s] Level 1:colcon.colcon_core.package_discovery:discover_packages(recursive) using defaults
[5.289s] Level 1:colcon.colcon_core.package_discovery:discover_packages(ignore) discover
[5.290s] Level 1:colcon.colcon_core.package_discovery:discover_packages(ignore) using defaults
[5.291s] Level 1:colcon.colcon_core.package_discovery:discover_packages(path) discover
[5.292s] Level 1:colcon.colcon_core.package_discovery:discover_packages(path) using defaults
[5.774s] Level 5:colcon.colcon_core.verb:set package 'my_robot' build argument 'cmake_args' from command line to 'None'
[5.775s] Level 5:colcon.colcon_core.verb:set package 'my_robot' build argument 'cmake_target' from command line to 'None'
[5.775s] Level 5:colcon.colcon_core.verb:set package 'my_robot' build argument 'cmake_target_skip_unavailable' from command line to 'False'
[5.776s] Level 5:colcon.colcon_core.verb:set package 'my_robot' build argument 'cmake_clean_cache' from command line to 'False'
[5.777s] Level 5:colcon.colcon_core.verb:set package 'my_robot' build argument 'cmake_clean_first' from command line to 'False'
[5.777s] Level 5:colcon.colcon_core.verb:set package 'my_robot' build argument 'cmake_force_configure' from command line to 'False'
[5.778s] Level 5:colcon.colcon_core.verb:set package 'my_robot' build argument 'ament_cmake_args' from command line to 'None'
[5.779s] Level 5:colcon.colcon_core.verb:set package 'my_robot' build argument 'catkin_cmake_args' from command line to 'None'
[5.780s] Level 5:colcon.colcon_core.verb:set package 'my_robot' build argument 'catkin_skip_building_tests' from command line to 'False'
[5.780s] DEBUG:colcon.colcon_core.verb:Building package 'my_robot' with the following arguments: {'ament_cmake_args': None, 'build_base': '/mnt/c/Users/luisf/github/RoboticsSoftwareEngineerUdacity/GoChaseIt/build/my_robot', 'catkin_cmake_args': None, 'catkin_skip_building_tests': False, 'cmake_args': None, 'cmake_clean_cache': False, 'cmake_clean_first': False, 'cmake_force_configure': False, 'cmake_target': None, 'cmake_target_skip_unavailable': False, 'install_base': '/mnt/c/Users/luisf/github/RoboticsSoftwareEngineerUdacity/GoChaseIt/install/my_robot', 'merge_install': False, 'path': '/mnt/c/Users/luisf/github/RoboticsSoftwareEngineerUdacity/GoChaseIt/src/my_robot', 'symlink_install': False, 'test_result_base': None}
[5.791s] Level 5:colcon.colcon_core.verb:set package 'robot_spawner_pkg' build argument 'cmake_args' from command line to 'None'
[5.792s] Level 5:colcon.colcon_core.verb:set package 'robot_spawner_pkg' build argument 'cmake_target' from command line to 'None'
[5.793s] Level 5:colcon.colcon_core.verb:set package 'robot_spawner_pkg' build argument 'cmake_target_skip_unavailable' from command line to 'False'
[5.793s] Level 5:colcon.colcon_core.verb:set package 'robot_spawner_pkg' build argument 'cmake_clean_cache' from command line to 'False'
[5.794s] Level 5:colcon.colcon_core.verb:set package 'robot_spawner_pkg' build argument 'cmake_clean_first' from command line to 'False'
[5.795s] Level 5:colcon.colcon_core.verb:set package 'robot_spawner_pkg' build argument 'cmake_force_configure' from command line to 'False'
[5.796s] Level 5:colcon.colcon_core.verb:set package 'robot_spawner_pkg' build argument 'ament_cmake_args' from command line to 'None'
[5.796s] Level 5:colcon.colcon_core.verb:set package 'robot_spawner_pkg' build argument 'catkin_cmake_args' from command line to 'None'
[5.797s] Level 5:colcon.colcon_core.verb:set package 'robot_spawner_pkg' build argument 'catkin_skip_building_tests' from command line to 'False'
[5.798s] DEBUG:colcon.colcon_core.verb:Building package 'robot_spawner_pkg' with the following arguments: {'ament_cmake_args': None, 'build_base': '/mnt/c/Users/luisf/github/RoboticsSoftwareEngineerUdacity/GoChaseIt/build/robot_spawner_pkg', 'catkin_cmake_args': None, 'catkin_skip_building_tests': False, 'cmake_args': None, 'cmake_clean_cache': False, 'cmake_clean_first': False, 'cmake_force_configure': False, 'cmake_target': None, 'cmake_target_skip_unavailable': False, 'install_base': '/mnt/c/Users/luisf/github/RoboticsSoftwareEngineerUdacity/GoChaseIt/install/robot_spawner_pkg', 'merge_install': False, 'path': '/mnt/c/Users/luisf/github/RoboticsSoftwareEngineerUdacity/GoChaseIt/src/robot_spawner_pkg', 'symlink_install': False, 'test_result_base': None}
[5.799s] INFO:colcon.colcon_core.executor:Executing jobs using 'parallel' executor
[5.810s] DEBUG:colcon.colcon_parallel_executor.executor.parallel:run_until_complete
[5.811s] INFO:colcon.colcon_ros.task.ament_cmake.build:Building ROS package in '/mnt/c/Users/luisf/github/RoboticsSoftwareEngineerUdacity/GoChaseIt/src/my_robot' with build type 'ament_cmake'
[5.812s] INFO:colcon.colcon_cmake.task.cmake.build:Building CMake package in '/mnt/c/Users/luisf/github/RoboticsSoftwareEngineerUdacity/GoChaseIt/src/my_robot'
[5.887s] INFO:colcon.colcon_core.plugin_system:Skipping extension 'colcon_core.shell.bat': Not used on non-Windows systems
[5.889s] INFO:colcon.colcon_core.shell:Skip shell extension 'powershell' for command environment: Not usable outside of PowerShell
[5.890s] DEBUG:colcon.colcon_core.shell:Skip shell extension 'dsv' for command environment
[6.369s] DEBUG:colcon.colcon_core.shell:Ignoring prefix path '/opt/ros/foxy'
[6.400s] INFO:colcon.colcon_ros.task.ament_python.build:Building ROS package in '/mnt/c/Users/luisf/github/RoboticsSoftwareEngineerUdacity/GoChaseIt/src/robot_spawner_pkg' with build type 'ament_python'
[6.402s] Level 1:colcon.colcon_core.shell:create_environment_hook('robot_spawner_pkg', 'ament_prefix_path')
[6.406s] INFO:colcon.colcon_core.shell:Creating environment hook '/mnt/c/Users/luisf/github/RoboticsSoftwareEngineerUdacity/GoChaseIt/install/robot_spawner_pkg/share/robot_spawner_pkg/hook/ament_prefix_path.ps1'
[6.465s] INFO:colcon.colcon_core.shell:Creating environment descriptor '/mnt/c/Users/luisf/github/RoboticsSoftwareEngineerUdacity/GoChaseIt/install/robot_spawner_pkg/share/robot_spawner_pkg/hook/ament_prefix_path.dsv'
[6.523s] INFO:colcon.colcon_core.shell:Creating environment hook '/mnt/c/Users/luisf/github/RoboticsSoftwareEngineerUdacity/GoChaseIt/install/robot_spawner_pkg/share/robot_spawner_pkg/hook/ament_prefix_path.sh'
[6.583s] INFO:colcon.colcon_core.shell:Skip shell extension 'powershell' for command environment: Not usable outside of PowerShell
[6.584s] DEBUG:colcon.colcon_core.shell:Skip shell extension 'dsv' for command environment
[7.374s] DEBUG:colcon.colcon_core.shell:Ignoring prefix path '/opt/ros/foxy'
[7.655s] DEBUG:colcon.colcon_core.event_handler.log_command:Invoking command in '/mnt/c/Users/luisf/github/RoboticsSoftwareEngineerUdacity/GoChaseIt/build/my_robot': CMAKE_PREFIX_PATH=${CMAKE_PREFIX_PATH}:/home/luis/turtlebot3_ws/install/turtlebot3_teleop:/home/luis/turtlebot3_ws/install/turtlebot3_example:/mnt/c/Users/luisf/github/RoboticsSoftwareEngineerUdacity/GoChaseIt/install/robot_spawner_pkg:/mnt/c/Users/luisf/github/Udemy-Ros2/install/my_py_pkg:/home/luis/ros2_foxy/install/ros2bag:/home/luis/ros2_foxy/install/tracetools_launch:/home/luis/ros2_foxy/install/topic_monitor:/home/luis/ros2_foxy/install/examples_tf2_py:/home/luis/ros2_foxy/install/sros2:/home/luis/ros2_foxy/install/rqt_topic:/home/luis/ros2_foxy/install/rqt_top:/home/luis/ros2_foxy/install/rqt_srv:/home/luis/ros2_foxy/install/rqt_shell:/home/luis/ros2_foxy/install/rqt_service_caller:/home/luis/ros2_foxy/install/rqt_reconfigure:/home/luis/ros2_foxy/install/rqt_py_console:/home/luis/ros2_foxy/install/rqt_publisher:/home/luis/ros2_foxy/install/rqt_plot:/home/luis/ros2_foxy/install/rqt_action:/home/luis/ros2_foxy/install/rqt_msg:/home/luis/ros2_foxy/install/rqt:/home/luis/ros2_foxy/install/rqt_graph:/home/luis/ros2_foxy/install/rqt_gui_py:/home/luis/ros2_foxy/install/rqt_gui:/home/luis/ros2_foxy/install/ros2trace:/home/luis/ros2_foxy/install/ros2topic:/home/luis/ros2_foxy/install/ros2test:/home/luis/ros2_foxy/install/ros2component:/home/luis/ros2_foxy/install/ros2param:/home/luis/ros2_foxy/install/ros2lifecycle:/home/luis/ros2_foxy/install/ros2service:/home/luis/ros2_foxy/install/ros2run:/home/luis/ros2_foxy/install/ros2launch:/home/luis/ros2_foxy/install/ros2pkg:/home/luis/ros2_foxy/install/ros2node:/home/luis/ros2_foxy/install/ros2multicast:/home/luis/ros2_foxy/install/ros2interface:/home/luis/ros2_foxy/install/ros2doctor:/home/luis/ros2_foxy/install/ros2action:/home/luis/ros2_foxy/install/ros2cli:/home/luis/ros2_foxy/install/quality_of_service_demo_py:/home/luis/ros2_foxy/install/launch_testing_ros:/home/luis/ros2_foxy/install/launch_ros:/home/luis/ros2_foxy/install/examples_rclpy_minimal_subscriber:/home/luis/ros2_foxy/install/examples_rclpy_minimal_service:/home/luis/ros2_foxy/install/examples_rclpy_minimal_publisher:/home/luis/ros2_foxy/install/examples_rclpy_minimal_client:/home/luis/ros2_foxy/install/examples_rclpy_minimal_action_server:/home/luis/ros2_foxy/install/examples_rclpy_minimal_action_client:/home/luis/ros2_foxy/install/examples_rclpy_executors:/home/luis/ros2_foxy/install/demo_nodes_py:/home/luis/ros2_foxy/install/action_tutorials_py:/home/luis/ros2_foxy/install/ament_uncrustify:/home/luis/ros2_foxy/install/tracetools_trace:/home/luis/ros2_foxy/install/tracetools_read:/home/luis/ros2_foxy/install/test_launch_ros:/home/luis/ros2_foxy/install/sensor_msgs_py:/home/luis/ros2_foxy/install/rpyutils:/home/luis/ros2_foxy/install/rosidl_runtime_py:/home/luis/ros2_foxy/install/launch_yaml:/home/luis/ros2_foxy/install/launch_xml:/home/luis/ros2_foxy/install/launch_testing:/home/luis/ros2_foxy/install/launch:/home/luis/ros2_foxy/install/osrf_pycommon:/home/luis/ros2_foxy/install/domain_coordinator:/home/luis/ros2_foxy/install/ament_xmllint:/home/luis/ros2_foxy/install/ament_pyflakes:/home/luis/ros2_foxy/install/ament_pycodestyle:/home/luis/ros2_foxy/install/ament_pep257:/home/luis/ros2_foxy/install/ament_pclint:/home/luis/ros2_foxy/install/ament_package:/home/luis/ros2_foxy/install/ament_mypy:/home/luis/ros2_foxy/install/ament_lint_cmake:/home/luis/ros2_foxy/install/ament_flake8:/home/luis/ros2_foxy/install/ament_copyright:/home/luis/ros2_foxy/install/ament_lint:/home/luis/ros2_foxy/install/ament_index_python:/home/luis/ros2_foxy/install/ament_cpplint:/home/luis/ros2_foxy/install/ament_cppcheck:/home/luis/ros2_foxy/install/ament_clang_tidy:/home/luis/ros2_foxy/install/ament_clang_format:/opt/ros/foxy /usr/bin/cmake --build /mnt/c/Users/luisf/github/RoboticsSoftwareEngineerUdacity/GoChaseIt/build/my_robot -- -j8 -l8
[28.191s] INFO:colcon.colcon_core.task.python.build:Building Python package in '/mnt/c/Users/luisf/github/RoboticsSoftwareEngineerUdacity/GoChaseIt/src/robot_spawner_pkg'
[28.195s] INFO:colcon.colcon_core.shell:Skip shell extension 'powershell' for command environment: Not usable outside of PowerShell
[28.196s] DEBUG:colcon.colcon_core.shell:Skip shell extension 'dsv' for command environment
[29.049s] DEBUG:colcon.colcon_core.shell:Ignoring prefix path '/opt/ros/foxy'
[29.124s] DEBUG:colcon.colcon_core.event_handler.log_command:Invoked command in '/mnt/c/Users/luisf/github/RoboticsSoftwareEngineerUdacity/GoChaseIt/build/my_robot' returned '0': CMAKE_PREFIX_PATH=${CMAKE_PREFIX_PATH}:/home/luis/turtlebot3_ws/install/turtlebot3_teleop:/home/luis/turtlebot3_ws/install/turtlebot3_example:/mnt/c/Users/luisf/github/RoboticsSoftwareEngineerUdacity/GoChaseIt/install/robot_spawner_pkg:/mnt/c/Users/luisf/github/Udemy-Ros2/install/my_py_pkg:/home/luis/ros2_foxy/install/ros2bag:/home/luis/ros2_foxy/install/tracetools_launch:/home/luis/ros2_foxy/install/topic_monitor:/home/luis/ros2_foxy/install/examples_tf2_py:/home/luis/ros2_foxy/install/sros2:/home/luis/ros2_foxy/install/rqt_topic:/home/luis/ros2_foxy/install/rqt_top:/home/luis/ros2_foxy/install/rqt_srv:/home/luis/ros2_foxy/install/rqt_shell:/home/luis/ros2_foxy/install/rqt_service_caller:/home/luis/ros2_foxy/install/rqt_reconfigure:/home/luis/ros2_foxy/install/rqt_py_console:/home/luis/ros2_foxy/install/rqt_publisher:/home/luis/ros2_foxy/install/rqt_plot:/home/luis/ros2_foxy/install/rqt_action:/home/luis/ros2_foxy/install/rqt_msg:/home/luis/ros2_foxy/install/rqt:/home/luis/ros2_foxy/install/rqt_graph:/home/luis/ros2_foxy/install/rqt_gui_py:/home/luis/ros2_foxy/install/rqt_gui:/home/luis/ros2_foxy/install/ros2trace:/home/luis/ros2_foxy/install/ros2topic:/home/luis/ros2_foxy/install/ros2test:/home/luis/ros2_foxy/install/ros2component:/home/luis/ros2_foxy/install/ros2param:/home/luis/ros2_foxy/install/ros2lifecycle:/home/luis/ros2_foxy/install/ros2service:/home/luis/ros2_foxy/install/ros2run:/home/luis/ros2_foxy/install/ros2launch:/home/luis/ros2_foxy/install/ros2pkg:/home/luis/ros2_foxy/install/ros2node:/home/luis/ros2_foxy/install/ros2multicast:/home/luis/ros2_foxy/install/ros2interface:/home/luis/ros2_foxy/install/ros2doctor:/home/luis/ros2_foxy/install/ros2action:/home/luis/ros2_foxy/install/ros2cli:/home/luis/ros2_foxy/install/quality_of_service_demo_py:/home/luis/ros2_foxy/install/launch_testing_ros:/home/luis/ros2_foxy/install/launch_ros:/home/luis/ros2_foxy/install/examples_rclpy_minimal_subscriber:/home/luis/ros2_foxy/install/examples_rclpy_minimal_service:/home/luis/ros2_foxy/install/examples_rclpy_minimal_publisher:/home/luis/ros2_foxy/install/examples_rclpy_minimal_client:/home/luis/ros2_foxy/install/examples_rclpy_minimal_action_server:/home/luis/ros2_foxy/install/examples_rclpy_minimal_action_client:/home/luis/ros2_foxy/install/examples_rclpy_executors:/home/luis/ros2_foxy/install/demo_nodes_py:/home/luis/ros2_foxy/install/action_tutorials_py:/home/luis/ros2_foxy/install/ament_uncrustify:/home/luis/ros2_foxy/install/tracetools_trace:/home/luis/ros2_foxy/install/tracetools_read:/home/luis/ros2_foxy/install/test_launch_ros:/home/luis/ros2_foxy/install/sensor_msgs_py:/home/luis/ros2_foxy/install/rpyutils:/home/luis/ros2_foxy/install/rosidl_runtime_py:/home/luis/ros2_foxy/install/launch_yaml:/home/luis/ros2_foxy/install/launch_xml:/home/luis/ros2_foxy/install/launch_testing:/home/luis/ros2_foxy/install/launch:/home/luis/ros2_foxy/install/osrf_pycommon:/home/luis/ros2_foxy/install/domain_coordinator:/home/luis/ros2_foxy/install/ament_xmllint:/home/luis/ros2_foxy/install/ament_pyflakes:/home/luis/ros2_foxy/install/ament_pycodestyle:/home/luis/ros2_foxy/install/ament_pep257:/home/luis/ros2_foxy/install/ament_pclint:/home/luis/ros2_foxy/install/ament_package:/home/luis/ros2_foxy/install/ament_mypy:/home/luis/ros2_foxy/install/ament_lint_cmake:/home/luis/ros2_foxy/install/ament_flake8:/home/luis/ros2_foxy/install/ament_copyright:/home/luis/ros2_foxy/install/ament_lint:/home/luis/ros2_foxy/install/ament_index_python:/home/luis/ros2_foxy/install/ament_cpplint:/home/luis/ros2_foxy/install/ament_cppcheck:/home/luis/ros2_foxy/install/ament_clang_tidy:/home/luis/ros2_foxy/install/ament_clang_format:/opt/ros/foxy /usr/bin/cmake --build /mnt/c/Users/luisf/github/RoboticsSoftwareEngineerUdacity/GoChaseIt/build/my_robot -- -j8 -l8
[29.423s] DEBUG:colcon.colcon_core.event_handler.log_command:Invoking command in '/mnt/c/Users/luisf/github/RoboticsSoftwareEngineerUdacity/GoChaseIt/build/robot_spawner_pkg': PYTHONPATH=/mnt/c/Users/luisf/github/RoboticsSoftwareEngineerUdacity/GoChaseIt/install/robot_spawner_pkg/lib/python3.8/site-packages:${PYTHONPATH} /usr/bin/python3 setup.py develop --prefix /mnt/c/Users/luisf/github/RoboticsSoftwareEngineerUdacity/GoChaseIt/install/robot_spawner_pkg --uninstall --editable --build-directory /mnt/c/Users/luisf/github/RoboticsSoftwareEngineerUdacity/GoChaseIt/build/robot_spawner_pkg/build
[32.222s] DEBUG:colcon.colcon_core.event_handler.log_command:Invoking command in '/mnt/c/Users/luisf/github/RoboticsSoftwareEngineerUdacity/GoChaseIt/build/my_robot': CMAKE_PREFIX_PATH=${CMAKE_PREFIX_PATH}:/home/luis/turtlebot3_ws/install/turtlebot3_teleop:/home/luis/turtlebot3_ws/install/turtlebot3_example:/mnt/c/Users/luisf/github/RoboticsSoftwareEngineerUdacity/GoChaseIt/install/robot_spawner_pkg:/mnt/c/Users/luisf/github/Udemy-Ros2/install/my_py_pkg:/home/luis/ros2_foxy/install/ros2bag:/home/luis/ros2_foxy/install/tracetools_launch:/home/luis/ros2_foxy/install/topic_monitor:/home/luis/ros2_foxy/install/examples_tf2_py:/home/luis/ros2_foxy/install/sros2:/home/luis/ros2_foxy/install/rqt_topic:/home/luis/ros2_foxy/install/rqt_top:/home/luis/ros2_foxy/install/rqt_srv:/home/luis/ros2_foxy/install/rqt_shell:/home/luis/ros2_foxy/install/rqt_service_caller:/home/luis/ros2_foxy/install/rqt_reconfigure:/home/luis/ros2_foxy/install/rqt_py_console:/home/luis/ros2_foxy/install/rqt_publisher:/home/luis/ros2_foxy/install/rqt_plot:/home/luis/ros2_foxy/install/rqt_action:/home/luis/ros2_foxy/install/rqt_msg:/home/luis/ros2_foxy/install/rqt:/home/luis/ros2_foxy/install/rqt_graph:/home/luis/ros2_foxy/install/rqt_gui_py:/home/luis/ros2_foxy/install/rqt_gui:/home/luis/ros2_foxy/install/ros2trace:/home/luis/ros2_foxy/install/ros2topic:/home/luis/ros2_foxy/install/ros2test:/home/luis/ros2_foxy/install/ros2component:/home/luis/ros2_foxy/install/ros2param:/home/luis/ros2_foxy/install/ros2lifecycle:/home/luis/ros2_foxy/install/ros2service:/home/luis/ros2_foxy/install/ros2run:/home/luis/ros2_foxy/install/ros2launch:/home/luis/ros2_foxy/install/ros2pkg:/home/luis/ros2_foxy/install/ros2node:/home/luis/ros2_foxy/install/ros2multicast:/home/luis/ros2_foxy/install/ros2interface:/home/luis/ros2_foxy/install/ros2doctor:/home/luis/ros2_foxy/install/ros2action:/home/luis/ros2_foxy/install/ros2cli:/home/luis/ros2_foxy/install/quality_of_service_demo_py:/home/luis/ros2_foxy/install/launch_testing_ros:/home/luis/ros2_foxy/install/launch_ros:/home/luis/ros2_foxy/install/examples_rclpy_minimal_subscriber:/home/luis/ros2_foxy/install/examples_rclpy_minimal_service:/home/luis/ros2_foxy/install/examples_rclpy_minimal_publisher:/home/luis/ros2_foxy/install/examples_rclpy_minimal_client:/home/luis/ros2_foxy/install/examples_rclpy_minimal_action_server:/home/luis/ros2_foxy/install/examples_rclpy_minimal_action_client:/home/luis/ros2_foxy/install/examples_rclpy_executors:/home/luis/ros2_foxy/install/demo_nodes_py:/home/luis/ros2_foxy/install/action_tutorials_py:/home/luis/ros2_foxy/install/ament_uncrustify:/home/luis/ros2_foxy/install/tracetools_trace:/home/luis/ros2_foxy/install/tracetools_read:/home/luis/ros2_foxy/install/test_launch_ros:/home/luis/ros2_foxy/install/sensor_msgs_py:/home/luis/ros2_foxy/install/rpyutils:/home/luis/ros2_foxy/install/rosidl_runtime_py:/home/luis/ros2_foxy/install/launch_yaml:/home/luis/ros2_foxy/install/launch_xml:/home/luis/ros2_foxy/install/launch_testing:/home/luis/ros2_foxy/install/launch:/home/luis/ros2_foxy/install/osrf_pycommon:/home/luis/ros2_foxy/install/domain_coordinator:/home/luis/ros2_foxy/install/ament_xmllint:/home/luis/ros2_foxy/install/ament_pyflakes:/home/luis/ros2_foxy/install/ament_pycodestyle:/home/luis/ros2_foxy/install/ament_pep257:/home/luis/ros2_foxy/install/ament_pclint:/home/luis/ros2_foxy/install/ament_package:/home/luis/ros2_foxy/install/ament_mypy:/home/luis/ros2_foxy/install/ament_lint_cmake:/home/luis/ros2_foxy/install/ament_flake8:/home/luis/ros2_foxy/install/ament_copyright:/home/luis/ros2_foxy/install/ament_lint:/home/luis/ros2_foxy/install/ament_index_python:/home/luis/ros2_foxy/install/ament_cpplint:/home/luis/ros2_foxy/install/ament_cppcheck:/home/luis/ros2_foxy/install/ament_clang_tidy:/home/luis/ros2_foxy/install/ament_clang_format:/opt/ros/foxy /usr/bin/cmake --install /mnt/c/Users/luisf/github/RoboticsSoftwareEngineerUdacity/GoChaseIt/build/my_robot
[37.630s] Level 1:colcon.colcon_core.environment:create_environment_scripts_only(my_robot)
[37.639s] DEBUG:colcon.colcon_core.event_handler.log_command:Invoked command in '/mnt/c/Users/luisf/github/RoboticsSoftwareEngineerUdacity/GoChaseIt/build/my_robot' returned '0': CMAKE_PREFIX_PATH=${CMAKE_PREFIX_PATH}:/home/luis/turtlebot3_ws/install/turtlebot3_teleop:/home/luis/turtlebot3_ws/install/turtlebot3_example:/mnt/c/Users/luisf/github/RoboticsSoftwareEngineerUdacity/GoChaseIt/install/robot_spawner_pkg:/mnt/c/Users/luisf/github/Udemy-Ros2/install/my_py_pkg:/home/luis/ros2_foxy/install/ros2bag:/home/luis/ros2_foxy/install/tracetools_launch:/home/luis/ros2_foxy/install/topic_monitor:/home/luis/ros2_foxy/install/examples_tf2_py:/home/luis/ros2_foxy/install/sros2:/home/luis/ros2_foxy/install/rqt_topic:/home/luis/ros2_foxy/install/rqt_top:/home/luis/ros2_foxy/install/rqt_srv:/home/luis/ros2_foxy/install/rqt_shell:/home/luis/ros2_foxy/install/rqt_service_caller:/home/luis/ros2_foxy/install/rqt_reconfigure:/home/luis/ros2_foxy/install/rqt_py_console:/home/luis/ros2_foxy/install/rqt_publisher:/home/luis/ros2_foxy/install/rqt_plot:/home/luis/ros2_foxy/install/rqt_action:/home/luis/ros2_foxy/install/rqt_msg:/home/luis/ros2_foxy/install/rqt:/home/luis/ros2_foxy/install/rqt_graph:/home/luis/ros2_foxy/install/rqt_gui_py:/home/luis/ros2_foxy/install/rqt_gui:/home/luis/ros2_foxy/install/ros2trace:/home/luis/ros2_foxy/install/ros2topic:/home/luis/ros2_foxy/install/ros2test:/home/luis/ros2_foxy/install/ros2component:/home/luis/ros2_foxy/install/ros2param:/home/luis/ros2_foxy/install/ros2lifecycle:/home/luis/ros2_foxy/install/ros2service:/home/luis/ros2_foxy/install/ros2run:/home/luis/ros2_foxy/install/ros2launch:/home/luis/ros2_foxy/install/ros2pkg:/home/luis/ros2_foxy/install/ros2node:/home/luis/ros2_foxy/install/ros2multicast:/home/luis/ros2_foxy/install/ros2interface:/home/luis/ros2_foxy/install/ros2doctor:/home/luis/ros2_foxy/install/ros2action:/home/luis/ros2_foxy/install/ros2cli:/home/luis/ros2_foxy/install/quality_of_service_demo_py:/home/luis/ros2_foxy/install/launch_testing_ros:/home/luis/ros2_foxy/install/launch_ros:/home/luis/ros2_foxy/install/examples_rclpy_minimal_subscriber:/home/luis/ros2_foxy/install/examples_rclpy_minimal_service:/home/luis/ros2_foxy/install/examples_rclpy_minimal_publisher:/home/luis/ros2_foxy/install/examples_rclpy_minimal_client:/home/luis/ros2_foxy/install/examples_rclpy_minimal_action_server:/home/luis/ros2_foxy/install/examples_rclpy_minimal_action_client:/home/luis/ros2_foxy/install/examples_rclpy_executors:/home/luis/ros2_foxy/install/demo_nodes_py:/home/luis/ros2_foxy/install/action_tutorials_py:/home/luis/ros2_foxy/install/ament_uncrustify:/home/luis/ros2_foxy/install/tracetools_trace:/home/luis/ros2_foxy/install/tracetools_read:/home/luis/ros2_foxy/install/test_launch_ros:/home/luis/ros2_foxy/install/sensor_msgs_py:/home/luis/ros2_foxy/install/rpyutils:/home/luis/ros2_foxy/install/rosidl_runtime_py:/home/luis/ros2_foxy/install/launch_yaml:/home/luis/ros2_foxy/install/launch_xml:/home/luis/ros2_foxy/install/launch_testing:/home/luis/ros2_foxy/install/launch:/home/luis/ros2_foxy/install/osrf_pycommon:/home/luis/ros2_foxy/install/domain_coordinator:/home/luis/ros2_foxy/install/ament_xmllint:/home/luis/ros2_foxy/install/ament_pyflakes:/home/luis/ros2_foxy/install/ament_pycodestyle:/home/luis/ros2_foxy/install/ament_pep257:/home/luis/ros2_foxy/install/ament_pclint:/home/luis/ros2_foxy/install/ament_package:/home/luis/ros2_foxy/install/ament_mypy:/home/luis/ros2_foxy/install/ament_lint_cmake:/home/luis/ros2_foxy/install/ament_flake8:/home/luis/ros2_foxy/install/ament_copyright:/home/luis/ros2_foxy/install/ament_lint:/home/luis/ros2_foxy/install/ament_index_python:/home/luis/ros2_foxy/install/ament_cpplint:/home/luis/ros2_foxy/install/ament_cppcheck:/home/luis/ros2_foxy/install/ament_clang_tidy:/home/luis/ros2_foxy/install/ament_clang_format:/opt/ros/foxy /usr/bin/cmake --install /mnt/c/Users/luisf/github/RoboticsSoftwareEngineerUdacity/GoChaseIt/build/my_robot
[37.775s] Level 1:colcon.colcon_core.environment:checking '/mnt/c/Users/luisf/github/RoboticsSoftwareEngineerUdacity/GoChaseIt/install/my_robot' for CMake module files
[38.476s] Level 1:colcon.colcon_core.environment:checking '/mnt/c/Users/luisf/github/RoboticsSoftwareEngineerUdacity/GoChaseIt/install/my_robot' for CMake config files
[39.083s] Level 1:colcon.colcon_core.shell:create_environment_hook('my_robot', 'cmake_prefix_path')
[39.088s] INFO:colcon.colcon_core.shell:Creating environment hook '/mnt/c/Users/luisf/github/RoboticsSoftwareEngineerUdacity/GoChaseIt/install/my_robot/share/my_robot/hook/cmake_prefix_path.ps1'
[39.171s] INFO:colcon.colcon_core.shell:Creating environment descriptor '/mnt/c/Users/luisf/github/RoboticsSoftwareEngineerUdacity/GoChaseIt/install/my_robot/share/my_robot/hook/cmake_prefix_path.dsv'
[39.255s] INFO:colcon.colcon_core.shell:Creating environment hook '/mnt/c/Users/luisf/github/RoboticsSoftwareEngineerUdacity/GoChaseIt/install/my_robot/share/my_robot/hook/cmake_prefix_path.sh'
[39.362s] Level 1:colcon.colcon_core.environment:checking '/mnt/c/Users/luisf/github/RoboticsSoftwareEngineerUdacity/GoChaseIt/install/my_robot/bin'
[39.369s] Level 1:colcon.colcon_core.environment:checking '/mnt/c/Users/luisf/github/RoboticsSoftwareEngineerUdacity/GoChaseIt/install/my_robot/lib/pkgconfig/my_robot.pc'
[39.375s] Level 1:colcon.colcon_core.environment:checking '/mnt/c/Users/luisf/github/RoboticsSoftwareEngineerUdacity/GoChaseIt/install/my_robot/lib/python3.8/site-packages'
[39.384s] INFO:colcon.colcon_core.shell:Creating package script '/mnt/c/Users/luisf/github/RoboticsSoftwareEngineerUdacity/GoChaseIt/install/my_robot/share/my_robot/package.ps1'
[39.454s] INFO:colcon.colcon_core.shell:Creating package descriptor '/mnt/c/Users/luisf/github/RoboticsSoftwareEngineerUdacity/GoChaseIt/install/my_robot/share/my_robot/package.dsv'
[39.537s] INFO:colcon.colcon_core.shell:Creating package script '/mnt/c/Users/luisf/github/RoboticsSoftwareEngineerUdacity/GoChaseIt/install/my_robot/share/my_robot/package.sh'
[39.615s] INFO:colcon.colcon_core.shell:Creating package script '/mnt/c/Users/luisf/github/RoboticsSoftwareEngineerUdacity/GoChaseIt/install/my_robot/share/my_robot/package.bash'
[39.695s] INFO:colcon.colcon_core.shell:Creating package script '/mnt/c/Users/luisf/github/RoboticsSoftwareEngineerUdacity/GoChaseIt/install/my_robot/share/my_robot/package.zsh'
[39.778s] Level 1:colcon.colcon_core.environment:create_file_with_runtime_dependencies(/mnt/c/Users/luisf/github/RoboticsSoftwareEngineerUdacity/GoChaseIt/install/my_robot/share/colcon-core/packages/my_robot)
[41.977s] Level 1:colcon.colcon_core.environment:create_environment_scripts_only(my_robot)
[41.986s] Level 1:colcon.colcon_core.environment:checking '/mnt/c/Users/luisf/github/RoboticsSoftwareEngineerUdacity/GoChaseIt/install/my_robot' for CMake module files
[42.639s] Level 1:colcon.colcon_core.environment:checking '/mnt/c/Users/luisf/github/RoboticsSoftwareEngineerUdacity/GoChaseIt/install/my_robot' for CMake config files
[43.233s] Level 1:colcon.colcon_core.shell:create_environment_hook('my_robot', 'cmake_prefix_path')
[43.238s] INFO:colcon.colcon_core.shell:Creating environment hook '/mnt/c/Users/luisf/github/RoboticsSoftwareEngineerUdacity/GoChaseIt/install/my_robot/share/my_robot/hook/cmake_prefix_path.ps1'
[43.332s] INFO:colcon.colcon_core.shell:Creating environment descriptor '/mnt/c/Users/luisf/github/RoboticsSoftwareEngineerUdacity/GoChaseIt/install/my_robot/share/my_robot/hook/cmake_prefix_path.dsv'
[43.433s] INFO:colcon.colcon_core.shell:Creating environment hook '/mnt/c/Users/luisf/github/RoboticsSoftwareEngineerUdacity/GoChaseIt/install/my_robot/share/my_robot/hook/cmake_prefix_path.sh'
[43.551s] Level 1:colcon.colcon_core.environment:checking '/mnt/c/Users/luisf/github/RoboticsSoftwareEngineerUdacity/GoChaseIt/install/my_robot/bin'
[43.560s] Level 1:colcon.colcon_core.environment:checking '/mnt/c/Users/luisf/github/RoboticsSoftwareEngineerUdacity/GoChaseIt/install/my_robot/lib/pkgconfig/my_robot.pc'
[43.568s] Level 1:colcon.colcon_core.environment:checking '/mnt/c/Users/luisf/github/RoboticsSoftwareEngineerUdacity/GoChaseIt/install/my_robot/lib/python3.8/site-packages'
[43.580s] INFO:colcon.colcon_core.shell:Creating package script '/mnt/c/Users/luisf/github/RoboticsSoftwareEngineerUdacity/GoChaseIt/install/my_robot/share/my_robot/package.ps1'
[43.664s] INFO:colcon.colcon_core.shell:Creating package descriptor '/mnt/c/Users/luisf/github/RoboticsSoftwareEngineerUdacity/GoChaseIt/install/my_robot/share/my_robot/package.dsv'
[43.744s] INFO:colcon.colcon_core.shell:Creating package script '/mnt/c/Users/luisf/github/RoboticsSoftwareEngineerUdacity/GoChaseIt/install/my_robot/share/my_robot/package.sh'
[43.823s] INFO:colcon.colcon_core.shell:Creating package script '/mnt/c/Users/luisf/github/RoboticsSoftwareEngineerUdacity/GoChaseIt/install/my_robot/share/my_robot/package.bash'
[43.901s] INFO:colcon.colcon_core.shell:Creating package script '/mnt/c/Users/luisf/github/RoboticsSoftwareEngineerUdacity/GoChaseIt/install/my_robot/share/my_robot/package.zsh'
[43.979s] Level 1:colcon.colcon_core.environment:create_file_with_runtime_dependencies(/mnt/c/Users/luisf/github/RoboticsSoftwareEngineerUdacity/GoChaseIt/install/my_robot/share/colcon-core/packages/my_robot)
[54.410s] DEBUG:colcon.colcon_core.event_handler.log_command:Invoked command in '/mnt/c/Users/luisf/github/RoboticsSoftwareEngineerUdacity/GoChaseIt/build/robot_spawner_pkg' returned '0': PYTHONPATH=/mnt/c/Users/luisf/github/RoboticsSoftwareEngineerUdacity/GoChaseIt/install/robot_spawner_pkg/lib/python3.8/site-packages:${PYTHONPATH} /usr/bin/python3 setup.py develop --prefix /mnt/c/Users/luisf/github/RoboticsSoftwareEngineerUdacity/GoChaseIt/install/robot_spawner_pkg --uninstall --editable --build-directory /mnt/c/Users/luisf/github/RoboticsSoftwareEngineerUdacity/GoChaseIt/build/robot_spawner_pkg/build
[54.416s] DEBUG:colcon.colcon_core.event_handler.log_command:Invoking command in '/mnt/c/Users/luisf/github/RoboticsSoftwareEngineerUdacity/GoChaseIt/src/robot_spawner_pkg': PYTHONPATH=/mnt/c/Users/luisf/github/RoboticsSoftwareEngineerUdacity/GoChaseIt/install/robot_spawner_pkg/lib/python3.8/site-packages:${PYTHONPATH} /usr/bin/python3 setup.py egg_info --egg-base ../../build/robot_spawner_pkg build --build-base /mnt/c/Users/luisf/github/RoboticsSoftwareEngineerUdacity/GoChaseIt/build/robot_spawner_pkg/build install --prefix /mnt/c/Users/luisf/github/RoboticsSoftwareEngineerUdacity/GoChaseIt/install/robot_spawner_pkg --record /mnt/c/Users/luisf/github/RoboticsSoftwareEngineerUdacity/GoChaseIt/build/robot_spawner_pkg/install.log --single-version-externally-managed
[80.207s] Level 1:colcon.colcon_core.environment:checking '/mnt/c/Users/luisf/github/RoboticsSoftwareEngineerUdacity/GoChaseIt/install/robot_spawner_pkg' for CMake module files
[80.210s] DEBUG:colcon.colcon_core.event_handler.log_command:Invoked command in '/mnt/c/Users/luisf/github/RoboticsSoftwareEngineerUdacity/GoChaseIt/src/robot_spawner_pkg' returned '0': PYTHONPATH=/mnt/c/Users/luisf/github/RoboticsSoftwareEngineerUdacity/GoChaseIt/install/robot_spawner_pkg/lib/python3.8/site-packages:${PYTHONPATH} /usr/bin/python3 setup.py egg_info --egg-base ../../build/robot_spawner_pkg build --build-base /mnt/c/Users/luisf/github/RoboticsSoftwareEngineerUdacity/GoChaseIt/build/robot_spawner_pkg/build install --prefix /mnt/c/Users/luisf/github/RoboticsSoftwareEngineerUdacity/GoChaseIt/install/robot_spawner_pkg --record /mnt/c/Users/luisf/github/RoboticsSoftwareEngineerUdacity/GoChaseIt/build/robot_spawner_pkg/install.log --single-version-externally-managed
[80.415s] Level 1:colcon.colcon_core.environment:checking '/mnt/c/Users/luisf/github/RoboticsSoftwareEngineerUdacity/GoChaseIt/install/robot_spawner_pkg' for CMake config files
[81.013s] Level 1:colcon.colcon_core.environment:checking '/mnt/c/Users/luisf/github/RoboticsSoftwareEngineerUdacity/GoChaseIt/install/robot_spawner_pkg/lib'
[81.044s] Level 1:colcon.colcon_core.environment:checking '/mnt/c/Users/luisf/github/RoboticsSoftwareEngineerUdacity/GoChaseIt/install/robot_spawner_pkg/bin'
[81.053s] Level 1:colcon.colcon_core.environment:checking '/mnt/c/Users/luisf/github/RoboticsSoftwareEngineerUdacity/GoChaseIt/install/robot_spawner_pkg/lib/pkgconfig/robot_spawner_pkg.pc'
[81.065s] Level 1:colcon.colcon_core.environment:checking '/mnt/c/Users/luisf/github/RoboticsSoftwareEngineerUdacity/GoChaseIt/install/robot_spawner_pkg/lib/python3.8/site-packages'
[81.084s] Level 1:colcon.colcon_core.shell:create_environment_hook('robot_spawner_pkg', 'pythonpath')
[81.089s] INFO:colcon.colcon_core.shell:Creating environment hook '/mnt/c/Users/luisf/github/RoboticsSoftwareEngineerUdacity/GoChaseIt/install/robot_spawner_pkg/share/robot_spawner_pkg/hook/pythonpath.ps1'
[81.192s] INFO:colcon.colcon_core.shell:Creating environment descriptor '/mnt/c/Users/luisf/github/RoboticsSoftwareEngineerUdacity/GoChaseIt/install/robot_spawner_pkg/share/robot_spawner_pkg/hook/pythonpath.dsv'
[81.291s] INFO:colcon.colcon_core.shell:Creating environment hook '/mnt/c/Users/luisf/github/RoboticsSoftwareEngineerUdacity/GoChaseIt/install/robot_spawner_pkg/share/robot_spawner_pkg/hook/pythonpath.sh'
[81.391s] Level 1:colcon.colcon_core.environment:create_environment_scripts_only(robot_spawner_pkg)
[81.397s] INFO:colcon.colcon_core.shell:Creating package script '/mnt/c/Users/luisf/github/RoboticsSoftwareEngineerUdacity/GoChaseIt/install/robot_spawner_pkg/share/robot_spawner_pkg/package.ps1'
[81.473s] INFO:colcon.colcon_core.shell:Creating package descriptor '/mnt/c/Users/luisf/github/RoboticsSoftwareEngineerUdacity/GoChaseIt/install/robot_spawner_pkg/share/robot_spawner_pkg/package.dsv'
[81.546s] INFO:colcon.colcon_core.shell:Creating package script '/mnt/c/Users/luisf/github/RoboticsSoftwareEngineerUdacity/GoChaseIt/install/robot_spawner_pkg/share/robot_spawner_pkg/package.sh'
[81.615s] INFO:colcon.colcon_core.shell:Creating package script '/mnt/c/Users/luisf/github/RoboticsSoftwareEngineerUdacity/GoChaseIt/install/robot_spawner_pkg/share/robot_spawner_pkg/package.bash'
[81.691s] INFO:colcon.colcon_core.shell:Creating package script '/mnt/c/Users/luisf/github/RoboticsSoftwareEngineerUdacity/GoChaseIt/install/robot_spawner_pkg/share/robot_spawner_pkg/package.zsh'
[81.765s] Level 1:colcon.colcon_core.environment:create_file_with_runtime_dependencies(/mnt/c/Users/luisf/github/RoboticsSoftwareEngineerUdacity/GoChaseIt/install/robot_spawner_pkg/share/colcon-core/packages/robot_spawner_pkg)
[81.817s] DEBUG:colcon.colcon_parallel_executor.executor.parallel:closing loop
[81.819s] DEBUG:colcon.colcon_parallel_executor.executor.parallel:loop closed
[81.821s] DEBUG:colcon.colcon_parallel_executor.executor.parallel:run_until_complete finished with '0'
[81.823s] DEBUG:colcon.colcon_core.event_reactor:joining thread
[82.231s] INFO:colcon.colcon_core.plugin_system:Skipping extension 'colcon_notification.desktop_notification.notify_send': Could not find 'notify-send'
[82.233s] INFO:colcon.colcon_core.plugin_system:Skipping extension 'colcon_notification.desktop_notification.terminal_notifier': Not used on non-Darwin systems
[82.235s] INFO:colcon.colcon_core.plugin_system:Skipping extension 'colcon_notification.desktop_notification.win32': Not used on non-Windows systems
[82.236s] INFO:colcon.colcon_notification.desktop_notification:Sending desktop notification using 'notify2'
[82.626s] DEBUG:colcon.colcon_notification.desktop_notification.notify2:Failed to initialize notify2: org.freedesktop.DBus.Error.ServiceUnknown: The name org.freedesktop.Notifications was not provided by any .service files
[82.629s] DEBUG:colcon.colcon_core.event_reactor:joined thread
[82.637s] INFO:colcon.colcon_core.shell:Creating prefix script '/mnt/c/Users/luisf/github/RoboticsSoftwareEngineerUdacity/GoChaseIt/install/local_setup.ps1'
[82.673s] INFO:colcon.colcon_core.shell:Creating prefix util module '/mnt/c/Users/luisf/github/RoboticsSoftwareEngineerUdacity/GoChaseIt/install/_local_setup_util_ps1.py'
[82.706s] INFO:colcon.colcon_core.shell:Creating prefix chain script '/mnt/c/Users/luisf/github/RoboticsSoftwareEngineerUdacity/GoChaseIt/install/setup.ps1'
[83.070s] INFO:colcon.colcon_core.shell:Creating prefix script '/mnt/c/Users/luisf/github/RoboticsSoftwareEngineerUdacity/GoChaseIt/install/local_setup.sh'
[83.095s] INFO:colcon.colcon_core.shell:Creating prefix util module '/mnt/c/Users/luisf/github/RoboticsSoftwareEngineerUdacity/GoChaseIt/install/_local_setup_util_sh.py'
[83.119s] INFO:colcon.colcon_core.shell:Creating prefix chain script '/mnt/c/Users/luisf/github/RoboticsSoftwareEngineerUdacity/GoChaseIt/install/setup.sh'
[83.476s] INFO:colcon.colcon_core.shell:Creating prefix script '/mnt/c/Users/luisf/github/RoboticsSoftwareEngineerUdacity/GoChaseIt/install/local_setup.bash'
[83.500s] INFO:colcon.colcon_core.shell:Creating prefix chain script '/mnt/c/Users/luisf/github/RoboticsSoftwareEngineerUdacity/GoChaseIt/install/setup.bash'
[83.869s] INFO:colcon.colcon_core.shell:Creating prefix script '/mnt/c/Users/luisf/github/RoboticsSoftwareEngineerUdacity/GoChaseIt/install/local_setup.zsh'
[83.893s] INFO:colcon.colcon_core.shell:Creating prefix chain script '/mnt/c/Users/luisf/github/RoboticsSoftwareEngineerUdacity/GoChaseIt/install/setup.zsh'
