[13.011s] Invoking command in '/mnt/c/Users/luisf/github/RoboticsSoftwareEngineerUdacity/GoChaseIt/build/robot_spawner_pkg': PYTHONPATH=/mnt/c/Users/luisf/github/RoboticsSoftwareEngineerUdacity/GoChaseIt/install/robot_spawner_pkg/lib/python3.8/site-packages:${PYTHONPATH} /usr/bin/python3 setup.py develop --prefix /mnt/c/Users/luisf/github/RoboticsSoftwareEngineerUdacity/GoChaseIt/install/robot_spawner_pkg --uninstall --editable --build-directory /mnt/c/Users/luisf/github/RoboticsSoftwareEngineerUdacity/GoChaseIt/build/robot_spawner_pkg/build
[22.327s] running develop
[23.631s] Invoked command in '/mnt/c/Users/luisf/github/RoboticsSoftwareEngineerUdacity/GoChaseIt/build/robot_spawner_pkg' returned '0': PYTHONPATH=/mnt/c/Users/luisf/github/RoboticsSoftwareEngineerUdacity/GoChaseIt/install/robot_spawner_pkg/lib/python3.8/site-packages:${PYTHONPATH} /usr/bin/python3 setup.py develop --prefix /mnt/c/Users/luisf/github/RoboticsSoftwareEngineerUdacity/GoChaseIt/install/robot_spawner_pkg --uninstall --editable --build-directory /mnt/c/Users/luisf/github/RoboticsSoftwareEngineerUdacity/GoChaseIt/build/robot_spawner_pkg/build
[23.638s] Invoking command in '/mnt/c/Users/luisf/github/RoboticsSoftwareEngineerUdacity/GoChaseIt/src/robot_spawner_pkg': PYTHONPATH=/mnt/c/Users/luisf/github/RoboticsSoftwareEngineerUdacity/GoChaseIt/install/robot_spawner_pkg/lib/python3.8/site-packages:${PYTHONPATH} /usr/bin/python3 setup.py egg_info --egg-base ../../build/robot_spawner_pkg build --build-base /mnt/c/Users/luisf/github/RoboticsSoftwareEngineerUdacity/GoChaseIt/build/robot_spawner_pkg/build install --prefix /mnt/c/Users/luisf/github/RoboticsSoftwareEngineerUdacity/GoChaseIt/install/robot_spawner_pkg --record /mnt/c/Users/luisf/github/RoboticsSoftwareEngineerUdacity/GoChaseIt/build/robot_spawner_pkg/install.log --single-version-externally-managed
[37.444s] running egg_info
[37.466s] writing ../../build/robot_spawner_pkg/robot_spawner_pkg.egg-info/PKG-INFO
[37.488s] writing dependency_links to ../../build/robot_spawner_pkg/robot_spawner_pkg.egg-info/dependency_links.txt
[37.507s] writing entry points to ../../build/robot_spawner_pkg/robot_spawner_pkg.egg-info/entry_points.txt
[37.523s] writing requirements to ../../build/robot_spawner_pkg/robot_spawner_pkg.egg-info/requires.txt
[37.532s] writing top-level names to ../../build/robot_spawner_pkg/robot_spawner_pkg.egg-info/top_level.txt
[38.001s] reading manifest file '../../build/robot_spawner_pkg/robot_spawner_pkg.egg-info/SOURCES.txt'
[38.234s] writing manifest file '../../build/robot_spawner_pkg/robot_spawner_pkg.egg-info/SOURCES.txt'
[38.244s] running build
[38.246s] running build_py
[38.349s] running install
[38.387s] running install_lib
[38.720s] running install_data
[38.811s] running install_egg_info
[38.868s] removing '/mnt/c/Users/luisf/github/RoboticsSoftwareEngineerUdacity/GoChaseIt/install/robot_spawner_pkg/lib/python3.8/site-packages/robot_spawner_pkg-0.0.0-py3.8.egg-info' (and everything under it)
[39.063s] Copying ../../build/robot_spawner_pkg/robot_spawner_pkg.egg-info to /mnt/c/Users/luisf/github/RoboticsSoftwareEngineerUdacity/GoChaseIt/install/robot_spawner_pkg/lib/python3.8/site-packages/robot_spawner_pkg-0.0.0-py3.8.egg-info
[39.878s] running install_scripts
[40.203s] Installing spawn_robot script to /mnt/c/Users/luisf/github/RoboticsSoftwareEngineerUdacity/GoChaseIt/install/robot_spawner_pkg/lib/robot_spawner_pkg
[40.246s] writing list of installed files to '/mnt/c/Users/luisf/github/RoboticsSoftwareEngineerUdacity/GoChaseIt/build/robot_spawner_pkg/install.log'
[40.299s] Invoked command in '/mnt/c/Users/luisf/github/RoboticsSoftwareEngineerUdacity/GoChaseIt/src/robot_spawner_pkg' returned '0': PYTHONPATH=/mnt/c/Users/luisf/github/RoboticsSoftwareEngineerUdacity/GoChaseIt/install/robot_spawner_pkg/lib/python3.8/site-packages:${PYTHONPATH} /usr/bin/python3 setup.py egg_info --egg-base ../../build/robot_spawner_pkg build --build-base /mnt/c/Users/luisf/github/RoboticsSoftwareEngineerUdacity/GoChaseIt/build/robot_spawner_pkg/build install --prefix /mnt/c/Users/luisf/github/RoboticsSoftwareEngineerUdacity/GoChaseIt/install/robot_spawner_pkg --record /mnt/c/Users/luisf/github/RoboticsSoftwareEngineerUdacity/GoChaseIt/build/robot_spawner_pkg/install.log --single-version-externally-managed
